This file contains any messages produced by compilers while
running configure, to aid debugging if configure makes a mistake.

configure:609: checking whether to enable maintainer-specific portions of Makefiles
configure:634: checking for makeinfo
configure:680: checking for perl
configure:720: checking host system type
configure:743: checking build system type
configure:769: checking for ar
configure:801: checking for ranlib
configure:870: checking for gcc
configure:949: checking whether we are using GNU C
configure:974: checking whether ucfront-gcc arm-linux-elf-gcc  accepts -g
configure:1006: checking whether ucfront-gcc arm-linux-elf-gcc  and cc understand -c and -o together
configure:1021: ucfront-gcc arm-linux-elf-gcc  -c conftest.c -o conftest.o 1>&5
configure:1022: ucfront-gcc arm-linux-elf-gcc  -c conftest.c -o conftest.o 1>&5
configure:1027: cc -c conftest.c 1>&5
configure:1029: cc -c conftest.c -o conftest.o 1>&5
configure:1030: cc -c conftest.c -o conftest.o 1>&5
configure:1066: checking for POSIXized ISC
configure:1087: checking for working const
configure:1162: checking for inline
configure:1219: checking for a BSD compatible install
configure:1280: checking how to run the C preprocessor
configure:1363: checking for sys/file.h
configure:1373: ucfront-gcc arm-linux-elf-gcc  -E  conftest.c >/dev/null 2>conftest.out
configure:1363: checking for sys/param.h
configure:1363: checking for limits.h
configure:1363: checking for stdlib.h
configure:1373: ucfront-gcc arm-linux-elf-gcc  -E  conftest.c >/dev/null 2>conftest.out
configure:1363: checking for string.h
configure:1363: checking for unistd.h
configure:1363: checking for strings.h
configure:1373: ucfront-gcc arm-linux-elf-gcc  -E  conftest.c >/dev/null 2>conftest.out
configure:1363: checking for sys/time.h
configure:1373: ucfront-gcc arm-linux-elf-gcc  -E  conftest.c >/dev/null 2>conftest.out
configure:1363: checking for time.h
configure:1373: ucfront-gcc arm-linux-elf-gcc  -E  conftest.c >/dev/null 2>conftest.out
configure:1363: checking for sys/resource.h
configure:1373: ucfront-gcc arm-linux-elf-gcc  -E  conftest.c >/dev/null 2>conftest.out
configure:1363: checking for sys/stat.h
configure:1373: ucfront-gcc arm-linux-elf-gcc  -E  conftest.c >/dev/null 2>conftest.out
configure:1363: checking for sys/mman.h
configure:1373: ucfront-gcc arm-linux-elf-gcc  -E  conftest.c >/dev/null 2>conftest.out
configure:1363: checking for fcntl.h
configure:1373: ucfront-gcc arm-linux-elf-gcc  -E  conftest.c >/dev/null 2>conftest.out
configure:1363: checking for alloca.h
configure:1400: checking for sys/wait.h that is POSIX.1 compatible
configure:1421: ucfront-gcc arm-linux-elf-gcc  -c -O2 -g -fomit-frame-pointer -fno-common -fno-builtin -Wall  -mswp-byte-writes -DCONFIG_NDS_ROM8BIT -mcpu=arm946e-s -mfpu=fpe3 -DEMBED -D__PIC__ -fpic -msingle-pic-base -Dlinux -D__linux__ -Dunix -D__uClinux__  conftest.c 1>&5
configure:1442: checking whether time.h and sys/time.h may both be included
configure:1456: ucfront-gcc arm-linux-elf-gcc  -c -O2 -g -fomit-frame-pointer -fno-common -fno-builtin -Wall  -mswp-byte-writes -DCONFIG_NDS_ROM8BIT -mcpu=arm946e-s -mfpu=fpe3 -DEMBED -D__PIC__ -fpic -msingle-pic-base -Dlinux -D__linux__ -Dunix -D__uClinux__  conftest.c 1>&5
configure: In function 'main':
configure:1452: warning: unused variable 'tp'
configure:1478: checking whether errno must be declared
configure:1490: ucfront-gcc arm-linux-elf-gcc  -c -O2 -g -fomit-frame-pointer -fno-common -fno-builtin -Wall  -mswp-byte-writes -DCONFIG_NDS_ROM8BIT -mcpu=arm946e-s -mfpu=fpe3 -DEMBED -D__PIC__ -fpic -msingle-pic-base -Dlinux -D__linux__ -Dunix -D__uClinux__  conftest.c 1>&5
configure: In function 'main':
configure:1486: warning: unused variable 'x'
configure:1512: checking for ANSI C header files
configure:1616: checking for uintptr_t
configure:1658: checking for pid_t
configure:2336: checking whether the C compiler (ucfront-gcc arm-linux-elf-gcc  -O2 -g -fomit-frame-pointer -fno-common -fno-builtin -Wall  -mswp-byte-writes -DCONFIG_NDS_ROM8BIT -mcpu=arm946e-s -mfpu=fpe3 -DEMBED -D__PIC__ -fpic -msingle-pic-base -Dlinux -D__linux__ -Dunix -D__uClinux__ -Wl,-elf2flt -D__PIC__ -fpic -msingle-pic-base -mswp-byte-writes) works
configure:2352: ucfront-gcc arm-linux-elf-gcc  -o conftest -O2 -g -fomit-frame-pointer -fno-common -fno-builtin -Wall  -mswp-byte-writes -DCONFIG_NDS_ROM8BIT -mcpu=arm946e-s -mfpu=fpe3 -DEMBED -D__PIC__ -fpic -msingle-pic-base -Dlinux -D__linux__ -Dunix -D__uClinux__  -Wl,-elf2flt -D__PIC__ -fpic -msingle-pic-base -mswp-byte-writes conftest.c  1>&5
configure:2349: warning: return type defaults to 'int'
No relocations in code!
configure:2378: checking whether the C compiler (ucfront-gcc arm-linux-elf-gcc  -O2 -g -fomit-frame-pointer -fno-common -fno-builtin -Wall  -mswp-byte-writes -DCONFIG_NDS_ROM8BIT -mcpu=arm946e-s -mfpu=fpe3 -DEMBED -D__PIC__ -fpic -msingle-pic-base -Dlinux -D__linux__ -Dunix -D__uClinux__ -Wl,-elf2flt -D__PIC__ -fpic -msingle-pic-base -mswp-byte-writes) is a cross-compiler
configure:2385: checking for asprintf
configure:2413: ucfront-gcc arm-linux-elf-gcc  -o conftest -O2 -g -fomit-frame-pointer -fno-common -fno-builtin -Wall  -mswp-byte-writes -DCONFIG_NDS_ROM8BIT -mcpu=arm946e-s -mfpu=fpe3 -DEMBED -D__PIC__ -fpic -msingle-pic-base -Dlinux -D__linux__ -Dunix -D__uClinux__  -Wl,-elf2flt -D__PIC__ -fpic -msingle-pic-base -mswp-byte-writes conftest.c  1>&5
configure:2385: checking for atexit
configure:2413: ucfront-gcc arm-linux-elf-gcc  -o conftest -O2 -g -fomit-frame-pointer -fno-common -fno-builtin -Wall  -mswp-byte-writes -DCONFIG_NDS_ROM8BIT -mcpu=arm946e-s -mfpu=fpe3 -DEMBED -D__PIC__ -fpic -msingle-pic-base -Dlinux -D__linux__ -Dunix -D__uClinux__  -Wl,-elf2flt -D__PIC__ -fpic -msingle-pic-base -mswp-byte-writes conftest.c  1>&5
configure:2385: checking for basename
configure:2413: ucfront-gcc arm-linux-elf-gcc  -o conftest -O2 -g -fomit-frame-pointer -fno-common -fno-builtin -Wall  -mswp-byte-writes -DCONFIG_NDS_ROM8BIT -mcpu=arm946e-s -mfpu=fpe3 -DEMBED -D__PIC__ -fpic -msingle-pic-base -Dlinux -D__linux__ -Dunix -D__uClinux__  -Wl,-elf2flt -D__PIC__ -fpic -msingle-pic-base -mswp-byte-writes conftest.c  1>&5
No relocations in code!
configure:2385: checking for bcmp
configure:2413: ucfront-gcc arm-linux-elf-gcc  -o conftest -O2 -g -fomit-frame-pointer -fno-common -fno-builtin -Wall  -mswp-byte-writes -DCONFIG_NDS_ROM8BIT -mcpu=arm946e-s -mfpu=fpe3 -DEMBED -D__PIC__ -fpic -msingle-pic-base -Dlinux -D__linux__ -Dunix -D__uClinux__  -Wl,-elf2flt -D__PIC__ -fpic -msingle-pic-base -mswp-byte-writes conftest.c  1>&5
No relocations in code!
configure:2385: checking for bcopy
configure:2413: ucfront-gcc arm-linux-elf-gcc  -o conftest -O2 -g -fomit-frame-pointer -fno-common -fno-builtin -Wall  -mswp-byte-writes -DCONFIG_NDS_ROM8BIT -mcpu=arm946e-s -mfpu=fpe3 -DEMBED -D__PIC__ -fpic -msingle-pic-base -Dlinux -D__linux__ -Dunix -D__uClinux__  -Wl,-elf2flt -D__PIC__ -fpic -msingle-pic-base -mswp-byte-writes conftest.c  1>&5
No relocations in code!
configure:2385: checking for bsearch
configure:2413: ucfront-gcc arm-linux-elf-gcc  -o conftest -O2 -g -fomit-frame-pointer -fno-common -fno-builtin -Wall  -mswp-byte-writes -DCONFIG_NDS_ROM8BIT -mcpu=arm946e-s -mfpu=fpe3 -DEMBED -D__PIC__ -fpic -msingle-pic-base -Dlinux -D__linux__ -Dunix -D__uClinux__  -Wl,-elf2flt -D__PIC__ -fpic -msingle-pic-base -mswp-byte-writes conftest.c  1>&5
No relocations in code!
configure:2385: checking for bzero
configure:2413: ucfront-gcc arm-linux-elf-gcc  -o conftest -O2 -g -fomit-frame-pointer -fno-common -fno-builtin -Wall  -mswp-byte-writes -DCONFIG_NDS_ROM8BIT -mcpu=arm946e-s -mfpu=fpe3 -DEMBED -D__PIC__ -fpic -msingle-pic-base -Dlinux -D__linux__ -Dunix -D__uClinux__  -Wl,-elf2flt -D__PIC__ -fpic -msingle-pic-base -mswp-byte-writes conftest.c  1>&5
No relocations in code!
configure:2385: checking for calloc
configure:2413: ucfront-gcc arm-linux-elf-gcc  -o conftest -O2 -g -fomit-frame-pointer -fno-common -fno-builtin -Wall  -mswp-byte-writes -DCONFIG_NDS_ROM8BIT -mcpu=arm946e-s -mfpu=fpe3 -DEMBED -D__PIC__ -fpic -msingle-pic-base -Dlinux -D__linux__ -Dunix -D__uClinux__  -Wl,-elf2flt -D__PIC__ -fpic -msingle-pic-base -mswp-byte-writes conftest.c  1>&5
configure:2385: checking for clock
configure:2413: ucfront-gcc arm-linux-elf-gcc  -o conftest -O2 -g -fomit-frame-pointer -fno-common -fno-builtin -Wall  -mswp-byte-writes -DCONFIG_NDS_ROM8BIT -mcpu=arm946e-s -mfpu=fpe3 -DEMBED -D__PIC__ -fpic -msingle-pic-base -Dlinux -D__linux__ -Dunix -D__uClinux__  -Wl,-elf2flt -D__PIC__ -fpic -msingle-pic-base -mswp-byte-writes conftest.c  1>&5
No relocations in code!
configure:2385: checking for ffs
configure:2413: ucfront-gcc arm-linux-elf-gcc  -o conftest -O2 -g -fomit-frame-pointer -fno-common -fno-builtin -Wall  -mswp-byte-writes -DCONFIG_NDS_ROM8BIT -mcpu=arm946e-s -mfpu=fpe3 -DEMBED -D__PIC__ -fpic -msingle-pic-base -Dlinux -D__linux__ -Dunix -D__uClinux__  -Wl,-elf2flt -D__PIC__ -fpic -msingle-pic-base -mswp-byte-writes conftest.c  1>&5
No relocations in code!
configure:2385: checking for getcwd
configure:2385: checking for getpagesize
configure:2385: checking for index
configure:2413: ucfront-gcc arm-linux-elf-gcc  -o conftest -O2 -g -fomit-frame-pointer -fno-common -fno-builtin -Wall  -mswp-byte-writes -DCONFIG_NDS_ROM8BIT -mcpu=arm946e-s -mfpu=fpe3 -DEMBED -D__PIC__ -fpic -msingle-pic-base -Dlinux -D__linux__ -Dunix -D__uClinux__  -Wl,-elf2flt -D__PIC__ -fpic -msingle-pic-base -mswp-byte-writes conftest.c  1>&5
No relocations in code!
configure:2385: checking for insque
configure:2413: ucfront-gcc arm-linux-elf-gcc  -o conftest -O2 -g -fomit-frame-pointer -fno-common -fno-builtin -Wall  -mswp-byte-writes -DCONFIG_NDS_ROM8BIT -mcpu=arm946e-s -mfpu=fpe3 -DEMBED -D__PIC__ -fpic -msingle-pic-base -Dlinux -D__linux__ -Dunix -D__uClinux__  -Wl,-elf2flt -D__PIC__ -fpic -msingle-pic-base -mswp-byte-writes conftest.c  1>&5
No relocations in code!
configure:2385: checking for memchr
configure:2413: ucfront-gcc arm-linux-elf-gcc  -o conftest -O2 -g -fomit-frame-pointer -fno-common -fno-builtin -Wall  -mswp-byte-writes -DCONFIG_NDS_ROM8BIT -mcpu=arm946e-s -mfpu=fpe3 -DEMBED -D__PIC__ -fpic -msingle-pic-base -Dlinux -D__linux__ -Dunix -D__uClinux__  -Wl,-elf2flt -D__PIC__ -fpic -msingle-pic-base -mswp-byte-writes conftest.c  1>&5
No relocations in code!
configure:2385: checking for memcmp
configure:2413: ucfront-gcc arm-linux-elf-gcc  -o conftest -O2 -g -fomit-frame-pointer -fno-common -fno-builtin -Wall  -mswp-byte-writes -DCONFIG_NDS_ROM8BIT -mcpu=arm946e-s -mfpu=fpe3 -DEMBED -D__PIC__ -fpic -msingle-pic-base -Dlinux -D__linux__ -Dunix -D__uClinux__  -Wl,-elf2flt -D__PIC__ -fpic -msingle-pic-base -mswp-byte-writes conftest.c  1>&5
No relocations in code!
configure:2385: checking for memcpy
configure:2413: ucfront-gcc arm-linux-elf-gcc  -o conftest -O2 -g -fomit-frame-pointer -fno-common -fno-builtin -Wall  -mswp-byte-writes -DCONFIG_NDS_ROM8BIT -mcpu=arm946e-s -mfpu=fpe3 -DEMBED -D__PIC__ -fpic -msingle-pic-base -Dlinux -D__linux__ -Dunix -D__uClinux__  -Wl,-elf2flt -D__PIC__ -fpic -msingle-pic-base -mswp-byte-writes conftest.c  1>&5
No relocations in code!
configure:2385: checking for memmove
configure:2413: ucfront-gcc arm-linux-elf-gcc  -o conftest -O2 -g -fomit-frame-pointer -fno-common -fno-builtin -Wall  -mswp-byte-writes -DCONFIG_NDS_ROM8BIT -mcpu=arm946e-s -mfpu=fpe3 -DEMBED -D__PIC__ -fpic -msingle-pic-base -Dlinux -D__linux__ -Dunix -D__uClinux__  -Wl,-elf2flt -D__PIC__ -fpic -msingle-pic-base -mswp-byte-writes conftest.c  1>&5
No relocations in code!
configure:2385: checking for memset
configure:2413: ucfront-gcc arm-linux-elf-gcc  -o conftest -O2 -g -fomit-frame-pointer -fno-common -fno-builtin -Wall  -mswp-byte-writes -DCONFIG_NDS_ROM8BIT -mcpu=arm946e-s -mfpu=fpe3 -DEMBED -D__PIC__ -fpic -msingle-pic-base -Dlinux -D__linux__ -Dunix -D__uClinux__  -Wl,-elf2flt -D__PIC__ -fpic -msingle-pic-base -mswp-byte-writes conftest.c  1>&5
No relocations in code!
configure:2385: checking for mkstemps
configure:2413: ucfront-gcc arm-linux-elf-gcc  -o conftest -O2 -g -fomit-frame-pointer -fno-common -fno-builtin -Wall  -mswp-byte-writes -DCONFIG_NDS_ROM8BIT -mcpu=arm946e-s -mfpu=fpe3 -DEMBED -D__PIC__ -fpic -msingle-pic-base -Dlinux -D__linux__ -Dunix -D__uClinux__  -Wl,-elf2flt -D__PIC__ -fpic -msingle-pic-base -mswp-byte-writes conftest.c  1>&5
conftest.elf2flt: In function `main':
/ports/binutils-2.13/binutils-2.13/libiberty/configure:2407: undefined reference to `mkstemps'
collect2: ld returned 1 exit status
configure: failed program was:
#line 2390 "configure"
#include "confdefs.h"
/* System header to define __stub macros and hopefully few prototypes,
    which can conflict with char mkstemps(); below.  */
#include <assert.h>
/* Override any gcc2 internal prototype to avoid an error.  */
/* We use char because int might match the return type of a gcc2
    builtin and then its argument prototype would still apply.  */
char mkstemps();

int main() {

/* The GNU C library defines this for functions which it implements
    to always fail with ENOSYS.  Some functions are actually named
    something starting with __ and the normal name is an alias.  */
#if defined (__stub_mkstemps) || defined (__stub___mkstemps)
choke me
#else
mkstemps();
#endif

; return 0; }
configure:2385: checking for putenv
configure:2385: checking for random
configure:2413: ucfront-gcc arm-linux-elf-gcc  -o conftest -O2 -g -fomit-frame-pointer -fno-common -fno-builtin -Wall  -mswp-byte-writes -DCONFIG_NDS_ROM8BIT -mcpu=arm946e-s -mfpu=fpe3 -DEMBED -D__PIC__ -fpic -msingle-pic-base -Dlinux -D__linux__ -Dunix -D__uClinux__  -Wl,-elf2flt -D__PIC__ -fpic -msingle-pic-base -mswp-byte-writes conftest.c  1>&5
configure:2385: checking for rename
configure:2413: ucfront-gcc arm-linux-elf-gcc  -o conftest -O2 -g -fomit-frame-pointer -fno-common -fno-builtin -Wall  -mswp-byte-writes -DCONFIG_NDS_ROM8BIT -mcpu=arm946e-s -mfpu=fpe3 -DEMBED -D__PIC__ -fpic -msingle-pic-base -Dlinux -D__linux__ -Dunix -D__uClinux__  -Wl,-elf2flt -D__PIC__ -fpic -msingle-pic-base -mswp-byte-writes conftest.c  1>&5
No relocations in code!
configure:2385: checking for rindex
configure:2413: ucfront-gcc arm-linux-elf-gcc  -o conftest -O2 -g -fomit-frame-pointer -fno-common -fno-builtin -Wall  -mswp-byte-writes -DCONFIG_NDS_ROM8BIT -mcpu=arm946e-s -mfpu=fpe3 -DEMBED -D__PIC__ -fpic -msingle-pic-base -Dlinux -D__linux__ -Dunix -D__uClinux__  -Wl,-elf2flt -D__PIC__ -fpic -msingle-pic-base -mswp-byte-writes conftest.c  1>&5
No relocations in code!
configure:2385: checking for setenv
configure:2385: checking for sigsetmask
configure:2413: ucfront-gcc arm-linux-elf-gcc  -o conftest -O2 -g -fomit-frame-pointer -fno-common -fno-builtin -Wall  -mswp-byte-writes -DCONFIG_NDS_ROM8BIT -mcpu=arm946e-s -mfpu=fpe3 -DEMBED -D__PIC__ -fpic -msingle-pic-base -Dlinux -D__linux__ -Dunix -D__uClinux__  -Wl,-elf2flt -D__PIC__ -fpic -msingle-pic-base -mswp-byte-writes conftest.c  1>&5
No relocations in code!
configure:2385: checking for strcasecmp
configure:2385: checking for strchr
configure:2385: checking for strdup
configure:2413: ucfront-gcc arm-linux-elf-gcc  -o conftest -O2 -g -fomit-frame-pointer -fno-common -fno-builtin -Wall  -mswp-byte-writes -DCONFIG_NDS_ROM8BIT -mcpu=arm946e-s -mfpu=fpe3 -DEMBED -D__PIC__ -fpic -msingle-pic-base -Dlinux -D__linux__ -Dunix -D__uClinux__  -Wl,-elf2flt -D__PIC__ -fpic -msingle-pic-base -mswp-byte-writes conftest.c  1>&5
configure:2385: checking for strncasecmp
configure:2413: ucfront-gcc arm-linux-elf-gcc  -o conftest -O2 -g -fomit-frame-pointer -fno-common -fno-builtin -Wall  -mswp-byte-writes -DCONFIG_NDS_ROM8BIT -mcpu=arm946e-s -mfpu=fpe3 -DEMBED -D__PIC__ -fpic -msingle-pic-base -Dlinux -D__linux__ -Dunix -D__uClinux__  -Wl,-elf2flt -D__PIC__ -fpic -msingle-pic-base -mswp-byte-writes conftest.c  1>&5
No relocations in code!
configure:2385: checking for strrchr
configure:2413: ucfront-gcc arm-linux-elf-gcc  -o conftest -O2 -g -fomit-frame-pointer -fno-common -fno-builtin -Wall  -mswp-byte-writes -DCONFIG_NDS_ROM8BIT -mcpu=arm946e-s -mfpu=fpe3 -DEMBED -D__PIC__ -fpic -msingle-pic-base -Dlinux -D__linux__ -Dunix -D__uClinux__  -Wl,-elf2flt -D__PIC__ -fpic -msingle-pic-base -mswp-byte-writes conftest.c  1>&5
No relocations in code!
configure:2385: checking for strstr
configure:2413: ucfront-gcc arm-linux-elf-gcc  -o conftest -O2 -g -fomit-frame-pointer -fno-common -fno-builtin -Wall  -mswp-byte-writes -DCONFIG_NDS_ROM8BIT -mcpu=arm946e-s -mfpu=fpe3 -DEMBED -D__PIC__ -fpic -msingle-pic-base -Dlinux -D__linux__ -Dunix -D__uClinux__  -Wl,-elf2flt -D__PIC__ -fpic -msingle-pic-base -mswp-byte-writes conftest.c  1>&5
No relocations in code!
configure:2385: checking for strtod
configure:2413: ucfront-gcc arm-linux-elf-gcc  -o conftest -O2 -g -fomit-frame-pointer -fno-common -fno-builtin -Wall  -mswp-byte-writes -DCONFIG_NDS_ROM8BIT -mcpu=arm946e-s -mfpu=fpe3 -DEMBED -D__PIC__ -fpic -msingle-pic-base -Dlinux -D__linux__ -Dunix -D__uClinux__  -Wl,-elf2flt -D__PIC__ -fpic -msingle-pic-base -mswp-byte-writes conftest.c  1>&5
No relocations in code!
configure:2385: checking for strtol
configure:2413: ucfront-gcc arm-linux-elf-gcc  -o conftest -O2 -g -fomit-frame-pointer -fno-common -fno-builtin -Wall  -mswp-byte-writes -DCONFIG_NDS_ROM8BIT -mcpu=arm946e-s -mfpu=fpe3 -DEMBED -D__PIC__ -fpic -msingle-pic-base -Dlinux -D__linux__ -Dunix -D__uClinux__  -Wl,-elf2flt -D__PIC__ -fpic -msingle-pic-base -mswp-byte-writes conftest.c  1>&5
No relocations in code!
configure:2385: checking for strtoul
configure:2413: ucfront-gcc arm-linux-elf-gcc  -o conftest -O2 -g -fomit-frame-pointer -fno-common -fno-builtin -Wall  -mswp-byte-writes -DCONFIG_NDS_ROM8BIT -mcpu=arm946e-s -mfpu=fpe3 -DEMBED -D__PIC__ -fpic -msingle-pic-base -Dlinux -D__linux__ -Dunix -D__uClinux__  -Wl,-elf2flt -D__PIC__ -fpic -msingle-pic-base -mswp-byte-writes conftest.c  1>&5
No relocations in code!
configure:2385: checking for tmpnam
configure:2413: ucfront-gcc arm-linux-elf-gcc  -o conftest -O2 -g -fomit-frame-pointer -fno-common -fno-builtin -Wall  -mswp-byte-writes -DCONFIG_NDS_ROM8BIT -mcpu=arm946e-s -mfpu=fpe3 -DEMBED -D__PIC__ -fpic -msingle-pic-base -Dlinux -D__linux__ -Dunix -D__uClinux__  -Wl,-elf2flt -D__PIC__ -fpic -msingle-pic-base -mswp-byte-writes conftest.c  1>&5
configure:2385: checking for vasprintf
configure:2413: ucfront-gcc arm-linux-elf-gcc  -o conftest -O2 -g -fomit-frame-pointer -fno-common -fno-builtin -Wall  -mswp-byte-writes -DCONFIG_NDS_ROM8BIT -mcpu=arm946e-s -mfpu=fpe3 -DEMBED -D__PIC__ -fpic -msingle-pic-base -Dlinux -D__linux__ -Dunix -D__uClinux__  -Wl,-elf2flt -D__PIC__ -fpic -msingle-pic-base -mswp-byte-writes conftest.c  1>&5
configure:2385: checking for vfprintf
configure:2413: ucfront-gcc arm-linux-elf-gcc  -o conftest -O2 -g -fomit-frame-pointer -fno-common -fno-builtin -Wall  -mswp-byte-writes -DCONFIG_NDS_ROM8BIT -mcpu=arm946e-s -mfpu=fpe3 -DEMBED -D__PIC__ -fpic -msingle-pic-base -Dlinux -D__linux__ -Dunix -D__uClinux__  -Wl,-elf2flt -D__PIC__ -fpic -msingle-pic-base -mswp-byte-writes conftest.c  1>&5
No relocations in code!
configure:2385: checking for vprintf
configure:2413: ucfront-gcc arm-linux-elf-gcc  -o conftest -O2 -g -fomit-frame-pointer -fno-common -fno-builtin -Wall  -mswp-byte-writes -DCONFIG_NDS_ROM8BIT -mcpu=arm946e-s -mfpu=fpe3 -DEMBED -D__PIC__ -fpic -msingle-pic-base -Dlinux -D__linux__ -Dunix -D__uClinux__  -Wl,-elf2flt -D__PIC__ -fpic -msingle-pic-base -mswp-byte-writes conftest.c  1>&5
configure:2385: checking for vsprintf
configure:2413: ucfront-gcc arm-linux-elf-gcc  -o conftest -O2 -g -fomit-frame-pointer -fno-common -fno-builtin -Wall  -mswp-byte-writes -DCONFIG_NDS_ROM8BIT -mcpu=arm946e-s -mfpu=fpe3 -DEMBED -D__PIC__ -fpic -msingle-pic-base -Dlinux -D__linux__ -Dunix -D__uClinux__  -Wl,-elf2flt -D__PIC__ -fpic -msingle-pic-base -mswp-byte-writes conftest.c  1>&5
configure:2385: checking for waitpid
configure:2413: ucfront-gcc arm-linux-elf-gcc  -o conftest -O2 -g -fomit-frame-pointer -fno-common -fno-builtin -Wall  -mswp-byte-writes -DCONFIG_NDS_ROM8BIT -mcpu=arm946e-s -mfpu=fpe3 -DEMBED -D__PIC__ -fpic -msingle-pic-base -Dlinux -D__linux__ -Dunix -D__uClinux__  -Wl,-elf2flt -D__PIC__ -fpic -msingle-pic-base -mswp-byte-writes conftest.c  1>&5
No relocations in code!
configure:2440: checking whether alloca needs Cray hooks
configure:2524: checking stack direction for C alloca
configure:2573: checking for vfork.h
configure:2583: ucfront-gcc arm-linux-elf-gcc  -E  conftest.c >/dev/null 2>conftest.out
configure:2579:19: error: vfork.h: No such file or directory
configure: failed program was:
#line 2578 "configure"
#include "confdefs.h"
#include <vfork.h>
configure:2608: checking for working vfork
configure:2614: checking for vfork
configure:2642: ucfront-gcc arm-linux-elf-gcc  -o conftest -O2 -g -fomit-frame-pointer -fno-common -fno-builtin -Wall  -mswp-byte-writes -DCONFIG_NDS_ROM8BIT -mcpu=arm946e-s -mfpu=fpe3 -DEMBED -D__PIC__ -fpic -msingle-pic-base -Dlinux -D__linux__ -Dunix -D__uClinux__  -Wl,-elf2flt -D__PIC__ -fpic -msingle-pic-base -mswp-byte-writes conftest.c  1>&5
No relocations in code!
configure:2849: checking for _doprnt
configure:2877: ucfront-gcc arm-linux-elf-gcc  -o conftest -O2 -g -fomit-frame-pointer -fno-common -fno-builtin -Wall  -mswp-byte-writes -DCONFIG_NDS_ROM8BIT -mcpu=arm946e-s -mfpu=fpe3 -DEMBED -D__PIC__ -fpic -msingle-pic-base -Dlinux -D__linux__ -Dunix -D__uClinux__  -Wl,-elf2flt -D__PIC__ -fpic -msingle-pic-base -mswp-byte-writes conftest.c  1>&5
conftest.elf2flt: In function `main':
/ports/binutils-2.13/binutils-2.13/libiberty/configure:2871: undefined reference to `_doprnt'
collect2: ld returned 1 exit status
configure: failed program was:
#line 2854 "configure"
#include "confdefs.h"
/* System header to define __stub macros and hopefully few prototypes,
    which can conflict with char _doprnt(); below.  */
#include <assert.h>
/* Override any gcc2 internal prototype to avoid an error.  */
/* We use char because int might match the return type of a gcc2
    builtin and then its argument prototype would still apply.  */
char _doprnt();

int main() {

/* The GNU C library defines this for functions which it implements
    to always fail with ENOSYS.  Some functions are actually named
    something starting with __ and the normal name is an alias.  */
#if defined (__stub__doprnt) || defined (__stub____doprnt)
choke me
#else
_doprnt();
#endif

; return 0; }
configure:2905: checking for sys_errlist
configure:2917: ucfront-gcc arm-linux-elf-gcc  -o conftest -O2 -g -fomit-frame-pointer -fno-common -fno-builtin -Wall  -mswp-byte-writes -DCONFIG_NDS_ROM8BIT -mcpu=arm946e-s -mfpu=fpe3 -DEMBED -D__PIC__ -fpic -msingle-pic-base -Dlinux -D__linux__ -Dunix -D__uClinux__  -Wl,-elf2flt -D__PIC__ -fpic -msingle-pic-base -mswp-byte-writes conftest.c  1>&5
configure:2905: checking for sys_nerr
configure:2917: ucfront-gcc arm-linux-elf-gcc  -o conftest -O2 -g -fomit-frame-pointer -fno-common -fno-builtin -Wall  -mswp-byte-writes -DCONFIG_NDS_ROM8BIT -mcpu=arm946e-s -mfpu=fpe3 -DEMBED -D__PIC__ -fpic -msingle-pic-base -Dlinux -D__linux__ -Dunix -D__uClinux__  -Wl,-elf2flt -D__PIC__ -fpic -msingle-pic-base -mswp-byte-writes conftest.c  1>&5
configure:2905: checking for sys_siglist
configure:2917: ucfront-gcc arm-linux-elf-gcc  -o conftest -O2 -g -fomit-frame-pointer -fno-common -fno-builtin -Wall  -mswp-byte-writes -DCONFIG_NDS_ROM8BIT -mcpu=arm946e-s -mfpu=fpe3 -DEMBED -D__PIC__ -fpic -msingle-pic-base -Dlinux -D__linux__ -Dunix -D__uClinux__  -Wl,-elf2flt -D__PIC__ -fpic -msingle-pic-base -mswp-byte-writes conftest.c  1>&5
configure:2943: checking for getrusage
configure:2971: ucfront-gcc arm-linux-elf-gcc  -o conftest -O2 -g -fomit-frame-pointer -fno-common -fno-builtin -Wall  -mswp-byte-writes -DCONFIG_NDS_ROM8BIT -mcpu=arm946e-s -mfpu=fpe3 -DEMBED -D__PIC__ -fpic -msingle-pic-base -Dlinux -D__linux__ -Dunix -D__uClinux__  -Wl,-elf2flt -D__PIC__ -fpic -msingle-pic-base -mswp-byte-writes conftest.c  1>&5
No relocations in code!
configure:2943: checking for on_exit
configure:2971: ucfront-gcc arm-linux-elf-gcc  -o conftest -O2 -g -fomit-frame-pointer -fno-common -fno-builtin -Wall  -mswp-byte-writes -DCONFIG_NDS_ROM8BIT -mcpu=arm946e-s -mfpu=fpe3 -DEMBED -D__PIC__ -fpic -msingle-pic-base -Dlinux -D__linux__ -Dunix -D__uClinux__  -Wl,-elf2flt -D__PIC__ -fpic -msingle-pic-base -mswp-byte-writes conftest.c  1>&5
configure:2943: checking for psignal
configure:2971: ucfront-gcc arm-linux-elf-gcc  -o conftest -O2 -g -fomit-frame-pointer -fno-common -fno-builtin -Wall  -mswp-byte-writes -DCONFIG_NDS_ROM8BIT -mcpu=arm946e-s -mfpu=fpe3 -DEMBED -D__PIC__ -fpic -msingle-pic-base -Dlinux -D__linux__ -Dunix -D__uClinux__  -Wl,-elf2flt -D__PIC__ -fpic -msingle-pic-base -mswp-byte-writes conftest.c  1>&5
configure:2943: checking for strerror
configure:2971: ucfront-gcc arm-linux-elf-gcc  -o conftest -O2 -g -fomit-frame-pointer -fno-common -fno-builtin -Wall  -mswp-byte-writes -DCONFIG_NDS_ROM8BIT -mcpu=arm946e-s -mfpu=fpe3 -DEMBED -D__PIC__ -fpic -msingle-pic-base -Dlinux -D__linux__ -Dunix -D__uClinux__  -Wl,-elf2flt -D__PIC__ -fpic -msingle-pic-base -mswp-byte-writes conftest.c  1>&5
No relocations in code!
configure:2943: checking for strsignal
configure:2971: ucfront-gcc arm-linux-elf-gcc  -o conftest -O2 -g -fomit-frame-pointer -fno-common -fno-builtin -Wall  -mswp-byte-writes -DCONFIG_NDS_ROM8BIT -mcpu=arm946e-s -mfpu=fpe3 -DEMBED -D__PIC__ -fpic -msingle-pic-base -Dlinux -D__linux__ -Dunix -D__uClinux__  -Wl,-elf2flt -D__PIC__ -fpic -msingle-pic-base -mswp-byte-writes conftest.c  1>&5
No relocations in code!
configure:2943: checking for sysconf
configure:2971: ucfront-gcc arm-linux-elf-gcc  -o conftest -O2 -g -fomit-frame-pointer -fno-common -fno-builtin -Wall  -mswp-byte-writes -DCONFIG_NDS_ROM8BIT -mcpu=arm946e-s -mfpu=fpe3 -DEMBED -D__PIC__ -fpic -msingle-pic-base -Dlinux -D__linux__ -Dunix -D__uClinux__  -Wl,-elf2flt -D__PIC__ -fpic -msingle-pic-base -mswp-byte-writes conftest.c  1>&5
No relocations in code!
configure:2943: checking for times
configure:2971: ucfront-gcc arm-linux-elf-gcc  -o conftest -O2 -g -fomit-frame-pointer -fno-common -fno-builtin -Wall  -mswp-byte-writes -DCONFIG_NDS_ROM8BIT -mcpu=arm946e-s -mfpu=fpe3 -DEMBED -D__PIC__ -fpic -msingle-pic-base -Dlinux -D__linux__ -Dunix -D__uClinux__  -Wl,-elf2flt -D__PIC__ -fpic -msingle-pic-base -mswp-byte-writes conftest.c  1>&5
No relocations in code!
configure:2943: checking for sbrk
configure:2971: ucfront-gcc arm-linux-elf-gcc  -o conftest -O2 -g -fomit-frame-pointer -fno-common -fno-builtin -Wall  -mswp-byte-writes -DCONFIG_NDS_ROM8BIT -mcpu=arm946e-s -mfpu=fpe3 -DEMBED -D__PIC__ -fpic -msingle-pic-base -Dlinux -D__linux__ -Dunix -D__uClinux__  -Wl,-elf2flt -D__PIC__ -fpic -msingle-pic-base -mswp-byte-writes conftest.c  1>&5
conftest.elf2flt: In function `main':
/ports/binutils-2.13/binutils-2.13/libiberty/configure:2965: undefined reference to `sbrk'
collect2: ld returned 1 exit status
configure: failed program was:
#line 2948 "configure"
#include "confdefs.h"
/* System header to define __stub macros and hopefully few prototypes,
    which can conflict with char sbrk(); below.  */
#include <assert.h>
/* Override any gcc2 internal prototype to avoid an error.  */
/* We use char because int might match the return type of a gcc2
    builtin and then its argument prototype would still apply.  */
char sbrk();

int main() {

/* The GNU C library defines this for functions which it implements
    to always fail with ENOSYS.  Some functions are actually named
    something starting with __ and the normal name is an alias.  */
#if defined (__stub_sbrk) || defined (__stub___sbrk)
choke me
#else
sbrk();
#endif

; return 0; }
configure:2943: checking for gettimeofday
configure:2971: ucfront-gcc arm-linux-elf-gcc  -o conftest -O2 -g -fomit-frame-pointer -fno-common -fno-builtin -Wall  -mswp-byte-writes -DCONFIG_NDS_ROM8BIT -mcpu=arm946e-s -mfpu=fpe3 -DEMBED -D__PIC__ -fpic -msingle-pic-base -Dlinux -D__linux__ -Dunix -D__uClinux__  -Wl,-elf2flt -D__PIC__ -fpic -msingle-pic-base -mswp-byte-writes conftest.c  1>&5
No relocations in code!
configure:3001: checking for stdlib.h
configure:3001: checking for unistd.h
configure:3001: checking for sys/stat.h
configure:3001: checking for sys/types.h
configure:3011: ucfront-gcc arm-linux-elf-gcc  -E  conftest.c >/dev/null 2>conftest.out
configure:3040: checking for getpagesize
configure:3093: checking for working mmap
configure:3278: checking for working strncmp
