This file contains any messages produced by compilers while
running configure, to aid debugging if configure makes a mistake.

It was created by configure, which was
generated by GNU Autoconf 2.57.  Invocation command line was

  $ ./configure --prefix=/usr --host=arm-linux --prefix=/usr --disable-mcs51-port --disable-gbz80-port --disable-avr-port --disable-ds390-port --disable-ds400-port --disable-pic-port --disable-pic16-port --disable-xa51-port --disable-hc08-port --disable-ucsim --disable-device-lib-build --disable-packihx CC=ucfront-gcc arm-linux-elf-gcc  CFLAGS=-O2 -g -fomit-frame-pointer -fno-common -fno-builtin -Wall -mswp-byte-writes -DCONFIG_NDS_ROM8BIT -mcpu=arm946e-s -mfpu=fpe3 -DEMBED -D__PIC__ -fpic -msingle-pic-base -Dlinux -D__linux__ -Dunix -D__uClinux__ CXXFLAGS=-O2 -g -fomit-frame-pointer -fno-common -fno-builtin -Wall -mswp-byte-writes -DCONFIG_NDS_ROM8BIT -mcpu=arm946e-s -mfpu=fpe3 -DEMBED -D__PIC__ -fpic -msingle-pic-base -Dlinux -D__linux__ -Dunix -D__uClinux__ -I /home/home/diskb/mnt/dslinux/lib/uClibc++/include -fno-builtin -nostdinc++ -DGCC_HASCLASSVISIBILITY -Wno-deprecated CXX=ucfront-g++ arm-linux-elf-g++  LDFLAGS=-Wl,-elf2flt -D__PIC__ -fpic -msingle-pic-base -mswp-byte-writes host_alias=arm-linux --cache-file=/dev/null --srcdir=.

## --------- ##
## Platform. ##
## --------- ##

hostname = debian
uname -m = x86_64
uname -r = 3.2.0-4-amd64
uname -s = Linux
uname -v = #1 SMP Debian 3.2.78-1

/usr/bin/uname -p = unknown
/bin/uname -X     = unknown

/bin/arch              = unknown
/usr/bin/arch -k       = unknown
/usr/convex/getsysinfo = unknown
hostinfo               = unknown
/bin/machine           = unknown
/usr/bin/oslevel       = unknown
/bin/universe          = unknown

PATH: /usr/local/bin
PATH: /usr/bin
PATH: /bin
PATH: /usr/local/games
PATH: /usr/games
PATH: /home/home/dslinux-toolchain-2008-01-24-i686/bin
PATH: /home/home/dslinux-toolchain-2008-01-24-i686/bin2
PATH: /home/home/diskb/mnt/dslinux/tools
PATH: /home/home/diskb/mnt/dslinux/tools


## ----------- ##
## Core tests. ##
## ----------- ##

configure:1462: checking for gawk
configure:1478: found /usr/bin/gawk
configure:1488: result: gawk
configure:1499: checking version of the package
configure:1503: result: 0.4.1-pre5
configure:1645: checking for arm-linux-g++
configure:1671: result: ucfront-g++ arm-linux-elf-g++ 
configure:1729: checking for C++ compiler version
configure:1732: ucfront-g++ arm-linux-elf-g++  --version </dev/null >&5
arm-linux-elf-g++ (GCC) 4.0.4
Copyright (C) 2006 Free Software Foundation, Inc.
This is free software; see the source for copying conditions.  There is NO
warranty; not even for MERCHANTABILITY or FITNESS FOR A PARTICULAR PURPOSE.

configure:1735: $? = 0
configure:1737: ucfront-g++ arm-linux-elf-g++  -v </dev/null >&5
Using built-in specs.
Target: arm-linux-elf
Configured with: /src/toolchain/src/gcc-4.0.4/configure --prefix=/src/toolchain/prefix --with-sysroot=/src/toolchain/prefix/arm-linux-elf --target=arm-linux-elf --enable-languages=c,c++ --enable-multilib --with-cpu=arm7tdmi --with-gcc --with-gnu-ld --with-gnu-as --disable-shared --disable-threads --disable-nls --disable-libssp
Thread model: single
gcc version 4.0.4
configure:1740: $? = 0
configure:1742: ucfront-g++ arm-linux-elf-g++  -V </dev/null >&5
arm-linux-elf-g++: '-V' option must have argument
configure:1745: $? = 1
configure:1769: checking for C++ compiler default output
configure:1772: ucfront-g++ arm-linux-elf-g++  -O2 -g -fomit-frame-pointer -fno-common -fno-builtin -Wall -mswp-byte-writes -DCONFIG_NDS_ROM8BIT -mcpu=arm946e-s -mfpu=fpe3 -DEMBED -D__PIC__ -fpic -msingle-pic-base -Dlinux -D__linux__ -Dunix -D__uClinux__ -I /home/home/diskb/mnt/dslinux/lib/uClibc++/include -fno-builtin -nostdinc++ -DGCC_HASCLASSVISIBILITY -Wno-deprecated  -Wl,-elf2flt -D__PIC__ -fpic -msingle-pic-base -mswp-byte-writes conftest.cc  >&5
No relocations in code!
configure:1775: $? = 0
configure:1821: result: a.out
configure:1826: checking whether the C++ compiler works
configure:1832: ./a.out
./configure: line 1833: ./a.out: cannot execute binary file
configure:1835: $? = 126
configure:1852: result: yes
configure:1859: checking whether we are cross compiling
configure:1861: result: yes
configure:1864: checking for suffix of executables
configure:1866: ucfront-g++ arm-linux-elf-g++  -o conftest -O2 -g -fomit-frame-pointer -fno-common -fno-builtin -Wall -mswp-byte-writes -DCONFIG_NDS_ROM8BIT -mcpu=arm946e-s -mfpu=fpe3 -DEMBED -D__PIC__ -fpic -msingle-pic-base -Dlinux -D__linux__ -Dunix -D__uClinux__ -I /home/home/diskb/mnt/dslinux/lib/uClibc++/include -fno-builtin -nostdinc++ -DGCC_HASCLASSVISIBILITY -Wno-deprecated  -Wl,-elf2flt -D__PIC__ -fpic -msingle-pic-base -mswp-byte-writes conftest.cc  >&5
No relocations in code!
configure:1869: $? = 0
configure:1894: result: 
configure:1900: checking for suffix of object files
configure:1922: ucfront-g++ arm-linux-elf-g++  -c -O2 -g -fomit-frame-pointer -fno-common -fno-builtin -Wall -mswp-byte-writes -DCONFIG_NDS_ROM8BIT -mcpu=arm946e-s -mfpu=fpe3 -DEMBED -D__PIC__ -fpic -msingle-pic-base -Dlinux -D__linux__ -Dunix -D__uClinux__ -I /home/home/diskb/mnt/dslinux/lib/uClibc++/include -fno-builtin -nostdinc++ -DGCC_HASCLASSVISIBILITY -Wno-deprecated  conftest.cc >&5
configure:1925: $? = 0
configure:1947: result: o
configure:1951: checking whether we are using the GNU C++ compiler
configure:1976: ucfront-g++ arm-linux-elf-g++  -c -O2 -g -fomit-frame-pointer -fno-common -fno-builtin -Wall -mswp-byte-writes -DCONFIG_NDS_ROM8BIT -mcpu=arm946e-s -mfpu=fpe3 -DEMBED -D__PIC__ -fpic -msingle-pic-base -Dlinux -D__linux__ -Dunix -D__uClinux__ -I /home/home/diskb/mnt/dslinux/lib/uClibc++/include -fno-builtin -nostdinc++ -DGCC_HASCLASSVISIBILITY -Wno-deprecated  conftest.cc >&5
configure:1979: $? = 0
configure:1982: test -s conftest.o
configure:1985: $? = 0
configure:1998: result: yes
configure:2004: checking whether ucfront-g++ arm-linux-elf-g++  accepts -g
configure:2026: ucfront-g++ arm-linux-elf-g++  -c -g  conftest.cc >&5
configure:2029: $? = 0
configure:2032: test -s conftest.o
configure:2035: $? = 0
configure:2046: result: yes
configure:2090: ucfront-g++ arm-linux-elf-g++  -c -O2 -g -fomit-frame-pointer -fno-common -fno-builtin -Wall -mswp-byte-writes -DCONFIG_NDS_ROM8BIT -mcpu=arm946e-s -mfpu=fpe3 -DEMBED -D__PIC__ -fpic -msingle-pic-base -Dlinux -D__linux__ -Dunix -D__uClinux__ -I /home/home/diskb/mnt/dslinux/lib/uClibc++/include -fno-builtin -nostdinc++ -DGCC_HASCLASSVISIBILITY -Wno-deprecated  conftest.cc >&5
configure:2093: $? = 0
configure:2096: test -s conftest.o
configure:2099: $? = 0
configure:2126: ucfront-g++ arm-linux-elf-g++  -c -O2 -g -fomit-frame-pointer -fno-common -fno-builtin -Wall -mswp-byte-writes -DCONFIG_NDS_ROM8BIT -mcpu=arm946e-s -mfpu=fpe3 -DEMBED -D__PIC__ -fpic -msingle-pic-base -Dlinux -D__linux__ -Dunix -D__uClinux__ -I /home/home/diskb/mnt/dslinux/lib/uClibc++/include -fno-builtin -nostdinc++ -DGCC_HASCLASSVISIBILITY -Wno-deprecated  conftest.cc >&5
configure: In function 'int main()':
configure:2126: error: 'exit' was not declared in this scope
configure:2129: $? = 1
configure: failed program was:
| #line 2109 "configure"
| /* confdefs.h.  */
| 
| #define PACKAGE_NAME ""
| #define PACKAGE_TARNAME ""
| #define PACKAGE_VERSION ""
| #define PACKAGE_STRING ""
| #define PACKAGE_BUGREPORT ""
| #define VERSIONSTR "0.4.1-pre5"
| #define VERSIONHI 0
| #define VERSIONLO 4
| #define VERSIONP 1-pre5
| #define STATISTIC no
| /* end confdefs.h.  */
| 
| int
| main ()
| {
| exit (42);
|   ;
|   return 0;
| }
configure:2090: ucfront-g++ arm-linux-elf-g++  -c -O2 -g -fomit-frame-pointer -fno-common -fno-builtin -Wall -mswp-byte-writes -DCONFIG_NDS_ROM8BIT -mcpu=arm946e-s -mfpu=fpe3 -DEMBED -D__PIC__ -fpic -msingle-pic-base -Dlinux -D__linux__ -Dunix -D__uClinux__ -I /home/home/diskb/mnt/dslinux/lib/uClibc++/include -fno-builtin -nostdinc++ -DGCC_HASCLASSVISIBILITY -Wno-deprecated  conftest.cc >&5
configure:2093: $? = 0
configure:2096: test -s conftest.o
configure:2099: $? = 0
configure:2126: ucfront-g++ arm-linux-elf-g++  -c -O2 -g -fomit-frame-pointer -fno-common -fno-builtin -Wall -mswp-byte-writes -DCONFIG_NDS_ROM8BIT -mcpu=arm946e-s -mfpu=fpe3 -DEMBED -D__PIC__ -fpic -msingle-pic-base -Dlinux -D__linux__ -Dunix -D__uClinux__ -I /home/home/diskb/mnt/dslinux/lib/uClibc++/include -fno-builtin -nostdinc++ -DGCC_HASCLASSVISIBILITY -Wno-deprecated  conftest.cc >&5
configure:2129: $? = 0
configure:2132: test -s conftest.o
configure:2135: $? = 0
configure:2163: checking how to run the C++ preprocessor
configure:2195: ucfront-g++ arm-linux-elf-g++  -E  conftest.cc
configure:2201: $? = 0
configure:2233: ucfront-g++ arm-linux-elf-g++  -E  conftest.cc
configure:2240:28: error: ac_nonexistent.h: No such file or directory
configure:2239: $? = 1
configure: failed program was:
| #line 2224 "configure"
| /* confdefs.h.  */
| 
| #define PACKAGE_NAME ""
| #define PACKAGE_TARNAME ""
| #define PACKAGE_VERSION ""
| #define PACKAGE_STRING ""
| #define PACKAGE_BUGREPORT ""
| #define VERSIONSTR "0.4.1-pre5"
| #define VERSIONHI 0
| #define VERSIONLO 4
| #define VERSIONP 1-pre5
| #define STATISTIC no
| #ifdef __cplusplus
| #include <stdlib.h>
| #endif
| /* end confdefs.h.  */
| #include <ac_nonexistent.h>
configure:2277: result: ucfront-g++ arm-linux-elf-g++  -E
configure:2302: ucfront-g++ arm-linux-elf-g++  -E  conftest.cc
configure:2308: $? = 0
configure:2340: ucfront-g++ arm-linux-elf-g++  -E  conftest.cc
configure:2347:28: error: ac_nonexistent.h: No such file or directory
configure:2346: $? = 1
configure: failed program was:
| #line 2331 "configure"
| /* confdefs.h.  */
| 
| #define PACKAGE_NAME ""
| #define PACKAGE_TARNAME ""
| #define PACKAGE_VERSION ""
| #define PACKAGE_STRING ""
| #define PACKAGE_BUGREPORT ""
| #define VERSIONSTR "0.4.1-pre5"
| #define VERSIONHI 0
| #define VERSIONLO 4
| #define VERSIONP 1-pre5
| #define STATISTIC no
| #ifdef __cplusplus
| #include <stdlib.h>
| #endif
| /* end confdefs.h.  */
| #include <ac_nonexistent.h>
configure:2425: checking for a BSD-compatible install
configure:2479: result: /usr/bin/install -c
configure:2493: checking for arm-linux-ranlib
configure:2519: result: arm-linux-elf-ranlib
configure:2573: checking for strip
configure:2600: result: arm-linux-elf-strip
configure:2681: checking build system type
configure:2699: result: x86_64-unknown-linux-gnu
configure:2707: checking host system type
configure:2721: result: arm-unknown-linux-gnu
configure:2737: checking for arm-linux-gcc
configure:2763: result: ucfront-gcc arm-linux-elf-gcc 
configure:3045: checking for C compiler version
configure:3048: ucfront-gcc arm-linux-elf-gcc  --version </dev/null >&5
arm-linux-elf-gcc (GCC) 4.0.4
Copyright (C) 2006 Free Software Foundation, Inc.
This is free software; see the source for copying conditions.  There is NO
warranty; not even for MERCHANTABILITY or FITNESS FOR A PARTICULAR PURPOSE.

configure:3051: $? = 0
configure:3053: ucfront-gcc arm-linux-elf-gcc  -v </dev/null >&5
Using built-in specs.
Target: arm-linux-elf
Configured with: /src/toolchain/src/gcc-4.0.4/configure --prefix=/src/toolchain/prefix --with-sysroot=/src/toolchain/prefix/arm-linux-elf --target=arm-linux-elf --enable-languages=c,c++ --enable-multilib --with-cpu=arm7tdmi --with-gcc --with-gnu-ld --with-gnu-as --disable-shared --disable-threads --disable-nls --disable-libssp
Thread model: single
gcc version 4.0.4
configure:3056: $? = 0
configure:3058: ucfront-gcc arm-linux-elf-gcc  -V </dev/null >&5
arm-linux-elf-gcc: '-V' option must have argument
configure:3061: $? = 1
configure:3064: checking whether we are using the GNU C compiler
configure:3089: ucfront-gcc arm-linux-elf-gcc  -c -O2 -g -fomit-frame-pointer -fno-common -fno-builtin -Wall -mswp-byte-writes -DCONFIG_NDS_ROM8BIT -mcpu=arm946e-s -mfpu=fpe3 -DEMBED -D__PIC__ -fpic -msingle-pic-base -Dlinux -D__linux__ -Dunix -D__uClinux__  conftest.c >&5
configure:3092: $? = 0
configure:3095: test -s conftest.o
configure:3098: $? = 0
configure:3111: result: yes
configure:3117: checking whether ucfront-gcc arm-linux-elf-gcc  accepts -g
configure:3139: ucfront-gcc arm-linux-elf-gcc  -c -g  conftest.c >&5
configure:3142: $? = 0
configure:3145: test -s conftest.o
configure:3148: $? = 0
configure:3159: result: yes
configure:3176: checking for ucfront-gcc arm-linux-elf-gcc  option to accept ANSI C
configure:3237: ucfront-gcc arm-linux-elf-gcc   -c -O2 -g -fomit-frame-pointer -fno-common -fno-builtin -Wall -mswp-byte-writes -DCONFIG_NDS_ROM8BIT -mcpu=arm946e-s -mfpu=fpe3 -DEMBED -D__PIC__ -fpic -msingle-pic-base -Dlinux -D__linux__ -Dunix -D__uClinux__  conftest.c >&5
configure:3240: $? = 0
configure:3243: test -s conftest.o
configure:3246: $? = 0
configure:3264: result: none needed
configure:3282: ucfront-gcc arm-linux-elf-gcc  -c -O2 -g -fomit-frame-pointer -fno-common -fno-builtin -Wall -mswp-byte-writes -DCONFIG_NDS_ROM8BIT -mcpu=arm946e-s -mfpu=fpe3 -DEMBED -D__PIC__ -fpic -msingle-pic-base -Dlinux -D__linux__ -Dunix -D__uClinux__  conftest.c >&5
conftest.c:2: error: syntax error before 'me'
configure:3285: $? = 1
configure: failed program was:
| #ifndef __cplusplus
|   choke me
| #endif
configure:3416: checking for ld used by GCC
configure:3479: result: arm-linux-elf-ld
configure:3488: checking if the linker (arm-linux-elf-ld) is GNU ld
GNU ld version 2.17
configure:3500: result: yes
configure:3505: checking for arm-linux-elf-ld option to reload object files
configure:3512: result: -r
configure:3517: checking for BSD-compatible nm
configure:3553: result: nm
configure:3556: checking whether ln -s works
configure:3560: result: yes
configure:3567: checking how to recognise dependant libraries
configure:3745: result: file_magic ELF [0-9][0-9]*-bit [LM]SB (shared object|dynamic lib )
configure:3758: checking command to parse nm output
configure:3839: ucfront-gcc arm-linux-elf-gcc  -c -O2 -g -fomit-frame-pointer -fno-common -fno-builtin -Wall -mswp-byte-writes -DCONFIG_NDS_ROM8BIT -mcpu=arm946e-s -mfpu=fpe3 -DEMBED -D__PIC__ -fpic -msingle-pic-base -Dlinux -D__linux__ -Dunix -D__uClinux__  conftest.c >&5
configure:3842: $? = 0
configure:3846: nm conftest.o \| sed -n -e 's/^.*[ 	]\([ABCDGISTW][ABCDGISTW]*\)[ 	][ 	]*\(\)\([_A-Za-z][_A-Za-z0-9]*\)$/\1 \2\3 \3/p' \> conftest.nm
configure:3849: $? = 0
configure:3901: ucfront-gcc arm-linux-elf-gcc  -o conftest -O2 -g -fomit-frame-pointer -fno-common -fno-builtin -Wall -mswp-byte-writes -DCONFIG_NDS_ROM8BIT -mcpu=arm946e-s -mfpu=fpe3 -DEMBED -D__PIC__ -fpic -msingle-pic-base -Dlinux -D__linux__ -Dunix -D__uClinux__  -Wl,-elf2flt -D__PIC__ -fpic -msingle-pic-base -mswp-byte-writes conftest.c conftstm.o >&5
conftest.c:6: warning: 'main' is usually a function
configure:3904: $? = 0
configure:3948: result: ok
configure:3957: checking how to run the C preprocessor
configure:3993: ucfront-gcc arm-linux-elf-gcc  -E  conftest.c
configure:3999: $? = 0
configure:4031: ucfront-gcc arm-linux-elf-gcc  -E  conftest.c
configure:4038:28: error: ac_nonexistent.h: No such file or directory
configure:4037: $? = 1
configure: failed program was:
| #line 4022 "configure"
| /* confdefs.h.  */
| 
| #define PACKAGE_NAME ""
| #define PACKAGE_TARNAME ""
| #define PACKAGE_VERSION ""
| #define PACKAGE_STRING ""
| #define PACKAGE_BUGREPORT ""
| #define VERSIONSTR "0.4.1-pre5"
| #define VERSIONHI 0
| #define VERSIONLO 4
| #define VERSIONP 1-pre5
| #define STATISTIC no
| #ifdef __cplusplus
| #include <stdlib.h>
| #endif
| /* end confdefs.h.  */
| #include <ac_nonexistent.h>
configure:4075: result: ucfront-gcc arm-linux-elf-gcc  -E
configure:4100: ucfront-gcc arm-linux-elf-gcc  -E  conftest.c
configure:4106: $? = 0
configure:4138: ucfront-gcc arm-linux-elf-gcc  -E  conftest.c
configure:4145:28: error: ac_nonexistent.h: No such file or directory
configure:4144: $? = 1
configure: failed program was:
| #line 4129 "configure"
| /* confdefs.h.  */
| 
| #define PACKAGE_NAME ""
| #define PACKAGE_TARNAME ""
| #define PACKAGE_VERSION ""
| #define PACKAGE_STRING ""
| #define PACKAGE_BUGREPORT ""
| #define VERSIONSTR "0.4.1-pre5"
| #define VERSIONHI 0
| #define VERSIONLO 4
| #define VERSIONP 1-pre5
| #define STATISTIC no
| #ifdef __cplusplus
| #include <stdlib.h>
| #endif
| /* end confdefs.h.  */
| #include <ac_nonexistent.h>
configure:4187: checking for egrep
configure:4197: result: grep -E
configure:4202: checking for ANSI C header files
configure:4228: ucfront-gcc arm-linux-elf-gcc  -c -O2 -g -fomit-frame-pointer -fno-common -fno-builtin -Wall -mswp-byte-writes -DCONFIG_NDS_ROM8BIT -mcpu=arm946e-s -mfpu=fpe3 -DEMBED -D__PIC__ -fpic -msingle-pic-base -Dlinux -D__linux__ -Dunix -D__uClinux__  conftest.c >&5
configure:4231: $? = 0
configure:4234: test -s conftest.o
configure:4237: $? = 0
configure:4352: result: yes
configure:4376: checking for sys/types.h
configure:4393: ucfront-gcc arm-linux-elf-gcc  -c -O2 -g -fomit-frame-pointer -fno-common -fno-builtin -Wall -mswp-byte-writes -DCONFIG_NDS_ROM8BIT -mcpu=arm946e-s -mfpu=fpe3 -DEMBED -D__PIC__ -fpic -msingle-pic-base -Dlinux -D__linux__ -Dunix -D__uClinux__  conftest.c >&5
configure:4396: $? = 0
configure:4399: test -s conftest.o
configure:4402: $? = 0
configure:4413: result: yes
configure:4376: checking for sys/stat.h
configure:4393: ucfront-gcc arm-linux-elf-gcc  -c -O2 -g -fomit-frame-pointer -fno-common -fno-builtin -Wall -mswp-byte-writes -DCONFIG_NDS_ROM8BIT -mcpu=arm946e-s -mfpu=fpe3 -DEMBED -D__PIC__ -fpic -msingle-pic-base -Dlinux -D__linux__ -Dunix -D__uClinux__  conftest.c >&5
configure:4396: $? = 0
configure:4399: test -s conftest.o
configure:4402: $? = 0
configure:4413: result: yes
configure:4376: checking for stdlib.h
configure:4393: ucfront-gcc arm-linux-elf-gcc  -c -O2 -g -fomit-frame-pointer -fno-common -fno-builtin -Wall -mswp-byte-writes -DCONFIG_NDS_ROM8BIT -mcpu=arm946e-s -mfpu=fpe3 -DEMBED -D__PIC__ -fpic -msingle-pic-base -Dlinux -D__linux__ -Dunix -D__uClinux__  conftest.c >&5
configure:4396: $? = 0
configure:4399: test -s conftest.o
configure:4402: $? = 0
configure:4413: result: yes
configure:4376: checking for string.h
configure:4393: ucfront-gcc arm-linux-elf-gcc  -c -O2 -g -fomit-frame-pointer -fno-common -fno-builtin -Wall -mswp-byte-writes -DCONFIG_NDS_ROM8BIT -mcpu=arm946e-s -mfpu=fpe3 -DEMBED -D__PIC__ -fpic -msingle-pic-base -Dlinux -D__linux__ -Dunix -D__uClinux__  conftest.c >&5
configure:4396: $? = 0
configure:4399: test -s conftest.o
configure:4402: $? = 0
configure:4413: result: yes
configure:4376: checking for memory.h
configure:4393: ucfront-gcc arm-linux-elf-gcc  -c -O2 -g -fomit-frame-pointer -fno-common -fno-builtin -Wall -mswp-byte-writes -DCONFIG_NDS_ROM8BIT -mcpu=arm946e-s -mfpu=fpe3 -DEMBED -D__PIC__ -fpic -msingle-pic-base -Dlinux -D__linux__ -Dunix -D__uClinux__  conftest.c >&5
configure:4396: $? = 0
configure:4399: test -s conftest.o
configure:4402: $? = 0
configure:4413: result: yes
configure:4376: checking for strings.h
configure:4393: ucfront-gcc arm-linux-elf-gcc  -c -O2 -g -fomit-frame-pointer -fno-common -fno-builtin -Wall -mswp-byte-writes -DCONFIG_NDS_ROM8BIT -mcpu=arm946e-s -mfpu=fpe3 -DEMBED -D__PIC__ -fpic -msingle-pic-base -Dlinux -D__linux__ -Dunix -D__uClinux__  conftest.c >&5
configure:4396: $? = 0
configure:4399: test -s conftest.o
configure:4402: $? = 0
configure:4413: result: yes
configure:4376: checking for inttypes.h
configure:4393: ucfront-gcc arm-linux-elf-gcc  -c -O2 -g -fomit-frame-pointer -fno-common -fno-builtin -Wall -mswp-byte-writes -DCONFIG_NDS_ROM8BIT -mcpu=arm946e-s -mfpu=fpe3 -DEMBED -D__PIC__ -fpic -msingle-pic-base -Dlinux -D__linux__ -Dunix -D__uClinux__  conftest.c >&5
configure:4396: $? = 0
configure:4399: test -s conftest.o
configure:4402: $? = 0
configure:4413: result: yes
configure:4376: checking for stdint.h
configure:4393: ucfront-gcc arm-linux-elf-gcc  -c -O2 -g -fomit-frame-pointer -fno-common -fno-builtin -Wall -mswp-byte-writes -DCONFIG_NDS_ROM8BIT -mcpu=arm946e-s -mfpu=fpe3 -DEMBED -D__PIC__ -fpic -msingle-pic-base -Dlinux -D__linux__ -Dunix -D__uClinux__  conftest.c >&5
configure:4396: $? = 0
configure:4399: test -s conftest.o
configure:4402: $? = 0
configure:4413: result: yes
configure:4376: checking for unistd.h
configure:4393: ucfront-gcc arm-linux-elf-gcc  -c -O2 -g -fomit-frame-pointer -fno-common -fno-builtin -Wall -mswp-byte-writes -DCONFIG_NDS_ROM8BIT -mcpu=arm946e-s -mfpu=fpe3 -DEMBED -D__PIC__ -fpic -msingle-pic-base -Dlinux -D__linux__ -Dunix -D__uClinux__  conftest.c >&5
configure:4396: $? = 0
configure:4399: test -s conftest.o
configure:4402: $? = 0
configure:4413: result: yes
configure:4439: checking dlfcn.h usability
configure:4452: ucfront-gcc arm-linux-elf-gcc  -c -O2 -g -fomit-frame-pointer -fno-common -fno-builtin -Wall -mswp-byte-writes -DCONFIG_NDS_ROM8BIT -mcpu=arm946e-s -mfpu=fpe3 -DEMBED -D__PIC__ -fpic -msingle-pic-base -Dlinux -D__linux__ -Dunix -D__uClinux__  conftest.c >&5
configure:4455: $? = 0
configure:4458: test -s conftest.o
configure:4461: $? = 0
configure:4471: result: yes
configure:4475: checking dlfcn.h presence
configure:4486: ucfront-gcc arm-linux-elf-gcc  -E  conftest.c
configure:4492: $? = 0
configure:4511: result: yes
configure:4547: checking for dlfcn.h
configure:4554: result: yes
configure:4575: checking for arm-linux-file
configure:4633: result: no
configure:4639: checking for file
configure:4694: result: /usr/bin/file
configure:4713: checking for arm-linux-ranlib
configure:4739: result: arm-linux-elf-ranlib
configure:4793: checking for arm-linux-strip
configure:4819: result: arm-linux-elf-strip
configure:5070: checking for objdir
configure:5081: result: .libs
configure:5102: checking for ucfront-gcc option to produce PIC
configure:5252: result: -fPIC
configure:5256: checking if ucfront-gcc PIC flag -fPIC works
configure:5280: ucfront-gcc arm-linux-elf-gcc  -c -O2 -g -fomit-frame-pointer -fno-common -fno-builtin -Wall -mswp-byte-writes -DCONFIG_NDS_ROM8BIT -mcpu=arm946e-s -mfpu=fpe3 -DEMBED -D__PIC__ -fpic -msingle-pic-base -Dlinux -D__linux__ -Dunix -D__uClinux__ -fPIC -DPIC  conftest.c >&5
configure:5283: $? = 0
configure:5286: test -s conftest.o
configure:5289: $? = 0
configure:5327: result: yes
configure:5347: checking if ucfront-gcc static flag -static works
configure:5372: ucfront-gcc arm-linux-elf-gcc  -o conftest -O2 -g -fomit-frame-pointer -fno-common -fno-builtin -Wall -mswp-byte-writes -DCONFIG_NDS_ROM8BIT -mcpu=arm946e-s -mfpu=fpe3 -DEMBED -D__PIC__ -fpic -msingle-pic-base -Dlinux -D__linux__ -Dunix -D__uClinux__  -Wl,-elf2flt -D__PIC__ -fpic -msingle-pic-base -mswp-byte-writes -static conftest.c  >&5
No relocations in code!
configure:5375: $? = 0
configure:5378: test -s conftest
configure:5381: $? = 0
configure:5397: result: yes
configure:5413: checking if ucfront-gcc supports -c -o file.o
configure:5433: ucfront-gcc arm-linux-elf-gcc  -c -O2 -g -fomit-frame-pointer -fno-common -fno-builtin -Wall -mswp-byte-writes -DCONFIG_NDS_ROM8BIT -mcpu=arm946e-s -mfpu=fpe3 -DEMBED -D__PIC__ -fpic -msingle-pic-base -Dlinux -D__linux__ -Dunix -D__uClinux__ -o out/conftest2.o  conftest.c >&5
configure:5457: result: yes
configure:5462: checking if ucfront-gcc supports -c -o file.lo
configure:5490: ucfront-gcc arm-linux-elf-gcc  -c -O2 -g -fomit-frame-pointer -fno-common -fno-builtin -Wall -mswp-byte-writes -DCONFIG_NDS_ROM8BIT -mcpu=arm946e-s -mfpu=fpe3 -DEMBED -D__PIC__ -fpic -msingle-pic-base -Dlinux -D__linux__ -Dunix -D__uClinux__ -c -o conftest.lo  conftest.c >&5
configure: In function 'main':
configure:5504: warning: unused variable 'some_variable'
configure:5493: $? = 0
configure:5496: test -s conftest.lo
configure:5499: $? = 0
configure:5521: result: yes
configure:5560: checking if ucfront-gcc supports -fno-rtti -fno-exceptions
configure:5583: ucfront-gcc arm-linux-elf-gcc  -c -O2 -g -fomit-frame-pointer -fno-common -fno-builtin -Wall -mswp-byte-writes -DCONFIG_NDS_ROM8BIT -mcpu=arm946e-s -mfpu=fpe3 -DEMBED -D__PIC__ -fpic -msingle-pic-base -Dlinux -D__linux__ -Dunix -D__uClinux__ -fno-rtti -fno-exceptions -c conftest.c  conftest.c >&5
cc1: warning: command line option "-fno-rtti" is valid for C++/ObjC++ but not for C
configure: In function 'main':
configure:5597: warning: unused variable 'some_variable'
cc1: warning: command line option "-fno-rtti" is valid for C++/ObjC++ but not for C
configure: In function 'main':
configure:5597: warning: unused variable 'some_variable'
configure:5586: $? = 0
configure:5589: test -s conftest.o
configure:5592: $? = 0
configure:5609: result: yes
configure:5624: checking whether the linker (arm-linux-elf-ld) supports shared libraries
configure:6305: result: yes
configure:6314: checking how to hardcode library paths into programs
configure:6338: result: immediate
configure:6347: checking whether stripping libraries is possible
configure:6352: result: yes
configure:6367: checking dynamic linker characteristics
configure:6763: result: GNU/Linux ld.so
configure:6772: checking if libtool supports shared libraries
configure:6774: result: yes
configure:6781: checking whether to build shared libraries
configure:6802: result: yes
configure:6809: checking whether to build static libraries
configure:6813: result: yes
configure:7491: checking whether -lc should be explicitly linked in
configure:7499: ucfront-gcc arm-linux-elf-gcc  -c -O2 -g -fomit-frame-pointer -fno-common -fno-builtin -Wall -mswp-byte-writes -DCONFIG_NDS_ROM8BIT -mcpu=arm946e-s -mfpu=fpe3 -DEMBED -D__PIC__ -fpic -msingle-pic-base -Dlinux -D__linux__ -Dunix -D__uClinux__  conftest.c >&5
conftest.c:1: warning: 'dummy' defined but not used
configure:7502: $? = 0
configure:7516: ucfront-gcc arm-linux-elf-gcc  -shared conftest.o  -v -Wl,-soname -Wl,conftest -o conftest 2\>\&1 \| grep  -lc  \>/dev/null 2\>\&1
configure:7519: $? = 0
configure:7532: result: no
configure:8126: checking for ANSI C header files
configure:8276: result: yes
configure:8300: checking getopt.h usability
configure:8313: ucfront-g++ arm-linux-elf-g++  -c -O2 -g -fomit-frame-pointer -fno-common -fno-builtin -Wall -mswp-byte-writes -DCONFIG_NDS_ROM8BIT -mcpu=arm946e-s -mfpu=fpe3 -DEMBED -D__PIC__ -fpic -msingle-pic-base -Dlinux -D__linux__ -Dunix -D__uClinux__ -I /home/home/diskb/mnt/dslinux/lib/uClibc++/include -fno-builtin -nostdinc++ -DGCC_HASCLASSVISIBILITY -Wno-deprecated  conftest.cc >&5
configure:8316: $? = 0
configure:8319: test -s conftest.o
configure:8322: $? = 0
configure:8332: result: yes
configure:8336: checking getopt.h presence
configure:8347: ucfront-g++ arm-linux-elf-g++  -E  conftest.cc
configure:8353: $? = 0
configure:8372: result: yes
configure:8408: checking for getopt.h
configure:8415: result: yes
configure:8433: checking for unistd.h
configure:8438: result: yes
configure:8580: checking sys/socket.h usability
configure:8593: ucfront-g++ arm-linux-elf-g++  -c -O2 -g -fomit-frame-pointer -fno-common -fno-builtin -Wall -mswp-byte-writes -DCONFIG_NDS_ROM8BIT -mcpu=arm946e-s -mfpu=fpe3 -DEMBED -D__PIC__ -fpic -msingle-pic-base -Dlinux -D__linux__ -Dunix -D__uClinux__ -I /home/home/diskb/mnt/dslinux/lib/uClibc++/include -fno-builtin -nostdinc++ -DGCC_HASCLASSVISIBILITY -Wno-deprecated  conftest.cc >&5
configure:8596: $? = 0
configure:8599: test -s conftest.o
configure:8602: $? = 0
configure:8612: result: yes
configure:8616: checking sys/socket.h presence
configure:8627: ucfront-g++ arm-linux-elf-g++  -E  conftest.cc
configure:8633: $? = 0
configure:8652: result: yes
configure:8688: checking for sys/socket.h
configure:8695: result: yes
configure:8737: checking for dlfcn.h
configure:8742: result: yes
configure:8875: checking for dirent.h that defines DIR
configure:8900: ucfront-g++ arm-linux-elf-g++  -c -O2 -g -fomit-frame-pointer -fno-common -fno-builtin -Wall -mswp-byte-writes -DCONFIG_NDS_ROM8BIT -mcpu=arm946e-s -mfpu=fpe3 -DEMBED -D__PIC__ -fpic -msingle-pic-base -Dlinux -D__linux__ -Dunix -D__uClinux__ -I /home/home/diskb/mnt/dslinux/lib/uClibc++/include -fno-builtin -nostdinc++ -DGCC_HASCLASSVISIBILITY -Wno-deprecated  conftest.cc >&5
configure:8903: $? = 0
configure:8906: test -s conftest.o
configure:8909: $? = 0
configure:8920: result: yes
configure:8933: checking for library containing opendir
configure:8964: ucfront-g++ arm-linux-elf-g++  -o conftest -O2 -g -fomit-frame-pointer -fno-common -fno-builtin -Wall -mswp-byte-writes -DCONFIG_NDS_ROM8BIT -mcpu=arm946e-s -mfpu=fpe3 -DEMBED -D__PIC__ -fpic -msingle-pic-base -Dlinux -D__linux__ -Dunix -D__uClinux__ -I /home/home/diskb/mnt/dslinux/lib/uClibc++/include -fno-builtin -nostdinc++ -DGCC_HASCLASSVISIBILITY -Wno-deprecated  -Wl,-elf2flt -D__PIC__ -fpic -msingle-pic-base -mswp-byte-writes conftest.cc  >&5
configure:8967: $? = 0
configure:8970: test -s conftest
configure:8973: $? = 0
configure:9032: result: none required
configure:9151: checking which header file defines FD_ macros
configure:9215: result: <sys/types.h>
configure:9277: checking for socket in -lsocket
configure:9308: ucfront-g++ arm-linux-elf-g++  -o conftest -O2 -g -fomit-frame-pointer -fno-common -fno-builtin -Wall -mswp-byte-writes -DCONFIG_NDS_ROM8BIT -mcpu=arm946e-s -mfpu=fpe3 -DEMBED -D__PIC__ -fpic -msingle-pic-base -Dlinux -D__linux__ -Dunix -D__uClinux__ -I /home/home/diskb/mnt/dslinux/lib/uClibc++/include -fno-builtin -nostdinc++ -DGCC_HASCLASSVISIBILITY -Wno-deprecated  -Wl,-elf2flt -D__PIC__ -fpic -msingle-pic-base -mswp-byte-writes conftest.cc -lsocket   >&5
configure:9320:1: warning: "FD_HEADER_OK" redefined
configure:9317:1: warning: this is the location of the previous definition
/home/home/dslinux-toolchain-2008-01-24-i686/bin/../lib/gcc/arm-linux-elf/4.0.4/../../../../arm-linux-elf/bin/ld.real: cannot find -lsocket
collect2: ld returned 1 exit status
configure:9311: $? = 1
configure: failed program was:
| #line 9284 "configure"
| /* confdefs.h.  */
| 
| #define PACKAGE_NAME ""
| #define PACKAGE_TARNAME ""
| #define PACKAGE_VERSION ""
| #define PACKAGE_STRING ""
| #define PACKAGE_BUGREPORT ""
| #define VERSIONSTR "0.4.1-pre5"
| #define VERSIONHI 0
| #define VERSIONLO 4
| #define VERSIONP 1-pre5
| #define STATISTIC no
| #ifdef __cplusplus
| #include <stdlib.h>
| #endif
| #define STDC_HEADERS 1
| #define HAVE_SYS_TYPES_H 1
| #define HAVE_SYS_STAT_H 1
| #define HAVE_STDLIB_H 1
| #define HAVE_STRING_H 1
| #define HAVE_MEMORY_H 1
| #define HAVE_STRINGS_H 1
| #define HAVE_INTTYPES_H 1
| #define HAVE_STDINT_H 1
| #define HAVE_UNISTD_H 1
| #define HAVE_DLFCN_H 1
| #define STDC_HEADERS 1
| #define HAVE_GETOPT_H 1
| #define HAVE_UNISTD_H 1
| #define SOCKET_AVAIL 1
| #define HAVE_SYS_SOCKET_H 1
| #define SOCKLEN_T socklen_t
| #define HAVE_DIRENT_H 1
| #define FD_HEADER_OK 0
| #define FD_NEED_TIME_H 0
| #define FD_NEED_TYPES_H 1
| #define FD_HEADER_OK 1
| #define FD_NEED_SELECT_H 0
| #define HEADER_FD <sys/types.h>
| /* end confdefs.h.  */
| 
| /* Override any gcc2 internal prototype to avoid an error.  */
| #ifdef __cplusplus
| extern "C"
| #endif
| /* We use char because int might match the return type of a gcc2
|    builtin and then its argument prototype would still apply.  */
| char socket ();
| int
| main ()
| {
| socket ();
|   ;
|   return 0;
| }
configure:9329: result: no
configure:9341: checking for xdr_short in -lnsl
configure:9372: ucfront-g++ arm-linux-elf-g++  -o conftest -O2 -g -fomit-frame-pointer -fno-common -fno-builtin -Wall -mswp-byte-writes -DCONFIG_NDS_ROM8BIT -mcpu=arm946e-s -mfpu=fpe3 -DEMBED -D__PIC__ -fpic -msingle-pic-base -Dlinux -D__linux__ -Dunix -D__uClinux__ -I /home/home/diskb/mnt/dslinux/lib/uClibc++/include -fno-builtin -nostdinc++ -DGCC_HASCLASSVISIBILITY -Wno-deprecated  -Wl,-elf2flt -D__PIC__ -fpic -msingle-pic-base -mswp-byte-writes conftest.cc -lnsl   >&5
configure:9384:1: warning: "FD_HEADER_OK" redefined
configure:9381:1: warning: this is the location of the previous definition
configure:9375: $? = 0
configure:9378: test -s conftest
configure:9381: $? = 0
configure:9393: result: yes
configure:9404: checking for dlopen in -ldl
configure:9435: ucfront-g++ arm-linux-elf-g++  -o conftest -O2 -g -fomit-frame-pointer -fno-common -fno-builtin -Wall -mswp-byte-writes -DCONFIG_NDS_ROM8BIT -mcpu=arm946e-s -mfpu=fpe3 -DEMBED -D__PIC__ -fpic -msingle-pic-base -Dlinux -D__linux__ -Dunix -D__uClinux__ -I /home/home/diskb/mnt/dslinux/lib/uClibc++/include -fno-builtin -nostdinc++ -DGCC_HASCLASSVISIBILITY -Wno-deprecated  -Wl,-elf2flt -D__PIC__ -fpic -msingle-pic-base -mswp-byte-writes conftest.cc -ldl  -lnsl  >&5
configure:9447:1: warning: "FD_HEADER_OK" redefined
configure:9444:1: warning: this is the location of the previous definition
/home/home/dslinux-toolchain-2008-01-24-i686/bin/../lib/gcc/arm-linux-elf/4.0.4/../../../../arm-linux-elf/bin/ld.real: cannot find -ldl
collect2: ld returned 1 exit status
configure:9438: $? = 1
configure: failed program was:
| #line 9411 "configure"
| /* confdefs.h.  */
| 
| #define PACKAGE_NAME ""
| #define PACKAGE_TARNAME ""
| #define PACKAGE_VERSION ""
| #define PACKAGE_STRING ""
| #define PACKAGE_BUGREPORT ""
| #define VERSIONSTR "0.4.1-pre5"
| #define VERSIONHI 0
| #define VERSIONLO 4
| #define VERSIONP 1-pre5
| #define STATISTIC no
| #ifdef __cplusplus
| #include <stdlib.h>
| #endif
| #define STDC_HEADERS 1
| #define HAVE_SYS_TYPES_H 1
| #define HAVE_SYS_STAT_H 1
| #define HAVE_STDLIB_H 1
| #define HAVE_STRING_H 1
| #define HAVE_MEMORY_H 1
| #define HAVE_STRINGS_H 1
| #define HAVE_INTTYPES_H 1
| #define HAVE_STDINT_H 1
| #define HAVE_UNISTD_H 1
| #define HAVE_DLFCN_H 1
| #define STDC_HEADERS 1
| #define HAVE_GETOPT_H 1
| #define HAVE_UNISTD_H 1
| #define SOCKET_AVAIL 1
| #define HAVE_SYS_SOCKET_H 1
| #define SOCKLEN_T socklen_t
| #define HAVE_DIRENT_H 1
| #define FD_HEADER_OK 0
| #define FD_NEED_TIME_H 0
| #define FD_NEED_TYPES_H 1
| #define FD_HEADER_OK 1
| #define FD_NEED_SELECT_H 0
| #define HEADER_FD <sys/types.h>
| #define HAVE_LIBNSL 1
| /* end confdefs.h.  */
| 
| /* Override any gcc2 internal prototype to avoid an error.  */
| #ifdef __cplusplus
| extern "C"
| #endif
| /* We use char because int might match the return type of a gcc2
|    builtin and then its argument prototype would still apply.  */
| char dlopen ();
| int
| main ()
| {
| dlopen ();
|   ;
|   return 0;
| }
configure:9456: result: no
configure:9468: checking for panel_above in -lpanel
configure:9499: ucfront-g++ arm-linux-elf-g++  -o conftest -O2 -g -fomit-frame-pointer -fno-common -fno-builtin -Wall -mswp-byte-writes -DCONFIG_NDS_ROM8BIT -mcpu=arm946e-s -mfpu=fpe3 -DEMBED -D__PIC__ -fpic -msingle-pic-base -Dlinux -D__linux__ -Dunix -D__uClinux__ -I /home/home/diskb/mnt/dslinux/lib/uClibc++/include -fno-builtin -nostdinc++ -DGCC_HASCLASSVISIBILITY -Wno-deprecated  -Wl,-elf2flt -D__PIC__ -fpic -msingle-pic-base -mswp-byte-writes conftest.cc -lpanel -lcurses -lnsl  >&5
configure:9511:1: warning: "FD_HEADER_OK" redefined
configure:9508:1: warning: this is the location of the previous definition
/home/home/dslinux-toolchain-2008-01-24-i686/bin/../lib/gcc/arm-linux-elf/4.0.4/../../../../arm-linux-elf/bin/ld.real: cannot find -lcurses
collect2: ld returned 1 exit status
configure:9502: $? = 1
configure: failed program was:
| #line 9475 "configure"
| /* confdefs.h.  */
| 
| #define PACKAGE_NAME ""
| #define PACKAGE_TARNAME ""
| #define PACKAGE_VERSION ""
| #define PACKAGE_STRING ""
| #define PACKAGE_BUGREPORT ""
| #define VERSIONSTR "0.4.1-pre5"
| #define VERSIONHI 0
| #define VERSIONLO 4
| #define VERSIONP 1-pre5
| #define STATISTIC no
| #ifdef __cplusplus
| #include <stdlib.h>
| #endif
| #define STDC_HEADERS 1
| #define HAVE_SYS_TYPES_H 1
| #define HAVE_SYS_STAT_H 1
| #define HAVE_STDLIB_H 1
| #define HAVE_STRING_H 1
| #define HAVE_MEMORY_H 1
| #define HAVE_STRINGS_H 1
| #define HAVE_INTTYPES_H 1
| #define HAVE_STDINT_H 1
| #define HAVE_UNISTD_H 1
| #define HAVE_DLFCN_H 1
| #define STDC_HEADERS 1
| #define HAVE_GETOPT_H 1
| #define HAVE_UNISTD_H 1
| #define SOCKET_AVAIL 1
| #define HAVE_SYS_SOCKET_H 1
| #define SOCKLEN_T socklen_t
| #define HAVE_DIRENT_H 1
| #define FD_HEADER_OK 0
| #define FD_NEED_TIME_H 0
| #define FD_NEED_TYPES_H 1
| #define FD_HEADER_OK 1
| #define FD_NEED_SELECT_H 0
| #define HEADER_FD <sys/types.h>
| #define HAVE_LIBNSL 1
| /* end confdefs.h.  */
| 
| /* Override any gcc2 internal prototype to avoid an error.  */
| #ifdef __cplusplus
| extern "C"
| #endif
| /* We use char because int might match the return type of a gcc2
|    builtin and then its argument prototype would still apply.  */
| char panel_above ();
| int
| main ()
| {
| panel_above ();
|   ;
|   return 0;
| }
configure:9520: result: no
configure:9529: checking for nl in -lcurses
configure:9560: ucfront-g++ arm-linux-elf-g++  -o conftest -O2 -g -fomit-frame-pointer -fno-common -fno-builtin -Wall -mswp-byte-writes -DCONFIG_NDS_ROM8BIT -mcpu=arm946e-s -mfpu=fpe3 -DEMBED -D__PIC__ -fpic -msingle-pic-base -Dlinux -D__linux__ -Dunix -D__uClinux__ -I /home/home/diskb/mnt/dslinux/lib/uClibc++/include -fno-builtin -nostdinc++ -DGCC_HASCLASSVISIBILITY -Wno-deprecated  -Wl,-elf2flt -D__PIC__ -fpic -msingle-pic-base -mswp-byte-writes conftest.cc -lcurses  -lnsl  >&5
configure:9572:1: warning: "FD_HEADER_OK" redefined
configure:9569:1: warning: this is the location of the previous definition
/home/home/dslinux-toolchain-2008-01-24-i686/bin/../lib/gcc/arm-linux-elf/4.0.4/../../../../arm-linux-elf/bin/ld.real: cannot find -lcurses
collect2: ld returned 1 exit status
configure:9563: $? = 1
configure: failed program was:
| #line 9536 "configure"
| /* confdefs.h.  */
| 
| #define PACKAGE_NAME ""
| #define PACKAGE_TARNAME ""
| #define PACKAGE_VERSION ""
| #define PACKAGE_STRING ""
| #define PACKAGE_BUGREPORT ""
| #define VERSIONSTR "0.4.1-pre5"
| #define VERSIONHI 0
| #define VERSIONLO 4
| #define VERSIONP 1-pre5
| #define STATISTIC no
| #ifdef __cplusplus
| #include <stdlib.h>
| #endif
| #define STDC_HEADERS 1
| #define HAVE_SYS_TYPES_H 1
| #define HAVE_SYS_STAT_H 1
| #define HAVE_STDLIB_H 1
| #define HAVE_STRING_H 1
| #define HAVE_MEMORY_H 1
| #define HAVE_STRINGS_H 1
| #define HAVE_INTTYPES_H 1
| #define HAVE_STDINT_H 1
| #define HAVE_UNISTD_H 1
| #define HAVE_DLFCN_H 1
| #define STDC_HEADERS 1
| #define HAVE_GETOPT_H 1
| #define HAVE_UNISTD_H 1
| #define SOCKET_AVAIL 1
| #define HAVE_SYS_SOCKET_H 1
| #define SOCKLEN_T socklen_t
| #define HAVE_DIRENT_H 1
| #define FD_HEADER_OK 0
| #define FD_NEED_TIME_H 0
| #define FD_NEED_TYPES_H 1
| #define FD_HEADER_OK 1
| #define FD_NEED_SELECT_H 0
| #define HEADER_FD <sys/types.h>
| #define HAVE_LIBNSL 1
| /* end confdefs.h.  */
| 
| /* Override any gcc2 internal prototype to avoid an error.  */
| #ifdef __cplusplus
| extern "C"
| #endif
| /* We use char because int might match the return type of a gcc2
|    builtin and then its argument prototype would still apply.  */
| char nl ();
| int
| main ()
| {
| nl ();
|   ;
|   return 0;
| }
configure:9581: result: no
configure:9602: checking for vprintf
configure:9652: ucfront-g++ arm-linux-elf-g++  -o conftest -O2 -g -fomit-frame-pointer -fno-common -fno-builtin -Wall -mswp-byte-writes -DCONFIG_NDS_ROM8BIT -mcpu=arm946e-s -mfpu=fpe3 -DEMBED -D__PIC__ -fpic -msingle-pic-base -Dlinux -D__linux__ -Dunix -D__uClinux__ -I /home/home/diskb/mnt/dslinux/lib/uClibc++/include -fno-builtin -nostdinc++ -DGCC_HASCLASSVISIBILITY -Wno-deprecated  -Wl,-elf2flt -D__PIC__ -fpic -msingle-pic-base -mswp-byte-writes conftest.cc -lnsl  >&5
configure:9643:1: warning: "FD_HEADER_OK" redefined
configure:9640:1: warning: this is the location of the previous definition
configure:9655: $? = 0
configure:9658: test -s conftest
configure:9661: $? = 0
configure:9672: result: yes
configure:9679: checking for _doprnt
configure:9729: ucfront-g++ arm-linux-elf-g++  -o conftest -O2 -g -fomit-frame-pointer -fno-common -fno-builtin -Wall -mswp-byte-writes -DCONFIG_NDS_ROM8BIT -mcpu=arm946e-s -mfpu=fpe3 -DEMBED -D__PIC__ -fpic -msingle-pic-base -Dlinux -D__linux__ -Dunix -D__uClinux__ -I /home/home/diskb/mnt/dslinux/lib/uClibc++/include -fno-builtin -nostdinc++ -DGCC_HASCLASSVISIBILITY -Wno-deprecated  -Wl,-elf2flt -D__PIC__ -fpic -msingle-pic-base -mswp-byte-writes conftest.cc -lnsl  >&5
configure:9720:1: warning: "FD_HEADER_OK" redefined
configure:9717:1: warning: this is the location of the previous definition
conftest.elf2flt: In function `main':
/portstmp/sdcc-2.4.0/sim/ucsim/configure:9761: undefined reference to `_doprnt'
conftest.elf2flt:(.data.rel+0x0): undefined reference to `_doprnt'
collect2: ld returned 1 exit status
configure:9732: $? = 1
configure: failed program was:
| #line 9684 "configure"
| /* confdefs.h.  */
| 
| #define PACKAGE_NAME ""
| #define PACKAGE_TARNAME ""
| #define PACKAGE_VERSION ""
| #define PACKAGE_STRING ""
| #define PACKAGE_BUGREPORT ""
| #define VERSIONSTR "0.4.1-pre5"
| #define VERSIONHI 0
| #define VERSIONLO 4
| #define VERSIONP 1-pre5
| #define STATISTIC no
| #ifdef __cplusplus
| #include <stdlib.h>
| #endif
| #define STDC_HEADERS 1
| #define HAVE_SYS_TYPES_H 1
| #define HAVE_SYS_STAT_H 1
| #define HAVE_STDLIB_H 1
| #define HAVE_STRING_H 1
| #define HAVE_MEMORY_H 1
| #define HAVE_STRINGS_H 1
| #define HAVE_INTTYPES_H 1
| #define HAVE_STDINT_H 1
| #define HAVE_UNISTD_H 1
| #define HAVE_DLFCN_H 1
| #define STDC_HEADERS 1
| #define HAVE_GETOPT_H 1
| #define HAVE_UNISTD_H 1
| #define SOCKET_AVAIL 1
| #define HAVE_SYS_SOCKET_H 1
| #define SOCKLEN_T socklen_t
| #define HAVE_DIRENT_H 1
| #define FD_HEADER_OK 0
| #define FD_NEED_TIME_H 0
| #define FD_NEED_TYPES_H 1
| #define FD_HEADER_OK 1
| #define FD_NEED_SELECT_H 0
| #define HEADER_FD <sys/types.h>
| #define HAVE_LIBNSL 1
| #define HAVE_VPRINTF 1
| /* end confdefs.h.  */
| /* System header to define __stub macros and hopefully few prototypes,
|     which can conflict with char _doprnt (); below.
|     Prefer <limits.h> to <assert.h> if __STDC__ is defined, since
|     <limits.h> exists even on freestanding compilers.  */
| #ifdef __STDC__
| # include <limits.h>
| #else
| # include <assert.h>
| #endif
| /* Override any gcc2 internal prototype to avoid an error.  */
| #ifdef __cplusplus
| extern "C"
| {
| #endif
| /* We use char because int might match the return type of a gcc2
|    builtin and then its argument prototype would still apply.  */
| char _doprnt ();
| /* The GNU C library defines this for functions which it implements
|     to always fail with ENOSYS.  Some functions are actually named
|     something starting with __ and the normal name is an alias.  */
| #if defined (__stub__doprnt) || defined (__stub____doprnt)
| choke me
| #else
| char (*f) () = _doprnt;
| #endif
| #ifdef __cplusplus
| }
| #endif
| 
| int
| main ()
| {
| return f != _doprnt;
|   ;
|   return 0;
| }
configure:9749: result: no
configure:9768: checking for vsnprintf
configure:9818: ucfront-g++ arm-linux-elf-g++  -o conftest -O2 -g -fomit-frame-pointer -fno-common -fno-builtin -Wall -mswp-byte-writes -DCONFIG_NDS_ROM8BIT -mcpu=arm946e-s -mfpu=fpe3 -DEMBED -D__PIC__ -fpic -msingle-pic-base -Dlinux -D__linux__ -Dunix -D__uClinux__ -I /home/home/diskb/mnt/dslinux/lib/uClibc++/include -fno-builtin -nostdinc++ -DGCC_HASCLASSVISIBILITY -Wno-deprecated  -Wl,-elf2flt -D__PIC__ -fpic -msingle-pic-base -mswp-byte-writes conftest.cc -lnsl  >&5
configure:9809:1: warning: "FD_HEADER_OK" redefined
configure:9806:1: warning: this is the location of the previous definition
configure:9821: $? = 0
configure:9824: test -s conftest
configure:9827: $? = 0
configure:9838: result: yes
configure:9768: checking for vasprintf
configure:9818: ucfront-g++ arm-linux-elf-g++  -o conftest -O2 -g -fomit-frame-pointer -fno-common -fno-builtin -Wall -mswp-byte-writes -DCONFIG_NDS_ROM8BIT -mcpu=arm946e-s -mfpu=fpe3 -DEMBED -D__PIC__ -fpic -msingle-pic-base -Dlinux -D__linux__ -Dunix -D__uClinux__ -I /home/home/diskb/mnt/dslinux/lib/uClibc++/include -fno-builtin -nostdinc++ -DGCC_HASCLASSVISIBILITY -Wno-deprecated  -Wl,-elf2flt -D__PIC__ -fpic -msingle-pic-base -mswp-byte-writes conftest.cc -lnsl  >&5
configure:9809:1: warning: "FD_HEADER_OK" redefined
configure:9806:1: warning: this is the location of the previous definition
configure:9821: $? = 0
configure:9824: test -s conftest
configure:9827: $? = 0
configure:9838: result: yes
configure:9859: checking for strlen
configure:9909: ucfront-g++ arm-linux-elf-g++  -o conftest -O2 -g -fomit-frame-pointer -fno-common -fno-builtin -Wall -mswp-byte-writes -DCONFIG_NDS_ROM8BIT -mcpu=arm946e-s -mfpu=fpe3 -DEMBED -D__PIC__ -fpic -msingle-pic-base -Dlinux -D__linux__ -Dunix -D__uClinux__ -I /home/home/diskb/mnt/dslinux/lib/uClibc++/include -fno-builtin -nostdinc++ -DGCC_HASCLASSVISIBILITY -Wno-deprecated  -Wl,-elf2flt -D__PIC__ -fpic -msingle-pic-base -mswp-byte-writes conftest.cc -lnsl  >&5
configure:9900:1: warning: "FD_HEADER_OK" redefined
configure:9897:1: warning: this is the location of the previous definition
configure:9912: $? = 0
configure:9915: test -s conftest
configure:9918: $? = 0
configure:9929: result: yes
configure:9859: checking for strcpy
configure:9909: ucfront-g++ arm-linux-elf-g++  -o conftest -O2 -g -fomit-frame-pointer -fno-common -fno-builtin -Wall -mswp-byte-writes -DCONFIG_NDS_ROM8BIT -mcpu=arm946e-s -mfpu=fpe3 -DEMBED -D__PIC__ -fpic -msingle-pic-base -Dlinux -D__linux__ -Dunix -D__uClinux__ -I /home/home/diskb/mnt/dslinux/lib/uClibc++/include -fno-builtin -nostdinc++ -DGCC_HASCLASSVISIBILITY -Wno-deprecated  -Wl,-elf2flt -D__PIC__ -fpic -msingle-pic-base -mswp-byte-writes conftest.cc -lnsl  >&5
configure:9900:1: warning: "FD_HEADER_OK" redefined
configure:9897:1: warning: this is the location of the previous definition
configure:9912: $? = 0
configure:9915: test -s conftest
configure:9918: $? = 0
configure:9929: result: yes
configure:9859: checking for strcat
configure:9909: ucfront-g++ arm-linux-elf-g++  -o conftest -O2 -g -fomit-frame-pointer -fno-common -fno-builtin -Wall -mswp-byte-writes -DCONFIG_NDS_ROM8BIT -mcpu=arm946e-s -mfpu=fpe3 -DEMBED -D__PIC__ -fpic -msingle-pic-base -Dlinux -D__linux__ -Dunix -D__uClinux__ -I /home/home/diskb/mnt/dslinux/lib/uClibc++/include -fno-builtin -nostdinc++ -DGCC_HASCLASSVISIBILITY -Wno-deprecated  -Wl,-elf2flt -D__PIC__ -fpic -msingle-pic-base -mswp-byte-writes conftest.cc -lnsl  >&5
configure:9900:1: warning: "FD_HEADER_OK" redefined
configure:9897:1: warning: this is the location of the previous definition
configure:9912: $? = 0
configure:9915: test -s conftest
configure:9918: $? = 0
configure:9929: result: yes
configure:9859: checking for strstr
configure:9909: ucfront-g++ arm-linux-elf-g++  -o conftest -O2 -g -fomit-frame-pointer -fno-common -fno-builtin -Wall -mswp-byte-writes -DCONFIG_NDS_ROM8BIT -mcpu=arm946e-s -mfpu=fpe3 -DEMBED -D__PIC__ -fpic -msingle-pic-base -Dlinux -D__linux__ -Dunix -D__uClinux__ -I /home/home/diskb/mnt/dslinux/lib/uClibc++/include -fno-builtin -nostdinc++ -DGCC_HASCLASSVISIBILITY -Wno-deprecated  -Wl,-elf2flt -D__PIC__ -fpic -msingle-pic-base -mswp-byte-writes conftest.cc -lnsl  >&5
configure:9900:1: warning: "FD_HEADER_OK" redefined
configure:9897:1: warning: this is the location of the previous definition
configure:9912: $? = 0
configure:9915: test -s conftest
configure:9918: $? = 0
configure:9929: result: yes
configure:9859: checking for strcmp
configure:9909: ucfront-g++ arm-linux-elf-g++  -o conftest -O2 -g -fomit-frame-pointer -fno-common -fno-builtin -Wall -mswp-byte-writes -DCONFIG_NDS_ROM8BIT -mcpu=arm946e-s -mfpu=fpe3 -DEMBED -D__PIC__ -fpic -msingle-pic-base -Dlinux -D__linux__ -Dunix -D__uClinux__ -I /home/home/diskb/mnt/dslinux/lib/uClibc++/include -fno-builtin -nostdinc++ -DGCC_HASCLASSVISIBILITY -Wno-deprecated  -Wl,-elf2flt -D__PIC__ -fpic -msingle-pic-base -mswp-byte-writes conftest.cc -lnsl  >&5
configure:9900:1: warning: "FD_HEADER_OK" redefined
configure:9897:1: warning: this is the location of the previous definition
configure:9912: $? = 0
configure:9915: test -s conftest
configure:9918: $? = 0
configure:9929: result: yes
configure:9859: checking for strerror
configure:9909: ucfront-g++ arm-linux-elf-g++  -o conftest -O2 -g -fomit-frame-pointer -fno-common -fno-builtin -Wall -mswp-byte-writes -DCONFIG_NDS_ROM8BIT -mcpu=arm946e-s -mfpu=fpe3 -DEMBED -D__PIC__ -fpic -msingle-pic-base -Dlinux -D__linux__ -Dunix -D__uClinux__ -I /home/home/diskb/mnt/dslinux/lib/uClibc++/include -fno-builtin -nostdinc++ -DGCC_HASCLASSVISIBILITY -Wno-deprecated  -Wl,-elf2flt -D__PIC__ -fpic -msingle-pic-base -mswp-byte-writes conftest.cc -lnsl  >&5
configure:9900:1: warning: "FD_HEADER_OK" redefined
configure:9897:1: warning: this is the location of the previous definition
configure:9912: $? = 0
configure:9915: test -s conftest
configure:9918: $? = 0
configure:9929: result: yes
configure:9859: checking for strtok
configure:9909: ucfront-g++ arm-linux-elf-g++  -o conftest -O2 -g -fomit-frame-pointer -fno-common -fno-builtin -Wall -mswp-byte-writes -DCONFIG_NDS_ROM8BIT -mcpu=arm946e-s -mfpu=fpe3 -DEMBED -D__PIC__ -fpic -msingle-pic-base -Dlinux -D__linux__ -Dunix -D__uClinux__ -I /home/home/diskb/mnt/dslinux/lib/uClibc++/include -fno-builtin -nostdinc++ -DGCC_HASCLASSVISIBILITY -Wno-deprecated  -Wl,-elf2flt -D__PIC__ -fpic -msingle-pic-base -mswp-byte-writes conftest.cc -lnsl  >&5
configure:9900:1: warning: "FD_HEADER_OK" redefined
configure:9897:1: warning: this is the location of the previous definition
configure:9912: $? = 0
configure:9915: test -s conftest
configure:9918: $? = 0
configure:9929: result: yes
configure:9859: checking for strdup
configure:9909: ucfront-g++ arm-linux-elf-g++  -o conftest -O2 -g -fomit-frame-pointer -fno-common -fno-builtin -Wall -mswp-byte-writes -DCONFIG_NDS_ROM8BIT -mcpu=arm946e-s -mfpu=fpe3 -DEMBED -D__PIC__ -fpic -msingle-pic-base -Dlinux -D__linux__ -Dunix -D__uClinux__ -I /home/home/diskb/mnt/dslinux/lib/uClibc++/include -fno-builtin -nostdinc++ -DGCC_HASCLASSVISIBILITY -Wno-deprecated  -Wl,-elf2flt -D__PIC__ -fpic -msingle-pic-base -mswp-byte-writes conftest.cc -lnsl  >&5
configure:9900:1: warning: "FD_HEADER_OK" redefined
configure:9897:1: warning: this is the location of the previous definition
configure:9912: $? = 0
configure:9915: test -s conftest
configure:9918: $? = 0
configure:9929: result: yes
configure:9944: checking for strchr
configure:9994: ucfront-g++ arm-linux-elf-g++  -o conftest -O2 -g -fomit-frame-pointer -fno-common -fno-builtin -Wall -mswp-byte-writes -DCONFIG_NDS_ROM8BIT -mcpu=arm946e-s -mfpu=fpe3 -DEMBED -D__PIC__ -fpic -msingle-pic-base -Dlinux -D__linux__ -Dunix -D__uClinux__ -I /home/home/diskb/mnt/dslinux/lib/uClibc++/include -fno-builtin -nostdinc++ -DGCC_HASCLASSVISIBILITY -Wno-deprecated  -Wl,-elf2flt -D__PIC__ -fpic -msingle-pic-base -mswp-byte-writes conftest.cc -lnsl  >&5
configure:9985:1: warning: "FD_HEADER_OK" redefined
configure:9982:1: warning: this is the location of the previous definition
configure:9997: $? = 0
configure:10000: test -s conftest
configure:10003: $? = 0
configure:10014: result: yes
configure:9944: checking for memcpy
configure:9994: ucfront-g++ arm-linux-elf-g++  -o conftest -O2 -g -fomit-frame-pointer -fno-common -fno-builtin -Wall -mswp-byte-writes -DCONFIG_NDS_ROM8BIT -mcpu=arm946e-s -mfpu=fpe3 -DEMBED -D__PIC__ -fpic -msingle-pic-base -Dlinux -D__linux__ -Dunix -D__uClinux__ -I /home/home/diskb/mnt/dslinux/lib/uClibc++/include -fno-builtin -nostdinc++ -DGCC_HASCLASSVISIBILITY -Wno-deprecated  -Wl,-elf2flt -D__PIC__ -fpic -msingle-pic-base -mswp-byte-writes conftest.cc -lnsl  >&5
configure:9985:1: warning: "FD_HEADER_OK" redefined
configure:9982:1: warning: this is the location of the previous definition
configure:9997: $? = 0
configure:10000: test -s conftest
configure:10003: $? = 0
configure:10014: result: yes
configure:10028: checking for fgets
configure:10078: ucfront-g++ arm-linux-elf-g++  -o conftest -O2 -g -fomit-frame-pointer -fno-common -fno-builtin -Wall -mswp-byte-writes -DCONFIG_NDS_ROM8BIT -mcpu=arm946e-s -mfpu=fpe3 -DEMBED -D__PIC__ -fpic -msingle-pic-base -Dlinux -D__linux__ -Dunix -D__uClinux__ -I /home/home/diskb/mnt/dslinux/lib/uClibc++/include -fno-builtin -nostdinc++ -DGCC_HASCLASSVISIBILITY -Wno-deprecated  -Wl,-elf2flt -D__PIC__ -fpic -msingle-pic-base -mswp-byte-writes conftest.cc -lnsl  >&5
configure:10069:1: warning: "FD_HEADER_OK" redefined
configure:10066:1: warning: this is the location of the previous definition
configure:10081: $? = 0
configure:10084: test -s conftest
configure:10087: $? = 0
configure:10098: result: yes
configure:10112: checking for yylex
configure:10162: ucfront-g++ arm-linux-elf-g++  -o conftest -O2 -g -fomit-frame-pointer -fno-common -fno-builtin -Wall -mswp-byte-writes -DCONFIG_NDS_ROM8BIT -mcpu=arm946e-s -mfpu=fpe3 -DEMBED -D__PIC__ -fpic -msingle-pic-base -Dlinux -D__linux__ -Dunix -D__uClinux__ -I /home/home/diskb/mnt/dslinux/lib/uClibc++/include -fno-builtin -nostdinc++ -DGCC_HASCLASSVISIBILITY -Wno-deprecated  -Wl,-elf2flt -D__PIC__ -fpic -msingle-pic-base -mswp-byte-writes conftest.cc -lnsl  >&5
configure:10153:1: warning: "FD_HEADER_OK" redefined
configure:10150:1: warning: this is the location of the previous definition
conftest.elf2flt: In function `main':
/portstmp/sdcc-2.4.0/sim/ucsim/configure:10207: undefined reference to `yylex'
conftest.elf2flt:(.data.rel+0x0): undefined reference to `yylex'
collect2: ld returned 1 exit status
configure:10165: $? = 1
configure: failed program was:
| #line 10117 "configure"
| /* confdefs.h.  */
| 
| #define PACKAGE_NAME ""
| #define PACKAGE_TARNAME ""
| #define PACKAGE_VERSION ""
| #define PACKAGE_STRING ""
| #define PACKAGE_BUGREPORT ""
| #define VERSIONSTR "0.4.1-pre5"
| #define VERSIONHI 0
| #define VERSIONLO 4
| #define VERSIONP 1-pre5
| #define STATISTIC no
| #ifdef __cplusplus
| #include <stdlib.h>
| #endif
| #define STDC_HEADERS 1
| #define HAVE_SYS_TYPES_H 1
| #define HAVE_SYS_STAT_H 1
| #define HAVE_STDLIB_H 1
| #define HAVE_STRING_H 1
| #define HAVE_MEMORY_H 1
| #define HAVE_STRINGS_H 1
| #define HAVE_INTTYPES_H 1
| #define HAVE_STDINT_H 1
| #define HAVE_UNISTD_H 1
| #define HAVE_DLFCN_H 1
| #define STDC_HEADERS 1
| #define HAVE_GETOPT_H 1
| #define HAVE_UNISTD_H 1
| #define SOCKET_AVAIL 1
| #define HAVE_SYS_SOCKET_H 1
| #define SOCKLEN_T socklen_t
| #define HAVE_DIRENT_H 1
| #define FD_HEADER_OK 0
| #define FD_NEED_TIME_H 0
| #define FD_NEED_TYPES_H 1
| #define FD_HEADER_OK 1
| #define FD_NEED_SELECT_H 0
| #define HEADER_FD <sys/types.h>
| #define HAVE_LIBNSL 1
| #define HAVE_VPRINTF 1
| #define HAVE_VSNPRINTF 1
| #define HAVE_VASPRINTF 1
| #define HAVE_STRLEN 1
| #define HAVE_STRCPY 1
| #define HAVE_STRCAT 1
| #define HAVE_STRSTR 1
| #define HAVE_STRCMP 1
| #define HAVE_STRERROR 1
| #define HAVE_STRTOK 1
| #define HAVE_STRDUP 1
| #define HAVE_STRCHR 1
| #define HAVE_MEMCPY 1
| #define HAVE_FGETS 1
| /* end confdefs.h.  */
| /* System header to define __stub macros and hopefully few prototypes,
|     which can conflict with char yylex (); below.
|     Prefer <limits.h> to <assert.h> if __STDC__ is defined, since
|     <limits.h> exists even on freestanding compilers.  */
| #ifdef __STDC__
| # include <limits.h>
| #else
| # include <assert.h>
| #endif
| /* Override any gcc2 internal prototype to avoid an error.  */
| #ifdef __cplusplus
| extern "C"
| {
| #endif
| /* We use char because int might match the return type of a gcc2
|    builtin and then its argument prototype would still apply.  */
| char yylex ();
| /* The GNU C library defines this for functions which it implements
|     to always fail with ENOSYS.  Some functions are actually named
|     something starting with __ and the normal name is an alias.  */
| #if defined (__stub_yylex) || defined (__stub___yylex)
| choke me
| #else
| char (*f) () = yylex;
| #endif
| #ifdef __cplusplus
| }
| #endif
| 
| int
| main ()
| {
| return f != yylex;
|   ;
|   return 0;
| }
configure:10182: result: no
configure:10193: checking whether scanf knows %a
configure:10251: result: unknown
configure:10260: checking whether getcwd is GNUish
configure:10308: result: unknown
configure:10320: checking for type of length pointer parameter of accept
configure:10347: ucfront-g++ arm-linux-elf-g++  -c -O2 -g -fomit-frame-pointer -fno-common -fno-builtin -Wall -mswp-byte-writes -DCONFIG_NDS_ROM8BIT -mcpu=arm946e-s -mfpu=fpe3 -DEMBED -D__PIC__ -fpic -msingle-pic-base -Dlinux -D__linux__ -Dunix -D__uClinux__ -I /home/home/diskb/mnt/dslinux/lib/uClibc++/include -fno-builtin -nostdinc++ -DGCC_HASCLASSVISIBILITY -Wno-deprecated  -DACCEPT_SOCKLEN_T=int conftest.cc >&5
configure:10365:1: warning: "FD_HEADER_OK" redefined
configure:10362:1: warning: this is the location of the previous definition
configure: In function 'int main()':
configure:10389: error: invalid conversion from 'int*' to 'socklen_t*'
configure:10389: error:   initializing argument 3 of 'int accept(int, sockaddr*, socklen_t*)'
configure:10350: $? = 1
configure: failed program was:
| #line 10329 "configure"
| /* confdefs.h.  */
| 
| #define PACKAGE_NAME ""
| #define PACKAGE_TARNAME ""
| #define PACKAGE_VERSION ""
| #define PACKAGE_STRING ""
| #define PACKAGE_BUGREPORT ""
| #define VERSIONSTR "0.4.1-pre5"
| #define VERSIONHI 0
| #define VERSIONLO 4
| #define VERSIONP 1-pre5
| #define STATISTIC no
| #ifdef __cplusplus
| #include <stdlib.h>
| #endif
| #define STDC_HEADERS 1
| #define HAVE_SYS_TYPES_H 1
| #define HAVE_SYS_STAT_H 1
| #define HAVE_STDLIB_H 1
| #define HAVE_STRING_H 1
| #define HAVE_MEMORY_H 1
| #define HAVE_STRINGS_H 1
| #define HAVE_INTTYPES_H 1
| #define HAVE_STDINT_H 1
| #define HAVE_UNISTD_H 1
| #define HAVE_DLFCN_H 1
| #define STDC_HEADERS 1
| #define HAVE_GETOPT_H 1
| #define HAVE_UNISTD_H 1
| #define SOCKET_AVAIL 1
| #define HAVE_SYS_SOCKET_H 1
| #define SOCKLEN_T socklen_t
| #define HAVE_DIRENT_H 1
| #define FD_HEADER_OK 0
| #define FD_NEED_TIME_H 0
| #define FD_NEED_TYPES_H 1
| #define FD_HEADER_OK 1
| #define FD_NEED_SELECT_H 0
| #define HEADER_FD <sys/types.h>
| #define HAVE_LIBNSL 1
| #define HAVE_VPRINTF 1
| #define HAVE_VSNPRINTF 1
| #define HAVE_VASPRINTF 1
| #define HAVE_STRLEN 1
| #define HAVE_STRCPY 1
| #define HAVE_STRCAT 1
| #define HAVE_STRSTR 1
| #define HAVE_STRCMP 1
| #define HAVE_STRERROR 1
| #define HAVE_STRTOK 1
| #define HAVE_STRDUP 1
| #define HAVE_STRCHR 1
| #define HAVE_MEMCPY 1
| #define HAVE_FGETS 1
| /* end confdefs.h.  */
| #include <sys/types.h>
| #include <sys/socket.h>
| int
| main ()
| {
| struct sockaddr a; int len; accept (0, &a, &len);
|   ;
|   return 0;
| }
configure:10347: ucfront-g++ arm-linux-elf-g++  -c -O2 -g -fomit-frame-pointer -fno-common -fno-builtin -Wall -mswp-byte-writes -DCONFIG_NDS_ROM8BIT -mcpu=arm946e-s -mfpu=fpe3 -DEMBED -D__PIC__ -fpic -msingle-pic-base -Dlinux -D__linux__ -Dunix -D__uClinux__ -I /home/home/diskb/mnt/dslinux/lib/uClibc++/include -fno-builtin -nostdinc++ -DGCC_HASCLASSVISIBILITY -Wno-deprecated  -DACCEPT_SOCKLEN_T=size_t conftest.cc >&5
configure:10365:1: warning: "FD_HEADER_OK" redefined
configure:10362:1: warning: this is the location of the previous definition
configure: In function 'int main()':
configure:10389: error: invalid conversion from 'size_t*' to 'socklen_t*'
configure:10389: error:   initializing argument 3 of 'int accept(int, sockaddr*, socklen_t*)'
configure:10350: $? = 1
configure: failed program was:
| #line 10329 "configure"
| /* confdefs.h.  */
| 
| #define PACKAGE_NAME ""
| #define PACKAGE_TARNAME ""
| #define PACKAGE_VERSION ""
| #define PACKAGE_STRING ""
| #define PACKAGE_BUGREPORT ""
| #define VERSIONSTR "0.4.1-pre5"
| #define VERSIONHI 0
| #define VERSIONLO 4
| #define VERSIONP 1-pre5
| #define STATISTIC no
| #ifdef __cplusplus
| #include <stdlib.h>
| #endif
| #define STDC_HEADERS 1
| #define HAVE_SYS_TYPES_H 1
| #define HAVE_SYS_STAT_H 1
| #define HAVE_STDLIB_H 1
| #define HAVE_STRING_H 1
| #define HAVE_MEMORY_H 1
| #define HAVE_STRINGS_H 1
| #define HAVE_INTTYPES_H 1
| #define HAVE_STDINT_H 1
| #define HAVE_UNISTD_H 1
| #define HAVE_DLFCN_H 1
| #define STDC_HEADERS 1
| #define HAVE_GETOPT_H 1
| #define HAVE_UNISTD_H 1
| #define SOCKET_AVAIL 1
| #define HAVE_SYS_SOCKET_H 1
| #define SOCKLEN_T socklen_t
| #define HAVE_DIRENT_H 1
| #define FD_HEADER_OK 0
| #define FD_NEED_TIME_H 0
| #define FD_NEED_TYPES_H 1
| #define FD_HEADER_OK 1
| #define FD_NEED_SELECT_H 0
| #define HEADER_FD <sys/types.h>
| #define HAVE_LIBNSL 1
| #define HAVE_VPRINTF 1
| #define HAVE_VSNPRINTF 1
| #define HAVE_VASPRINTF 1
| #define HAVE_STRLEN 1
| #define HAVE_STRCPY 1
| #define HAVE_STRCAT 1
| #define HAVE_STRSTR 1
| #define HAVE_STRCMP 1
| #define HAVE_STRERROR 1
| #define HAVE_STRTOK 1
| #define HAVE_STRDUP 1
| #define HAVE_STRCHR 1
| #define HAVE_MEMCPY 1
| #define HAVE_FGETS 1
| /* end confdefs.h.  */
| #include <sys/types.h>
| #include <sys/socket.h>
| int
| main ()
| {
| struct sockaddr a; size_t len; accept (0, &a, &len);
|   ;
|   return 0;
| }
configure:10347: ucfront-g++ arm-linux-elf-g++  -c -O2 -g -fomit-frame-pointer -fno-common -fno-builtin -Wall -mswp-byte-writes -DCONFIG_NDS_ROM8BIT -mcpu=arm946e-s -mfpu=fpe3 -DEMBED -D__PIC__ -fpic -msingle-pic-base -Dlinux -D__linux__ -Dunix -D__uClinux__ -I /home/home/diskb/mnt/dslinux/lib/uClibc++/include -fno-builtin -nostdinc++ -DGCC_HASCLASSVISIBILITY -Wno-deprecated  -DACCEPT_SOCKLEN_T=socklen_t conftest.cc >&5
configure:10365:1: warning: "FD_HEADER_OK" redefined
configure:10362:1: warning: this is the location of the previous definition
configure:10350: $? = 0
configure:10353: test -s conftest.o
configure:10356: $? = 0
configure:10368: result: socklen_t
configure:10620: checking whether preprocessor accepts -MM or -M
Using built-in specs.
Target: arm-linux-elf
Configured with: /src/toolchain/src/gcc-4.0.4/configure --prefix=/src/toolchain/prefix --with-sysroot=/src/toolchain/prefix/arm-linux-elf --target=arm-linux-elf --enable-languages=c,c++ --enable-multilib --with-cpu=arm7tdmi --with-gcc --with-gnu-ld --with-gnu-as --disable-shared --disable-threads --disable-nls --disable-libssp
Thread model: single
gcc version 4.0.4
 /home/home/dslinux-toolchain-2008-01-24-i686/bin/../libexec/gcc/arm-linux-elf/4.0.4/cc1plus -E -quiet -nostdinc -v -iprefix /home/home/dslinux-toolchain-2008-01-24-i686/bin/../lib/gcc/arm-linux-elf/4.0.4/ -isysroot /home/home/dslinux-toolchain-2008-01-24-i686/bin/../arm-linux-elf -MM -D__USES_INITFINI__ -idirafter /home/home/diskb/mnt/dslinux/include -isystem /home/home/diskb/mnt/dslinux/uClibc/include -isystem /home/home/diskb/mnt/dslinux/include/gcc _test_.c -mcpu=arm7tdmi
#include "..." search starts here:
#include <...> search starts here:
 /home/home/diskb/mnt/dslinux/uClibc/include
 /home/home/diskb/mnt/dslinux/include/gcc
 /home/home/diskb/mnt/dslinux/include
End of search list.
_test_.o: _test_.c
configure:10635: result: -MM
configure:10643: checking whether ucfront-g++ arm-linux-elf-g++  accepts -ggdb
Using built-in specs.
Target: arm-linux-elf
Configured with: /src/toolchain/src/gcc-4.0.4/configure --prefix=/src/toolchain/prefix --with-sysroot=/src/toolchain/prefix/arm-linux-elf --target=arm-linux-elf --enable-languages=c,c++ --enable-multilib --with-cpu=arm7tdmi --with-gcc --with-gnu-ld --with-gnu-as --disable-shared --disable-threads --disable-nls --disable-libssp
Thread model: single
gcc version 4.0.4
 /home/home/dslinux-toolchain-2008-01-24-i686/bin/../libexec/gcc/arm-linux-elf/4.0.4/cc1plus -quiet -nostdinc -v -iprefix /home/home/dslinux-toolchain-2008-01-24-i686/bin/../lib/gcc/arm-linux-elf/4.0.4/ -isysroot /home/home/dslinux-toolchain-2008-01-24-i686/bin/../arm-linux-elf -D__USES_INITFINI__ -idirafter /home/home/diskb/mnt/dslinux/include -isystem /home/home/diskb/mnt/dslinux/uClibc/include -isystem /home/home/diskb/mnt/dslinux/include/gcc _test_.c -quiet -dumpbase _test_.c -mcpu=arm7tdmi -auxbase _test_ -ggdb -version -o /tmp/ccRcJKHW.s
#include "..." search starts here:
#include <...> search starts here:
 /home/home/diskb/mnt/dslinux/uClibc/include
 /home/home/diskb/mnt/dslinux/include/gcc
 /home/home/diskb/mnt/dslinux/include
End of search list.
GNU C++ version 4.0.4 (arm-linux-elf)
	compiled by GNU C version 3.2.2.
GGC heuristics: --param ggc-min-expand=38 --param ggc-min-heapsize=15227
_test_.c:2: error: '::main' must return 'int'
configure:10660: result: no
configure:10672: checking whether ucfront-g++ arm-linux-elf-g++  accepts -pipe
Using built-in specs.
Target: arm-linux-elf
Configured with: /src/toolchain/src/gcc-4.0.4/configure --prefix=/src/toolchain/prefix --with-sysroot=/src/toolchain/prefix/arm-linux-elf --target=arm-linux-elf --enable-languages=c,c++ --enable-multilib --with-cpu=arm7tdmi --with-gcc --with-gnu-ld --with-gnu-as --disable-shared --disable-threads --disable-nls --disable-libssp
Thread model: single
gcc version 4.0.4
 /home/home/dslinux-toolchain-2008-01-24-i686/bin/../libexec/gcc/arm-linux-elf/4.0.4/cc1plus -quiet -nostdinc -v -iprefix /home/home/dslinux-toolchain-2008-01-24-i686/bin/../lib/gcc/arm-linux-elf/4.0.4/ -isysroot /home/home/dslinux-toolchain-2008-01-24-i686/bin/../arm-linux-elf -D__USES_INITFINI__ -idirafter /home/home/diskb/mnt/dslinux/include -isystem /home/home/diskb/mnt/dslinux/uClibc/include -isystem /home/home/diskb/mnt/dslinux/include/gcc _test_.c -quiet -dumpbase _test_.c -mcpu=arm7tdmi -auxbase _test_ -version -o - |
 /home/home/dslinux-toolchain-2008-01-24-i686/bin/../lib/gcc/arm-linux-elf/4.0.4/../../../../arm-linux-elf/bin/as -mcpu=arm7tdmi -o _test_.o
#include "..." search starts here:
#include <...> search starts here:
 /home/home/diskb/mnt/dslinux/uClibc/include
 /home/home/diskb/mnt/dslinux/include/gcc
 /home/home/diskb/mnt/dslinux/include
End of search list.
GNU C++ version 4.0.4 (arm-linux-elf)
	compiled by GNU C version 3.2.2.
GGC heuristics: --param ggc-min-expand=38 --param ggc-min-heapsize=15227
_test_.c:2: error: '::main' must return 'int'
configure:10689: result: no
configure:10699: checking whether ucfront-g++ arm-linux-elf-g++  accepts -fPIC
Using built-in specs.
Target: arm-linux-elf
Configured with: /src/toolchain/src/gcc-4.0.4/configure --prefix=/src/toolchain/prefix --with-sysroot=/src/toolchain/prefix/arm-linux-elf --target=arm-linux-elf --enable-languages=c,c++ --enable-multilib --with-cpu=arm7tdmi --with-gcc --with-gnu-ld --with-gnu-as --disable-shared --disable-threads --disable-nls --disable-libssp
Thread model: single
gcc version 4.0.4
 /home/home/dslinux-toolchain-2008-01-24-i686/bin/../libexec/gcc/arm-linux-elf/4.0.4/cc1plus -quiet -nostdinc -v -iprefix /home/home/dslinux-toolchain-2008-01-24-i686/bin/../lib/gcc/arm-linux-elf/4.0.4/ -isysroot /home/home/dslinux-toolchain-2008-01-24-i686/bin/../arm-linux-elf -D__USES_INITFINI__ -idirafter /home/home/diskb/mnt/dslinux/include -isystem /home/home/diskb/mnt/dslinux/uClibc/include -isystem /home/home/diskb/mnt/dslinux/include/gcc _test_.c -quiet -dumpbase _test_.c -mcpu=arm7tdmi -auxbase _test_ -version -fPIC -o /tmp/ccqhwowV.s
#include "..." search starts here:
#include <...> search starts here:
 /home/home/diskb/mnt/dslinux/uClibc/include
 /home/home/diskb/mnt/dslinux/include/gcc
 /home/home/diskb/mnt/dslinux/include
End of search list.
GNU C++ version 4.0.4 (arm-linux-elf)
	compiled by GNU C version 3.2.2.
GGC heuristics: --param ggc-min-expand=38 --param ggc-min-heapsize=15227
_test_.c:2: error: '::main' must return 'int'
configure:10716: result: no
configure:10723: checking whether ucfront-g++ arm-linux-elf-g++  accepts -fpic
Using built-in specs.
Target: arm-linux-elf
Configured with: /src/toolchain/src/gcc-4.0.4/configure --prefix=/src/toolchain/prefix --with-sysroot=/src/toolchain/prefix/arm-linux-elf --target=arm-linux-elf --enable-languages=c,c++ --enable-multilib --with-cpu=arm7tdmi --with-gcc --with-gnu-ld --with-gnu-as --disable-shared --disable-threads --disable-nls --disable-libssp
Thread model: single
gcc version 4.0.4
 /home/home/dslinux-toolchain-2008-01-24-i686/bin/../libexec/gcc/arm-linux-elf/4.0.4/cc1plus -quiet -nostdinc -v -iprefix /home/home/dslinux-toolchain-2008-01-24-i686/bin/../lib/gcc/arm-linux-elf/4.0.4/ -isysroot /home/home/dslinux-toolchain-2008-01-24-i686/bin/../arm-linux-elf -D__USES_INITFINI__ -idirafter /home/home/diskb/mnt/dslinux/include -isystem /home/home/diskb/mnt/dslinux/uClibc/include -isystem /home/home/diskb/mnt/dslinux/include/gcc _test_.c -quiet -dumpbase _test_.c -mcpu=arm7tdmi -auxbase _test_ -version -fpic -o /tmp/ccA2KmJZ.s
#include "..." search starts here:
#include <...> search starts here:
 /home/home/diskb/mnt/dslinux/uClibc/include
 /home/home/diskb/mnt/dslinux/include/gcc
 /home/home/diskb/mnt/dslinux/include
End of search list.
GNU C++ version 4.0.4 (arm-linux-elf)
	compiled by GNU C version 3.2.2.
GGC heuristics: --param ggc-min-expand=38 --param ggc-min-heapsize=15227
_test_.c:2: error: '::main' must return 'int'
configure:10740: result: no
configure:10770: checking return type of signal handlers
configure:10802: ucfront-g++ arm-linux-elf-g++  -c -O2 -g -fomit-frame-pointer -fno-common -fno-builtin -Wall -mswp-byte-writes -DCONFIG_NDS_ROM8BIT -mcpu=arm946e-s -mfpu=fpe3 -DEMBED -D__PIC__ -fpic -msingle-pic-base -Dlinux -D__linux__ -Dunix -D__uClinux__ -I /home/home/diskb/mnt/dslinux/lib/uClibc++/include -fno-builtin -nostdinc++ -DGCC_HASCLASSVISIBILITY -Wno-deprecated  conftest.cc >&5
configure:10811:1: warning: "FD_HEADER_OK" redefined
configure:10808:1: warning: this is the location of the previous definition
configure: In function 'int main()':
configure:10845: warning: unused variable 'i'
configure:10805: $? = 0
configure:10808: test -s conftest.o
configure:10811: $? = 0
configure:10822: result: void
configure:12674: checking type name for byte
configure:12677: result: long long
configure:12679: checking type name for word
configure:12682: result: long long
configure:12684: checking type name for dword
configure:12687: result: long long
configure:12824: creating ./config.status

## ---------------------- ##
## Running config.status. ##
## ---------------------- ##

This file was extended by config.status, which was
generated by GNU Autoconf 2.57.  Invocation command line was

  CONFIG_FILES    = 
  CONFIG_HEADERS  = 
  CONFIG_LINKS    = 
  CONFIG_COMMANDS = 
  $ ./config.status 

on debian

config.status:668: creating main.mk
config.status:668: creating packages.mk
config.status:668: creating sim.src/Makefile
config.status:668: creating cmd.src/Makefile
config.status:668: creating s51.src/Makefile
config.status:668: creating avr.src/Makefile
config.status:668: creating z80.src/Makefile
config.status:668: creating hc08.src/Makefile
config.status:668: creating xa.src/Makefile
config.status:668: creating gui.src/Makefile
config.status:668: creating gui.src/serio.src/Makefile
config.status:668: creating doc/Makefile
config.status:772: creating ddconfig.h

## ---------------- ##
## Cache variables. ##
## ---------------- ##

ac_cv_build=x86_64-unknown-linux-gnu
ac_cv_build_alias=x86_64-unknown-linux-gnu
ac_cv_c_compiler_gnu=yes
ac_cv_cxx_compiler_gnu=yes
ac_cv_env_CC_set=set
ac_cv_env_CC_value='ucfront-gcc arm-linux-elf-gcc '
ac_cv_env_CFLAGS_set=set
ac_cv_env_CFLAGS_value='-O2 -g -fomit-frame-pointer -fno-common -fno-builtin -Wall -mswp-byte-writes -DCONFIG_NDS_ROM8BIT -mcpu=arm946e-s -mfpu=fpe3 -DEMBED -D__PIC__ -fpic -msingle-pic-base -Dlinux -D__linux__ -Dunix -D__uClinux__'
ac_cv_env_CPPFLAGS_set=
ac_cv_env_CPPFLAGS_value=
ac_cv_env_CPP_set=
ac_cv_env_CPP_value=
ac_cv_env_CXXCPP_set=
ac_cv_env_CXXCPP_value=
ac_cv_env_CXXFLAGS_set=set
ac_cv_env_CXXFLAGS_value='-O2 -g -fomit-frame-pointer -fno-common -fno-builtin -Wall -mswp-byte-writes -DCONFIG_NDS_ROM8BIT -mcpu=arm946e-s -mfpu=fpe3 -DEMBED -D__PIC__ -fpic -msingle-pic-base -Dlinux -D__linux__ -Dunix -D__uClinux__ -I /home/home/diskb/mnt/dslinux/lib/uClibc++/include -fno-builtin -nostdinc++ -DGCC_HASCLASSVISIBILITY -Wno-deprecated'
ac_cv_env_CXX_set=set
ac_cv_env_CXX_value='ucfront-g++ arm-linux-elf-g++ '
ac_cv_env_LDFLAGS_set=set
ac_cv_env_LDFLAGS_value='-Wl,-elf2flt -D__PIC__ -fpic -msingle-pic-base -mswp-byte-writes'
ac_cv_env_build_alias_set=
ac_cv_env_build_alias_value=
ac_cv_env_host_alias_set=set
ac_cv_env_host_alias_value=arm-linux
ac_cv_env_target_alias_set=
ac_cv_env_target_alias_value=
ac_cv_exeext=
ac_cv_func__doprnt=no
ac_cv_func_fgets=yes
ac_cv_func_memcpy=yes
ac_cv_func_strcat=yes
ac_cv_func_strchr=yes
ac_cv_func_strcmp=yes
ac_cv_func_strcpy=yes
ac_cv_func_strdup=yes
ac_cv_func_strerror=yes
ac_cv_func_strlen=yes
ac_cv_func_strstr=yes
ac_cv_func_strtok=yes
ac_cv_func_vasprintf=yes
ac_cv_func_vprintf=yes
ac_cv_func_vsnprintf=yes
ac_cv_func_yylex=no
ac_cv_header_dirent_dirent_h=yes
ac_cv_header_dlfcn_h=yes
ac_cv_header_getopt_h=yes
ac_cv_header_inttypes_h=yes
ac_cv_header_memory_h=yes
ac_cv_header_stdc=yes
ac_cv_header_stdint_h=yes
ac_cv_header_stdlib_h=yes
ac_cv_header_string_h=yes
ac_cv_header_strings_h=yes
ac_cv_header_sys_socket_h=yes
ac_cv_header_sys_stat_h=yes
ac_cv_header_sys_types_h=yes
ac_cv_header_unistd_h=yes
ac_cv_host=arm-unknown-linux-gnu
ac_cv_host_alias=arm-linux
ac_cv_lib_curses_nl=no
ac_cv_lib_dl_dlopen=no
ac_cv_lib_nsl_xdr_short=yes
ac_cv_lib_panel_panel_above=no
ac_cv_lib_socket_socket=no
ac_cv_objext=o
ac_cv_path_install='/usr/bin/install -c'
ac_cv_prog_AWK=gawk
ac_cv_prog_CC='ucfront-gcc arm-linux-elf-gcc '
ac_cv_prog_CPP='ucfront-gcc arm-linux-elf-gcc  -E'
ac_cv_prog_CXX='ucfront-g++ arm-linux-elf-g++ '
ac_cv_prog_CXXCPP='ucfront-g++ arm-linux-elf-g++  -E'
ac_cv_prog_RANLIB=arm-linux-elf-ranlib
ac_cv_prog_STRIP=arm-linux-elf-strip
ac_cv_prog_cc_g=yes
ac_cv_prog_cc_stdc=
ac_cv_prog_cxx_g=yes
ac_cv_prog_egrep='grep -E'
ac_cv_search_opendir='none required'
ac_cv_type_signal=void
lt_cv_archive_cmds_need_lc=no
lt_cv_compiler_c_o=yes
lt_cv_compiler_o_lo=yes
lt_cv_deplibs_check_method='file_magic ELF [0-9][0-9]*-bit [LM]SB (shared object|dynamic lib )'
lt_cv_file_magic_cmd='$MAGIC_CMD'
lt_cv_file_magic_test_file='/lib/libc.so* /lib/libc-*.so'
lt_cv_global_symbol_to_c_name_address='sed -n -e '\''s/^: \([^ ]*\) $/  {\"\1\", (lt_ptr) 0},/p'\'' -e '\''s/^[BCDEGRST] \([^ ]*\) \([^ ]*\)$/  {"\2", (lt_ptr) \&\2},/p'\'''
lt_cv_global_symbol_to_cdecl='sed -n -e '\''s/^. .* \(.*\)$/extern char \1;/p'\'''
lt_cv_ld_reload_flag=-r
lt_cv_path_LD=arm-linux-elf-ld
lt_cv_path_MAGIC_CMD=/usr/bin/file
lt_cv_path_NM=nm
lt_cv_prog_cc_can_build_shared=yes
lt_cv_prog_cc_no_builtin=
lt_cv_prog_cc_pic=' -fPIC'
lt_cv_prog_cc_pic_works=yes
lt_cv_prog_cc_shlib=
lt_cv_prog_cc_static=-static
lt_cv_prog_cc_static_works=yes
lt_cv_prog_cc_wl=-Wl,
lt_cv_prog_gnu_ld=yes
lt_cv_sys_global_symbol_pipe='sed -n -e '\''s/^.*[ 	]\([ABCDGISTW][ABCDGISTW]*\)[ 	][ 	]*\(\)\([_A-Za-z][_A-Za-z0-9]*\)$/\1 \2\3 \3/p'\'''
ucsim_cv_CXXfPIC=no
ucsim_cv_CXXfpic=no
ucsim_cv_CXXggdb=no
ucsim_cv_CXXpipe=no
ucsim_cv_MM=-MM
ucsim_cv_accept_length_type=socklen_t
ucsim_cv_fd='<sys/types.h>'
ucsim_cv_getcwd=unknown
ucsim_cv_scanf_a=unknown

## ----------------- ##
## Output variables. ##
## ----------------- ##

AWK='gawk'
CC='ucfront-gcc arm-linux-elf-gcc '
CFLAGS='-O2 -g -fomit-frame-pointer -fno-common -fno-builtin -Wall -mswp-byte-writes -DCONFIG_NDS_ROM8BIT -mcpu=arm946e-s -mfpu=fpe3 -DEMBED -D__PIC__ -fpic -msingle-pic-base -Dlinux -D__linux__ -Dunix -D__uClinux__'
CPP='ucfront-gcc arm-linux-elf-gcc  -E'
CPPFLAGS=''
CURSES_LIBS=''
CXX='ucfront-g++ arm-linux-elf-g++ '
CXXCPP='ucfront-g++ arm-linux-elf-g++  -E'
CXXFLAGS='-O2 -g -fomit-frame-pointer -fno-common -fno-builtin -Wall -mswp-byte-writes -DCONFIG_NDS_ROM8BIT -mcpu=arm946e-s -mfpu=fpe3 -DEMBED -D__PIC__ -fpic -msingle-pic-base -Dlinux -D__linux__ -Dunix -D__uClinux__ -I /home/home/diskb/mnt/dslinux/lib/uClibc++/include -fno-builtin -nostdinc++ -DGCC_HASCLASSVISIBILITY -Wno-deprecated'
DEFS='-DHAVE_CONFIG_H'
DL=''
ECHO='echo'
ECHO_C=''
ECHO_N='-n'
ECHO_T=''
EGREP='grep -E'
EXEEXT=''
INSTALL_DATA='${INSTALL} -m 644'
INSTALL_PROGRAM='${INSTALL}'
INSTALL_SCRIPT='${INSTALL}'
LDFLAGS='-Wl,-elf2flt -D__PIC__ -fpic -msingle-pic-base -mswp-byte-writes'
LIBOBJS=''
LIBS='-lnsl '
LIBTOOL='$(SHELL) $(top_builddir)/libtool'
LIBTOOL_DEPS='./ltmain.sh'
LN_S='ln -s'
LTLIBOBJS=''
M_OR_MM='-MM'
OBJEXT='o'
PACKAGE_BUGREPORT=''
PACKAGE_NAME=''
PACKAGE_STRING=''
PACKAGE_TARNAME=''
PACKAGE_VERSION=''
PATH_SEPARATOR=':'
PICOPT=''
RANLIB='arm-linux-elf-ranlib'
SHAREDLIB='no'
SHELL='/bin/bash'
STRIP='arm-linux-elf-strip'
VERSION='0.4.1-pre5'
VERSIONHI='0'
VERSIONLO='4'
VERSIONP='1-pre5'
ac_ct_CC=''
ac_ct_CXX=''
ac_ct_RANLIB=''
ac_ct_STRIP=''
bindir='${exec_prefix}/bin'
build='x86_64-unknown-linux-gnu'
build_alias=''
build_cpu='x86_64'
build_os='linux-gnu'
build_vendor='unknown'
curses_ok=''
datadir='${prefix}/share'
dl_ok='no'
dlso_ok='no'
enable_51='yes'
enable_avr='yes'
enable_dlso='no'
enable_hc08='yes'
enable_serio='yes'
enable_ucsim='no'
enable_xa='no'
enable_z80='no'
exec_prefix='${prefix}'
host='arm-unknown-linux-gnu'
host_alias='arm-linux'
host_cpu='arm'
host_os='linux-gnu'
host_vendor='unknown'
includedir='${prefix}/include'
infodir='${prefix}/info'
libdir='${exec_prefix}/lib'
libexecdir='${exec_prefix}/libexec'
localstatedir='${prefix}/var'
mandir='${prefix}/man'
oldincludedir='/usr/include'
panel_ok='no'
prefix='/usr'
program_transform_name='s,x,x,'
sbindir='${exec_prefix}/sbin'
sharedstatedir='${prefix}/com'
sysconfdir='${prefix}/etc'
target_alias=''

## ----------- ##
## confdefs.h. ##
## ----------- ##

#define ACCEPT_SOCKLEN_T socklen_t
#define FD_HEADER_OK 0
#define FD_HEADER_OK 1
#define FD_NEED_SELECT_H 0
#define FD_NEED_TIME_H 0
#define FD_NEED_TYPES_H 1
#define HAVE_DIRENT_H 1
#define HAVE_DLFCN_H 1
#define HAVE_FGETS 1
#define HAVE_GETOPT_H 1
#define HAVE_INTTYPES_H 1
#define HAVE_LIBNSL 1
#define HAVE_MEMCPY 1
#define HAVE_MEMORY_H 1
#define HAVE_STDINT_H 1
#define HAVE_STDLIB_H 1
#define HAVE_STRCAT 1
#define HAVE_STRCHR 1
#define HAVE_STRCMP 1
#define HAVE_STRCPY 1
#define HAVE_STRDUP 1
#define HAVE_STRERROR 1
#define HAVE_STRINGS_H 1
#define HAVE_STRING_H 1
#define HAVE_STRLEN 1
#define HAVE_STRSTR 1
#define HAVE_STRTOK 1
#define HAVE_SYS_SOCKET_H 1
#define HAVE_SYS_STAT_H 1
#define HAVE_SYS_TYPES_H 1
#define HAVE_UNISTD_H 1
#define HAVE_UNISTD_H 1
#define HAVE_VASPRINTF 1
#define HAVE_VPRINTF 1
#define HAVE_VSNPRINTF 1
#define HEADER_FD <sys/types.h>
#define PACKAGE_BUGREPORT ""
#define PACKAGE_NAME ""
#define PACKAGE_STRING ""
#define PACKAGE_TARNAME ""
#define PACKAGE_VERSION ""
#define RETSIGTYPE void
#define SOCKET_AVAIL 1
#define SOCKLEN_T socklen_t
#define STATISTIC no
#define STDC_HEADERS 1
#define STDC_HEADERS 1
#define TYPE_BYTE long long
#define TYPE_DWORD long long
#define TYPE_WORD long long
#define VERSIONHI 0
#define VERSIONLO 4
#define VERSIONP 1-pre5
#define VERSIONSTR "0.4.1-pre5"
#define _A_ "l"
#define _M_ "l"
#endif
#ifdef __cplusplus
#include <stdlib.h>

configure: exit 0
