This file contains any messages produced by compilers while
running configure, to aid debugging if configure makes a mistake.

configure:550: checking for Cygwin environment
configure:583: checking for mingw32 environment
configure:660: checking host system type
configure:681: checking target system type
configure:699: checking build system type
configure:724: checking for gcc
configure:837: checking whether the C compiler (ucfront-gcc arm-linux-elf-gcc  -O2 -g -fomit-frame-pointer -fno-common -fno-builtin -Wall  -mswp-byte-writes -DCONFIG_NDS_ROM8BIT -mcpu=arm946e-s -mfpu=fpe3 -DEMBED -D__PIC__ -fpic -msingle-pic-base -Dlinux -D__linux__ -Dunix -D__uClinux__ -Wl,-elf2flt -D__PIC__ -fpic -msingle-pic-base -mswp-byte-writes) works
configure:853: ucfront-gcc arm-linux-elf-gcc  -o conftest -O2 -g -fomit-frame-pointer -fno-common -fno-builtin -Wall  -mswp-byte-writes -DCONFIG_NDS_ROM8BIT -mcpu=arm946e-s -mfpu=fpe3 -DEMBED -D__PIC__ -fpic -msingle-pic-base -Dlinux -D__linux__ -Dunix -D__uClinux__  -Wl,-elf2flt -D__PIC__ -fpic -msingle-pic-base -mswp-byte-writes conftest.c  1>&5
configure:850: warning: return type defaults to 'int'
No relocations in code!
configure:879: checking whether the C compiler (ucfront-gcc arm-linux-elf-gcc  -O2 -g -fomit-frame-pointer -fno-common -fno-builtin -Wall  -mswp-byte-writes -DCONFIG_NDS_ROM8BIT -mcpu=arm946e-s -mfpu=fpe3 -DEMBED -D__PIC__ -fpic -msingle-pic-base -Dlinux -D__linux__ -Dunix -D__uClinux__ -Wl,-elf2flt -D__PIC__ -fpic -msingle-pic-base -mswp-byte-writes) is a cross-compiler
configure:884: checking whether we are using GNU C
configure:912: checking whether ucfront-gcc arm-linux-elf-gcc  accepts -g
configure:944: checking for POSIXized ISC
configure:978: checking for a BSD compatible install
configure:1031: checking whether build environment is sane
configure:1088: checking whether make sets ${MAKE}
configure:1134: checking for working aclocal
configure:1147: checking for working autoconf
configure:1160: checking for working automake
configure:1173: checking for working autoheader
configure:1186: checking for working makeinfo
configure:1281: checking for ld used by GCC
configure:1349: checking if the linker (arm-linux-elf-ld) is GNU ld
configure:1366: checking for arm-linux-elf-ld option to reload object files
configure:1378: checking for BSD-compatible nm
configure:1416: checking whether ln -s works
configure:1437: checking how to recognise dependant libraries
configure:1610: checking for object suffix
configure:1636: checking for executable suffix
configure:1679: checking for file
configure:1812: checking for ranlib
configure:1879: checking for strip
ltconfig:678:checking for ucfront-gcc option to produce PIC
ltconfig:687:checking that ucfront-gcc PIC flag  -fPIC -DPIC works.
ltconfig:749: checking if ucfront-gcc static flag -static works
ltconfig:780: finding the maximum length of command line arguments
ltconfig:@lineno@: result: 49153
ltconfig:887: checking if ucfront-gcc supports -fno-rtti -fno-exceptions
ltconfig:888: ucfront-gcc arm-linux-elf-gcc  -c -O2 -g -fomit-frame-pointer -fno-common -fno-builtin -Wall  -mswp-byte-writes -DCONFIG_NDS_ROM8BIT -mcpu=arm946e-s -mfpu=fpe3 -DEMBED -D__PIC__ -fpic -msingle-pic-base -Dlinux -D__linux__ -Dunix -D__uClinux__ -fno-rtti -fno-exceptions -c conftest.c  conftest.c 1>&5
ltconfig:1431: checking if global_symbol_pipe works
ltconfig:1432: ucfront-gcc arm-linux-elf-gcc  -c -O2 -g -fomit-frame-pointer -fno-common -fno-builtin -Wall  -mswp-byte-writes -DCONFIG_NDS_ROM8BIT -mcpu=arm946e-s -mfpu=fpe3 -DEMBED -D__PIC__ -fpic -msingle-pic-base -Dlinux -D__linux__ -Dunix -D__uClinux__  conftest.c 1>&5
ltconfig:1435: eval "/usr/bin/nm -B conftest.o | sed -n -e 's/^.*[ 	]\([ABCDGISTW][ABCDGISTW]*\)[ 	][ 	]*\(\)\([_A-Za-z][_A-Za-z0-9]*\)$/\1 \2\3 \3/p' > conftest.nm"
ltconfig:1487: ucfront-gcc arm-linux-elf-gcc  -o conftest -O2 -g -fomit-frame-pointer -fno-common -fno-builtin -Wall  -mswp-byte-writes -DCONFIG_NDS_ROM8BIT -mcpu=arm946e-s -mfpu=fpe3 -DEMBED -D__PIC__ -fpic -msingle-pic-base -Dlinux -D__linux__ -Dunix -D__uClinux__ -fno-builtin  -Wl,-elf2flt -D__PIC__ -fpic -msingle-pic-base -mswp-byte-writes conftest.c conftstm.o 1>&5
conftest.c:6: warning: 'main' is usually a function
configure:2213: checking for gcc
configure:2326: checking whether the C compiler (ucfront-gcc arm-linux-elf-gcc  -O2 -g -fomit-frame-pointer -fno-common -fno-builtin -Wall  -mswp-byte-writes -DCONFIG_NDS_ROM8BIT -mcpu=arm946e-s -mfpu=fpe3 -DEMBED -D__PIC__ -fpic -msingle-pic-base -Dlinux -D__linux__ -Dunix -D__uClinux__ -Wl,-elf2flt -D__PIC__ -fpic -msingle-pic-base -mswp-byte-writes) works
configure:2342: ucfront-gcc arm-linux-elf-gcc  -o conftest.gdb -O2 -g -fomit-frame-pointer -fno-common -fno-builtin -Wall  -mswp-byte-writes -DCONFIG_NDS_ROM8BIT -mcpu=arm946e-s -mfpu=fpe3 -DEMBED -D__PIC__ -fpic -msingle-pic-base -Dlinux -D__linux__ -Dunix -D__uClinux__  -Wl,-elf2flt -D__PIC__ -fpic -msingle-pic-base -mswp-byte-writes conftest.c  1>&5
configure:2339: warning: return type defaults to 'int'
No relocations in code!
configure:2368: checking whether the C compiler (ucfront-gcc arm-linux-elf-gcc  -O2 -g -fomit-frame-pointer -fno-common -fno-builtin -Wall  -mswp-byte-writes -DCONFIG_NDS_ROM8BIT -mcpu=arm946e-s -mfpu=fpe3 -DEMBED -D__PIC__ -fpic -msingle-pic-base -Dlinux -D__linux__ -Dunix -D__uClinux__ -Wl,-elf2flt -D__PIC__ -fpic -msingle-pic-base -mswp-byte-writes) is a cross-compiler
configure:2373: checking whether we are using GNU C
configure:2401: checking whether ucfront-gcc arm-linux-elf-gcc  accepts -g
configure:2444: checking for a BSD compatible install
configure:2499: checking how to run the C preprocessor
configure:2581: checking for ranlib
configure:2609: checking for ANSI C header files
configure:2713: checking for working const
configure:2788: checking for inline
configure:2828: checking for off_t
configure:2861: checking for size_t
configure:2896: checking for working alloca.h
configure:2929: checking for alloca
configure:3131: checking for stdlib.h
configure:3131: checking for unistd.h
configure:3131: checking for sys/stat.h
configure:3131: checking for sys/types.h
configure:3170: checking for getpagesize
configure:3223: checking for working mmap
configure:3412: checking for argz.h
configure:3412: checking for limits.h
configure:3412: checking for locale.h
configure:3412: checking for nl_types.h
configure:3412: checking for malloc.h
configure:3412: checking for string.h
configure:3412: checking for unistd.h
configure:3412: checking for values.h
configure:3412: checking for sys/param.h
configure:3452: checking for getcwd
configure:3452: checking for munmap
configure:3452: checking for putenv
configure:3452: checking for setenv
configure:3452: checking for setlocale
configure:3452: checking for strchr
configure:3452: checking for strcasecmp
configure:3452: checking for __argz_count
configure:3452: checking for __argz_stringify
configure:3452: checking for __argz_next
configure:3571: checking for LC_MESSAGES
configure:3604: checking whether NLS is requested
configure:3624: checking whether included gettext is requested
configure:3643: checking for libintl.h
configure:3670: checking for gettext in libc
configure:3698: checking for bindtextdomain in -lintl
configure:3970: checking for msgfmt
configure:4004: checking for gmsgfmt
configure:4040: checking for xgettext
configure:4130: checking for catalogs to be installed
configure:4233: checking for executable suffix
configure:4269: checking for bison
configure:4305: checking for flex
configure:4338: checking for flex
configure:4372: checking for yywrap in -lfl
configure:4414: checking lex output file root
configure:4435: checking whether yytext is a pointer
configure:4477: checking whether to enable maintainer-specific portions of Makefiles
configure:4511: checking for string.h
configure:4511: checking for strings.h
configure:4511: checking for stdlib.h
configure:4511: checking for unistd.h
configure:4550: checking for sbrk
configure:4607: checking for dirent.h that defines DIR
configure:4645: checking for opendir in -ldir
configure:4738: checking whether strstr must be declared
configure:4785: checking whether free must be declared
configure:4832: checking whether sbrk must be declared
configure:4879: checking whether getenv must be declared
configure:4926: checking whether environ must be declared
configure:4980: checking whether ANSI C string concatenation works
configure:4992: ucfront-gcc arm-linux-elf-gcc  -c -O2 -g -fomit-frame-pointer -fno-common -fno-builtin -Wall  -mswp-byte-writes -DCONFIG_NDS_ROM8BIT -mcpu=arm946e-s -mfpu=fpe3 -DEMBED -D__PIC__ -fpic -msingle-pic-base -Dlinux -D__linux__ -Dunix -D__uClinux__  conftest.c 1>&5
configure: In function 'main':
configure:4988: warning: unused variable 'a'
