This file contains any messages produced by compilers while
running configure, to aid debugging if configure makes a mistake.

configure:556: checking for Cygwin environment
configure:589: checking for mingw32 environment
configure:666: checking host system type
configure:687: checking target system type
configure:705: checking build system type
configure:730: checking for gcc
configure:843: checking whether the C compiler (ucfront-gcc arm-linux-elf-gcc  -O2 -g -fomit-frame-pointer -fno-common -fno-builtin -Wall  -mswp-byte-writes -DCONFIG_NDS_ROM8BIT -mcpu=arm946e-s -mfpu=fpe3 -DEMBED -D__PIC__ -fpic -msingle-pic-base -Dlinux -D__linux__ -Dunix -D__uClinux__ -Wl,-elf2flt -D__PIC__ -fpic -msingle-pic-base -mswp-byte-writes) works
configure:859: ucfront-gcc arm-linux-elf-gcc  -o conftest -O2 -g -fomit-frame-pointer -fno-common -fno-builtin -Wall  -mswp-byte-writes -DCONFIG_NDS_ROM8BIT -mcpu=arm946e-s -mfpu=fpe3 -DEMBED -D__PIC__ -fpic -msingle-pic-base -Dlinux -D__linux__ -Dunix -D__uClinux__  -Wl,-elf2flt -D__PIC__ -fpic -msingle-pic-base -mswp-byte-writes conftest.c  1>&5
configure:856: warning: return type defaults to 'int'
No relocations in code!
configure:885: checking whether the C compiler (ucfront-gcc arm-linux-elf-gcc  -O2 -g -fomit-frame-pointer -fno-common -fno-builtin -Wall  -mswp-byte-writes -DCONFIG_NDS_ROM8BIT -mcpu=arm946e-s -mfpu=fpe3 -DEMBED -D__PIC__ -fpic -msingle-pic-base -Dlinux -D__linux__ -Dunix -D__uClinux__ -Wl,-elf2flt -D__PIC__ -fpic -msingle-pic-base -mswp-byte-writes) is a cross-compiler
configure:890: checking whether we are using GNU C
configure:918: checking whether ucfront-gcc arm-linux-elf-gcc  accepts -g
configure:950: checking for POSIXized ISC
configure:983: checking for a BSD compatible install
configure:1036: checking whether build environment is sane
configure:1093: checking whether make sets ${MAKE}
configure:1139: checking for working aclocal
configure:1152: checking for working autoconf
configure:1165: checking for working automake
configure:1178: checking for working autoheader
configure:1191: checking for working makeinfo
configure:1227: checking for ar
configure:1259: checking for ranlib
configure:1406: checking for ld used by GCC
configure:1474: checking if the linker (arm-linux-elf-ld) is GNU ld
configure:1491: checking for arm-linux-elf-ld option to reload object files
configure:1503: checking for BSD-compatible nm
configure:1541: checking whether ln -s works
configure:1562: checking how to recognise dependant libraries
configure:1735: checking for object suffix
configure:1761: checking for executable suffix
configure:1798: checking for file
configure:1931: checking for ranlib
configure:1998: checking for strip
ltconfig:678:checking for ucfront-gcc option to produce PIC
ltconfig:687:checking that ucfront-gcc PIC flag  -fPIC -DPIC works.
ltconfig:749: checking if ucfront-gcc static flag -static works
ltconfig:780: finding the maximum length of command line arguments
ltconfig:@lineno@: result: 49153
ltconfig:887: checking if ucfront-gcc supports -fno-rtti -fno-exceptions
ltconfig:888: ucfront-gcc arm-linux-elf-gcc  -c -O2 -g -fomit-frame-pointer -fno-common -fno-builtin -Wall  -mswp-byte-writes -DCONFIG_NDS_ROM8BIT -mcpu=arm946e-s -mfpu=fpe3 -DEMBED -D__PIC__ -fpic -msingle-pic-base -Dlinux -D__linux__ -Dunix -D__uClinux__ -fno-rtti -fno-exceptions -c conftest.c  conftest.c 1>&5
ltconfig:1431: checking if global_symbol_pipe works
ltconfig:1432: ucfront-gcc arm-linux-elf-gcc  -c -O2 -g -fomit-frame-pointer -fno-common -fno-builtin -Wall  -mswp-byte-writes -DCONFIG_NDS_ROM8BIT -mcpu=arm946e-s -mfpu=fpe3 -DEMBED -D__PIC__ -fpic -msingle-pic-base -Dlinux -D__linux__ -Dunix -D__uClinux__  conftest.c 1>&5
ltconfig:1435: eval "/usr/bin/nm -B conftest.o | sed -n -e 's/^.*[ 	]\([ABCDGISTW][ABCDGISTW]*\)[ 	][ 	]*\(\)\([_A-Za-z][_A-Za-z0-9]*\)$/\1 \2\3 \3/p' > conftest.nm"
ltconfig:1487: ucfront-gcc arm-linux-elf-gcc  -o conftest -O2 -g -fomit-frame-pointer -fno-common -fno-builtin -Wall  -mswp-byte-writes -DCONFIG_NDS_ROM8BIT -mcpu=arm946e-s -mfpu=fpe3 -DEMBED -D__PIC__ -fpic -msingle-pic-base -Dlinux -D__linux__ -Dunix -D__uClinux__ -fno-builtin  -Wl,-elf2flt -D__PIC__ -fpic -msingle-pic-base -mswp-byte-writes conftest.c conftstm.o 1>&5
conftest.c:6: warning: 'main' is usually a function
configure:2345: checking whether to enable maintainer-specific portions of Makefiles
configure:2368: checking whether to install libbfd
configure:2405: checking for executable suffix
configure:2445: checking for gcc
configure:2558: checking whether the C compiler (ucfront-gcc arm-linux-elf-gcc  -O2 -g -fomit-frame-pointer -fno-common -fno-builtin -Wall  -mswp-byte-writes -DCONFIG_NDS_ROM8BIT -mcpu=arm946e-s -mfpu=fpe3 -DEMBED -D__PIC__ -fpic -msingle-pic-base -Dlinux -D__linux__ -Dunix -D__uClinux__ -Wl,-elf2flt -D__PIC__ -fpic -msingle-pic-base -mswp-byte-writes) works
configure:2574: ucfront-gcc arm-linux-elf-gcc  -o conftest.gdb -O2 -g -fomit-frame-pointer -fno-common -fno-builtin -Wall  -mswp-byte-writes -DCONFIG_NDS_ROM8BIT -mcpu=arm946e-s -mfpu=fpe3 -DEMBED -D__PIC__ -fpic -msingle-pic-base -Dlinux -D__linux__ -Dunix -D__uClinux__  -Wl,-elf2flt -D__PIC__ -fpic -msingle-pic-base -mswp-byte-writes conftest.c  1>&5
configure:2571: warning: return type defaults to 'int'
No relocations in code!
configure:2600: checking whether the C compiler (ucfront-gcc arm-linux-elf-gcc  -O2 -g -fomit-frame-pointer -fno-common -fno-builtin -Wall  -mswp-byte-writes -DCONFIG_NDS_ROM8BIT -mcpu=arm946e-s -mfpu=fpe3 -DEMBED -D__PIC__ -fpic -msingle-pic-base -Dlinux -D__linux__ -Dunix -D__uClinux__ -Wl,-elf2flt -D__PIC__ -fpic -msingle-pic-base -mswp-byte-writes) is a cross-compiler
configure:2605: checking whether we are using GNU C
configure:2633: checking whether ucfront-gcc arm-linux-elf-gcc  accepts -g
configure:2667: checking how to run the C preprocessor
configure:2749: checking for ranlib
configure:2777: checking for ANSI C header files
configure:2881: checking for working const
configure:2956: checking for inline
configure:2996: checking for off_t
configure:3029: checking for size_t
configure:3064: checking for working alloca.h
configure:3097: checking for alloca
configure:3299: checking for stdlib.h
configure:3299: checking for unistd.h
configure:3299: checking for sys/stat.h
configure:3299: checking for sys/types.h
configure:3338: checking for getpagesize
configure:3391: checking for working mmap
configure:3580: checking for argz.h
configure:3580: checking for limits.h
configure:3580: checking for locale.h
configure:3580: checking for nl_types.h
configure:3580: checking for malloc.h
configure:3580: checking for string.h
configure:3580: checking for unistd.h
configure:3580: checking for values.h
configure:3580: checking for sys/param.h
configure:3620: checking for getcwd
configure:3620: checking for munmap
configure:3620: checking for putenv
configure:3620: checking for setenv
configure:3620: checking for setlocale
configure:3620: checking for strchr
configure:3620: checking for strcasecmp
configure:3620: checking for __argz_count
configure:3620: checking for __argz_stringify
configure:3620: checking for __argz_next
configure:3739: checking for LC_MESSAGES
configure:3772: checking whether NLS is requested
configure:3792: checking whether included gettext is requested
configure:3811: checking for libintl.h
configure:3838: checking for gettext in libc
configure:3866: checking for bindtextdomain in -lintl
configure:4138: checking for msgfmt
configure:4172: checking for gmsgfmt
configure:4208: checking for xgettext
configure:4298: checking for catalogs to be installed
configure:4414: checking for a BSD compatible install
configure:4497: checking for build system executable suffix
configure:4525: checking for stddef.h
configure:4525: checking for string.h
configure:4525: checking for strings.h
configure:4525: checking for stdlib.h
configure:4525: checking for time.h
configure:4525: checking for unistd.h
configure:4565: checking for fcntl.h
configure:4565: checking for sys/file.h
configure:4565: checking for sys/time.h
configure:4602: checking whether time.h and sys/time.h may both be included
configure:4641: checking for dirent.h that defines DIR
configure:4679: checking for opendir in -ldir
configure:4764: checking for fcntl
configure:4764: checking for getpagesize
configure:4764: checking for setitimer
configure:4764: checking for sysconf
configure:4764: checking for fdopen
configure:4764: checking for getuid
configure:4764: checking for getgid
configure:4827: checking whether strstr must be declared
configure:4874: checking whether malloc must be declared
configure:4921: checking whether realloc must be declared
configure:4968: checking whether free must be declared
configure:5015: checking whether getenv must be declared
configure:5305: checking for sys/procfs.h
configure:5343: checking for prstatus_t in sys/procfs.h
configure:5379: checking for prstatus32_t in sys/procfs.h
configure:5415: checking for prstatus_t.pr_who in sys/procfs.h
configure:5451: checking for prstatus32_t.pr_who in sys/procfs.h
configure:5487: checking for pstatus_t in sys/procfs.h
configure:5523: checking for pxstatus_t in sys/procfs.h
configure:5559: checking for pstatus32_t in sys/procfs.h
configure:5595: checking for prpsinfo_t in sys/procfs.h
configure:5631: checking for prpsinfo32_t in sys/procfs.h
configure:5667: checking for psinfo_t in sys/procfs.h
configure:5703: checking for psinfo32_t in sys/procfs.h
configure:5739: checking for lwpstatus_t in sys/procfs.h
configure:5775: checking for lwpxstatus_t in sys/procfs.h
configure:5811: checking for lwpstatus_t.pr_context in sys/procfs.h
configure:5847: checking for lwpstatus_t.pr_reg in sys/procfs.h
configure:5883: checking for win32_pstatus_t in sys/procfs.h
configure:6373: checking for stdlib.h
configure:6373: checking for unistd.h
configure:6373: checking for sys/stat.h
configure:6373: checking for sys/types.h
configure:6412: checking for getpagesize
configure:6465: checking for working mmap
configure:6651: checking for madvise
configure:6651: checking for mprotect
