This file contains any messages produced by compilers while
running configure, to aid debugging if configure makes a mistake.

It was created by configure, which was
generated by GNU Autoconf 2.54.  Invocation command line was

  $ ./configure --prefix=/usr --host=arm-linux --prefix=/usr --disable-mcs51-port --disable-gbz80-port --disable-avr-port --disable-ds390-port --disable-ds400-port --disable-pic-port --disable-pic16-port --disable-xa51-port --disable-hc08-port --disable-ucsim --disable-device-lib-build --disable-packihx CC=ucfront-gcc arm-linux-elf-gcc  CFLAGS=-O2 -g -fomit-frame-pointer -fno-common -fno-builtin -Wall -mswp-byte-writes -DCONFIG_NDS_ROM8BIT -mcpu=arm946e-s -mfpu=fpe3 -DEMBED -D__PIC__ -fpic -msingle-pic-base -Dlinux -D__linux__ -Dunix -D__uClinux__ CXXFLAGS=-O2 -g -fomit-frame-pointer -fno-common -fno-builtin -Wall -mswp-byte-writes -DCONFIG_NDS_ROM8BIT -mcpu=arm946e-s -mfpu=fpe3 -DEMBED -D__PIC__ -fpic -msingle-pic-base -Dlinux -D__linux__ -Dunix -D__uClinux__ -I /home/home/diskb/mnt/dslinux/lib/uClibc++/include -fno-builtin -nostdinc++ -DGCC_HASCLASSVISIBILITY -Wno-deprecated CXX=ucfront-g++ arm-linux-elf-g++  LDFLAGS=-Wl,-elf2flt -D__PIC__ -fpic -msingle-pic-base -mswp-byte-writes host_alias=arm-linux --cache-file=/dev/null --srcdir=.

## --------- ##
## Platform. ##
## --------- ##

hostname = debian
uname -m = x86_64
uname -r = 3.2.0-4-amd64
uname -s = Linux
uname -v = #1 SMP Debian 3.2.78-1

/usr/bin/uname -p = unknown
/bin/uname -X     = unknown

/bin/arch              = unknown
/usr/bin/arch -k       = unknown
/usr/convex/getsysinfo = unknown
hostinfo               = unknown
/bin/machine           = unknown
/usr/bin/oslevel       = unknown
/bin/universe          = unknown

PATH: /usr/local/bin
PATH: /usr/bin
PATH: /bin
PATH: /usr/local/games
PATH: /usr/games
PATH: /home/home/dslinux-toolchain-2008-01-24-i686/bin
PATH: /home/home/dslinux-toolchain-2008-01-24-i686/bin2
PATH: /home/home/diskb/mnt/dslinux/tools
PATH: /home/home/diskb/mnt/dslinux/tools


## ----------- ##
## Core tests. ##
## ----------- ##

configure:1392: checking for arm-linux-gcc
configure:1418: result: ucfront-gcc arm-linux-elf-gcc 
configure:1698: checking for C compiler version
configure:1701: ucfront-gcc arm-linux-elf-gcc  --version </dev/null >&5
arm-linux-elf-gcc (GCC) 4.0.4
Copyright (C) 2006 Free Software Foundation, Inc.
This is free software; see the source for copying conditions.  There is NO
warranty; not even for MERCHANTABILITY or FITNESS FOR A PARTICULAR PURPOSE.

configure:1704: $? = 0
configure:1706: ucfront-gcc arm-linux-elf-gcc  -v </dev/null >&5
Using built-in specs.
Target: arm-linux-elf
Configured with: /src/toolchain/src/gcc-4.0.4/configure --prefix=/src/toolchain/prefix --with-sysroot=/src/toolchain/prefix/arm-linux-elf --target=arm-linux-elf --enable-languages=c,c++ --enable-multilib --with-cpu=arm7tdmi --with-gcc --with-gnu-ld --with-gnu-as --disable-shared --disable-threads --disable-nls --disable-libssp
Thread model: single
gcc version 4.0.4
configure:1709: $? = 0
configure:1711: ucfront-gcc arm-linux-elf-gcc  -V </dev/null >&5
arm-linux-elf-gcc: '-V' option must have argument
configure:1714: $? = 1
configure:1734: checking for C compiler default output
configure:1737: ucfront-gcc arm-linux-elf-gcc  -O2 -g -fomit-frame-pointer -fno-common -fno-builtin -Wall -mswp-byte-writes -DCONFIG_NDS_ROM8BIT -mcpu=arm946e-s -mfpu=fpe3 -DEMBED -D__PIC__ -fpic -msingle-pic-base -Dlinux -D__linux__ -Dunix -D__uClinux__  -Wl,-elf2flt -D__PIC__ -fpic -msingle-pic-base -mswp-byte-writes conftest.c  >&5
No relocations in code!
configure:1740: $? = 0
configure:1774: result: a.out
configure:1779: checking whether the C compiler works
configure:1785: ./a.out
./configure: line 1786: ./a.out: cannot execute binary file
configure:1788: $? = 126
configure:1803: result: yes
configure:1810: checking whether we are cross compiling
configure:1812: result: yes
configure:1815: checking for suffix of executables
configure:1817: ucfront-gcc arm-linux-elf-gcc  -o conftest -O2 -g -fomit-frame-pointer -fno-common -fno-builtin -Wall -mswp-byte-writes -DCONFIG_NDS_ROM8BIT -mcpu=arm946e-s -mfpu=fpe3 -DEMBED -D__PIC__ -fpic -msingle-pic-base -Dlinux -D__linux__ -Dunix -D__uClinux__  -Wl,-elf2flt -D__PIC__ -fpic -msingle-pic-base -mswp-byte-writes conftest.c  >&5
No relocations in code!
configure:1820: $? = 0
configure:1843: result: 
configure:1849: checking for suffix of object files
configure:1867: ucfront-gcc arm-linux-elf-gcc  -c -O2 -g -fomit-frame-pointer -fno-common -fno-builtin -Wall -mswp-byte-writes -DCONFIG_NDS_ROM8BIT -mcpu=arm946e-s -mfpu=fpe3 -DEMBED -D__PIC__ -fpic -msingle-pic-base -Dlinux -D__linux__ -Dunix -D__uClinux__  conftest.c >&5
configure:1870: $? = 0
configure:1889: result: o
configure:1893: checking whether we are using the GNU C compiler
configure:1914: ucfront-gcc arm-linux-elf-gcc  -c -O2 -g -fomit-frame-pointer -fno-common -fno-builtin -Wall -mswp-byte-writes -DCONFIG_NDS_ROM8BIT -mcpu=arm946e-s -mfpu=fpe3 -DEMBED -D__PIC__ -fpic -msingle-pic-base -Dlinux -D__linux__ -Dunix -D__uClinux__  conftest.c >&5
configure:1917: $? = 0
configure:1920: test -s conftest.o
configure:1923: $? = 0
configure:1935: result: yes
configure:1941: checking whether ucfront-gcc arm-linux-elf-gcc  accepts -g
configure:1959: ucfront-gcc arm-linux-elf-gcc  -c -g  conftest.c >&5
configure:1962: $? = 0
configure:1965: test -s conftest.o
configure:1968: $? = 0
configure:1978: result: yes
configure:1995: checking for ucfront-gcc arm-linux-elf-gcc  option to accept ANSI C
configure:2052: ucfront-gcc arm-linux-elf-gcc   -c -O2 -g -fomit-frame-pointer -fno-common -fno-builtin -Wall -mswp-byte-writes -DCONFIG_NDS_ROM8BIT -mcpu=arm946e-s -mfpu=fpe3 -DEMBED -D__PIC__ -fpic -msingle-pic-base -Dlinux -D__linux__ -Dunix -D__uClinux__  conftest.c >&5
configure:2055: $? = 0
configure:2058: test -s conftest.o
configure:2061: $? = 0
configure:2078: result: none needed
configure:2096: ucfront-gcc arm-linux-elf-gcc  -c -O2 -g -fomit-frame-pointer -fno-common -fno-builtin -Wall -mswp-byte-writes -DCONFIG_NDS_ROM8BIT -mcpu=arm946e-s -mfpu=fpe3 -DEMBED -D__PIC__ -fpic -msingle-pic-base -Dlinux -D__linux__ -Dunix -D__uClinux__  conftest.c >&5
conftest.c:2: error: syntax error before 'me'
configure:2099: $? = 1
configure: failed program was:
#ifndef __cplusplus
  choke me
#endif
configure:2198: checking whether ucfront-gcc arm-linux-elf-gcc  and cc understand -c and -o together
configure:2225: ucfront-gcc arm-linux-elf-gcc  -c conftest.c -o conftest.o >&5
configure:2228: $? = 0
configure:2230: ucfront-gcc arm-linux-elf-gcc  -c conftest.c -o conftest.o >&5
configure:2233: $? = 0
configure:2240: cc -c conftest.c >&5
configure:2243: $? = 0
configure:2246: cc -c conftest.c -o conftest.o >&5
configure:2249: $? = 0
configure:2251: cc -c conftest.c -o conftest.o >&5
configure:2254: $? = 0
configure:2272: result: yes
configure:2298: checking how to run the C preprocessor
configure:2324: ucfront-gcc arm-linux-elf-gcc  -E  conftest.c
configure:2330: $? = 0
configure:2357: ucfront-gcc arm-linux-elf-gcc  -E  conftest.c
configure:2353:28: error: ac_nonexistent.h: No such file or directory
configure:2363: $? = 1
configure: failed program was:
#line 2352 "configure"
#include "confdefs.h"
#include <ac_nonexistent.h>
configure:2400: result: ucfront-gcc arm-linux-elf-gcc  -E
configure:2415: ucfront-gcc arm-linux-elf-gcc  -E  conftest.c
configure:2421: $? = 0
configure:2448: ucfront-gcc arm-linux-elf-gcc  -E  conftest.c
configure:2444:28: error: ac_nonexistent.h: No such file or directory
configure:2454: $? = 1
configure: failed program was:
#line 2443 "configure"
#include "confdefs.h"
#include <ac_nonexistent.h>
configure:2494: checking for inline
configure:2512: ucfront-gcc arm-linux-elf-gcc  -c -O2 -g -fomit-frame-pointer -fno-common -fno-builtin -Wall -mswp-byte-writes -DCONFIG_NDS_ROM8BIT -mcpu=arm946e-s -mfpu=fpe3 -DEMBED -D__PIC__ -fpic -msingle-pic-base -Dlinux -D__linux__ -Dunix -D__uClinux__  conftest.c >&5
configure:2515: $? = 0
configure:2518: test -s conftest.o
configure:2521: $? = 0
configure:2532: result: inline
configure:2549: checking size of short
configure:2571: ucfront-gcc arm-linux-elf-gcc  -c -O2 -g -fomit-frame-pointer -fno-common -fno-builtin -Wall -mswp-byte-writes -DCONFIG_NDS_ROM8BIT -mcpu=arm946e-s -mfpu=fpe3 -DEMBED -D__PIC__ -fpic -msingle-pic-base -Dlinux -D__linux__ -Dunix -D__uClinux__  conftest.c >&5
configure: In function 'main':
configure:2563: error: duplicate case value
configure:2563: error: previously used here
configure:2574: $? = 1
configure: failed program was:
#line 2555 "configure"
#include "confdefs.h"
#include "confdefs.h"
#include <sys/types.h>


int
main ()
{
switch (0) case 0: case (sizeof (short) == 4):;
  ;
  return 0;
}
configure:2571: ucfront-gcc arm-linux-elf-gcc  -c -O2 -g -fomit-frame-pointer -fno-common -fno-builtin -Wall -mswp-byte-writes -DCONFIG_NDS_ROM8BIT -mcpu=arm946e-s -mfpu=fpe3 -DEMBED -D__PIC__ -fpic -msingle-pic-base -Dlinux -D__linux__ -Dunix -D__uClinux__  conftest.c >&5
configure: In function 'main':
configure:2563: error: duplicate case value
configure:2563: error: previously used here
configure:2574: $? = 1
configure: failed program was:
#line 2555 "configure"
#include "confdefs.h"
#include "confdefs.h"
#include <sys/types.h>


int
main ()
{
switch (0) case 0: case (sizeof (short) == 8):;
  ;
  return 0;
}
configure:2571: ucfront-gcc arm-linux-elf-gcc  -c -O2 -g -fomit-frame-pointer -fno-common -fno-builtin -Wall -mswp-byte-writes -DCONFIG_NDS_ROM8BIT -mcpu=arm946e-s -mfpu=fpe3 -DEMBED -D__PIC__ -fpic -msingle-pic-base -Dlinux -D__linux__ -Dunix -D__uClinux__  conftest.c >&5
configure: In function 'main':
configure:2563: error: duplicate case value
configure:2563: error: previously used here
configure:2574: $? = 1
configure: failed program was:
#line 2555 "configure"
#include "confdefs.h"
#include "confdefs.h"
#include <sys/types.h>


int
main ()
{
switch (0) case 0: case (sizeof (short) == 1):;
  ;
  return 0;
}
configure:2571: ucfront-gcc arm-linux-elf-gcc  -c -O2 -g -fomit-frame-pointer -fno-common -fno-builtin -Wall -mswp-byte-writes -DCONFIG_NDS_ROM8BIT -mcpu=arm946e-s -mfpu=fpe3 -DEMBED -D__PIC__ -fpic -msingle-pic-base -Dlinux -D__linux__ -Dunix -D__uClinux__  conftest.c >&5
configure:2574: $? = 0
configure:2577: test -s conftest.o
configure:2580: $? = 0
configure:2598: result: 2
configure:2606: checking size of int
configure:2628: ucfront-gcc arm-linux-elf-gcc  -c -O2 -g -fomit-frame-pointer -fno-common -fno-builtin -Wall -mswp-byte-writes -DCONFIG_NDS_ROM8BIT -mcpu=arm946e-s -mfpu=fpe3 -DEMBED -D__PIC__ -fpic -msingle-pic-base -Dlinux -D__linux__ -Dunix -D__uClinux__  conftest.c >&5
configure:2631: $? = 0
configure:2634: test -s conftest.o
configure:2637: $? = 0
configure:2655: result: 4
configure:2663: checking size of long
configure:2685: ucfront-gcc arm-linux-elf-gcc  -c -O2 -g -fomit-frame-pointer -fno-common -fno-builtin -Wall -mswp-byte-writes -DCONFIG_NDS_ROM8BIT -mcpu=arm946e-s -mfpu=fpe3 -DEMBED -D__PIC__ -fpic -msingle-pic-base -Dlinux -D__linux__ -Dunix -D__uClinux__  conftest.c >&5
configure:2688: $? = 0
configure:2691: test -s conftest.o
configure:2694: $? = 0
configure:2712: result: 4
configure:2722: checking for egrep
configure:2732: result: grep -E
configure:2737: checking execution character set
configure:2776: result: ASCII
configure:2799: checking whether make sets ${MAKE}
configure:2819: result: yes
configure:2829: checking whether a default assembler was specified
configure:2840: result: no
configure:2844: checking whether a default linker was specified
configure:2855: result: no
configure:2860: checking whether ln works
configure:2883: result: yes
configure:2895: checking whether ln -s works
configure:2918: result: yes
configure:2933: checking for arm-linux-ranlib
configure:2959: result: arm-linux-elf-ranlib
configure:3045: checking for a BSD compatible install
configure:3087: result: /usr/bin/install -c
configure:3097: checking for ANSI C header files
configure:3111: ucfront-gcc arm-linux-elf-gcc  -E  conftest.c
configure:3117: $? = 0
configure:3226: result: yes
configure:3236: checking whether time.h and sys/time.h may both be included
configure:3258: ucfront-gcc arm-linux-elf-gcc  -c -O2 -g -fomit-frame-pointer -fno-common -fno-builtin -Wall -mswp-byte-writes -DCONFIG_NDS_ROM8BIT -mcpu=arm946e-s -mfpu=fpe3 -DEMBED -D__PIC__ -fpic -msingle-pic-base -Dlinux -D__linux__ -Dunix -D__uClinux__  conftest.c >&5
configure:3261: $? = 0
configure:3264: test -s conftest.o
configure:3267: $? = 0
configure:3277: result: yes
configure:3287: checking whether string.h and strings.h may both be included
configure:3306: ucfront-gcc arm-linux-elf-gcc  -c -O2 -g -fomit-frame-pointer -fno-common -fno-builtin -Wall -mswp-byte-writes -DCONFIG_NDS_ROM8BIT -mcpu=arm946e-s -mfpu=fpe3 -DEMBED -D__PIC__ -fpic -msingle-pic-base -Dlinux -D__linux__ -Dunix -D__uClinux__  conftest.c >&5
configure:3309: $? = 0
configure:3312: test -s conftest.o
configure:3315: $? = 0
configure:3325: result: yes
configure:3335: checking for sys/wait.h that is POSIX.1 compatible
configure:3363: ucfront-gcc arm-linux-elf-gcc  -c -O2 -g -fomit-frame-pointer -fno-common -fno-builtin -Wall -mswp-byte-writes -DCONFIG_NDS_ROM8BIT -mcpu=arm946e-s -mfpu=fpe3 -DEMBED -D__PIC__ -fpic -msingle-pic-base -Dlinux -D__linux__ -Dunix -D__uClinux__  conftest.c >&5
configure:3366: $? = 0
configure:3369: test -s conftest.o
configure:3372: $? = 0
configure:3382: result: yes
configure:3406: checking for sys/types.h
configure:3419: ucfront-gcc arm-linux-elf-gcc  -c -O2 -g -fomit-frame-pointer -fno-common -fno-builtin -Wall -mswp-byte-writes -DCONFIG_NDS_ROM8BIT -mcpu=arm946e-s -mfpu=fpe3 -DEMBED -D__PIC__ -fpic -msingle-pic-base -Dlinux -D__linux__ -Dunix -D__uClinux__  conftest.c >&5
configure:3422: $? = 0
configure:3425: test -s conftest.o
configure:3428: $? = 0
configure:3438: result: yes
configure:3406: checking for sys/stat.h
configure:3419: ucfront-gcc arm-linux-elf-gcc  -c -O2 -g -fomit-frame-pointer -fno-common -fno-builtin -Wall -mswp-byte-writes -DCONFIG_NDS_ROM8BIT -mcpu=arm946e-s -mfpu=fpe3 -DEMBED -D__PIC__ -fpic -msingle-pic-base -Dlinux -D__linux__ -Dunix -D__uClinux__  conftest.c >&5
configure:3422: $? = 0
configure:3425: test -s conftest.o
configure:3428: $? = 0
configure:3438: result: yes
configure:3406: checking for stdlib.h
configure:3419: ucfront-gcc arm-linux-elf-gcc  -c -O2 -g -fomit-frame-pointer -fno-common -fno-builtin -Wall -mswp-byte-writes -DCONFIG_NDS_ROM8BIT -mcpu=arm946e-s -mfpu=fpe3 -DEMBED -D__PIC__ -fpic -msingle-pic-base -Dlinux -D__linux__ -Dunix -D__uClinux__  conftest.c >&5
configure:3422: $? = 0
configure:3425: test -s conftest.o
configure:3428: $? = 0
configure:3438: result: yes
configure:3406: checking for string.h
configure:3419: ucfront-gcc arm-linux-elf-gcc  -c -O2 -g -fomit-frame-pointer -fno-common -fno-builtin -Wall -mswp-byte-writes -DCONFIG_NDS_ROM8BIT -mcpu=arm946e-s -mfpu=fpe3 -DEMBED -D__PIC__ -fpic -msingle-pic-base -Dlinux -D__linux__ -Dunix -D__uClinux__  conftest.c >&5
configure:3422: $? = 0
configure:3425: test -s conftest.o
configure:3428: $? = 0
configure:3438: result: yes
configure:3406: checking for memory.h
configure:3419: ucfront-gcc arm-linux-elf-gcc  -c -O2 -g -fomit-frame-pointer -fno-common -fno-builtin -Wall -mswp-byte-writes -DCONFIG_NDS_ROM8BIT -mcpu=arm946e-s -mfpu=fpe3 -DEMBED -D__PIC__ -fpic -msingle-pic-base -Dlinux -D__linux__ -Dunix -D__uClinux__  conftest.c >&5
configure:3422: $? = 0
configure:3425: test -s conftest.o
configure:3428: $? = 0
configure:3438: result: yes
configure:3406: checking for strings.h
configure:3419: ucfront-gcc arm-linux-elf-gcc  -c -O2 -g -fomit-frame-pointer -fno-common -fno-builtin -Wall -mswp-byte-writes -DCONFIG_NDS_ROM8BIT -mcpu=arm946e-s -mfpu=fpe3 -DEMBED -D__PIC__ -fpic -msingle-pic-base -Dlinux -D__linux__ -Dunix -D__uClinux__  conftest.c >&5
configure:3422: $? = 0
configure:3425: test -s conftest.o
configure:3428: $? = 0
configure:3438: result: yes
configure:3406: checking for inttypes.h
configure:3419: ucfront-gcc arm-linux-elf-gcc  -c -O2 -g -fomit-frame-pointer -fno-common -fno-builtin -Wall -mswp-byte-writes -DCONFIG_NDS_ROM8BIT -mcpu=arm946e-s -mfpu=fpe3 -DEMBED -D__PIC__ -fpic -msingle-pic-base -Dlinux -D__linux__ -Dunix -D__uClinux__  conftest.c >&5
configure:3422: $? = 0
configure:3425: test -s conftest.o
configure:3428: $? = 0
configure:3438: result: yes
configure:3406: checking for stdint.h
configure:3419: ucfront-gcc arm-linux-elf-gcc  -c -O2 -g -fomit-frame-pointer -fno-common -fno-builtin -Wall -mswp-byte-writes -DCONFIG_NDS_ROM8BIT -mcpu=arm946e-s -mfpu=fpe3 -DEMBED -D__PIC__ -fpic -msingle-pic-base -Dlinux -D__linux__ -Dunix -D__uClinux__  conftest.c >&5
configure:3422: $? = 0
configure:3425: test -s conftest.o
configure:3428: $? = 0
configure:3438: result: yes
configure:3406: checking for unistd.h
configure:3419: ucfront-gcc arm-linux-elf-gcc  -c -O2 -g -fomit-frame-pointer -fno-common -fno-builtin -Wall -mswp-byte-writes -DCONFIG_NDS_ROM8BIT -mcpu=arm946e-s -mfpu=fpe3 -DEMBED -D__PIC__ -fpic -msingle-pic-base -Dlinux -D__linux__ -Dunix -D__uClinux__  conftest.c >&5
configure:3422: $? = 0
configure:3425: test -s conftest.o
configure:3428: $? = 0
configure:3438: result: yes
configure:3480: checking limits.h usability
configure:3489: ucfront-gcc arm-linux-elf-gcc  -c -O2 -g -fomit-frame-pointer -fno-common -fno-builtin -Wall -mswp-byte-writes -DCONFIG_NDS_ROM8BIT -mcpu=arm946e-s -mfpu=fpe3 -DEMBED -D__PIC__ -fpic -msingle-pic-base -Dlinux -D__linux__ -Dunix -D__uClinux__  conftest.c >&5
configure:3492: $? = 0
configure:3495: test -s conftest.o
configure:3498: $? = 0
configure:3507: result: yes
configure:3511: checking limits.h presence
configure:3518: ucfront-gcc arm-linux-elf-gcc  -E  conftest.c
configure:3524: $? = 0
configure:3542: result: yes
configure:3560: checking for limits.h
configure:3567: result: yes
configure:3480: checking stddef.h usability
configure:3489: ucfront-gcc arm-linux-elf-gcc  -c -O2 -g -fomit-frame-pointer -fno-common -fno-builtin -Wall -mswp-byte-writes -DCONFIG_NDS_ROM8BIT -mcpu=arm946e-s -mfpu=fpe3 -DEMBED -D__PIC__ -fpic -msingle-pic-base -Dlinux -D__linux__ -Dunix -D__uClinux__  conftest.c >&5
configure:3492: $? = 0
configure:3495: test -s conftest.o
configure:3498: $? = 0
configure:3507: result: yes
configure:3511: checking stddef.h presence
configure:3518: ucfront-gcc arm-linux-elf-gcc  -E  conftest.c
configure:3524: $? = 0
configure:3542: result: yes
configure:3560: checking for stddef.h
configure:3567: result: yes
configure:3471: checking for string.h
configure:3476: result: yes
configure:3471: checking for strings.h
configure:3476: result: yes
configure:3471: checking for stdlib.h
configure:3476: result: yes
configure:3480: checking time.h usability
configure:3489: ucfront-gcc arm-linux-elf-gcc  -c -O2 -g -fomit-frame-pointer -fno-common -fno-builtin -Wall -mswp-byte-writes -DCONFIG_NDS_ROM8BIT -mcpu=arm946e-s -mfpu=fpe3 -DEMBED -D__PIC__ -fpic -msingle-pic-base -Dlinux -D__linux__ -Dunix -D__uClinux__  conftest.c >&5
configure:3492: $? = 0
configure:3495: test -s conftest.o
configure:3498: $? = 0
configure:3507: result: yes
configure:3511: checking time.h presence
configure:3518: ucfront-gcc arm-linux-elf-gcc  -E  conftest.c
configure:3524: $? = 0
configure:3542: result: yes
configure:3560: checking for time.h
configure:3567: result: yes
configure:3480: checking fcntl.h usability
configure:3489: ucfront-gcc arm-linux-elf-gcc  -c -O2 -g -fomit-frame-pointer -fno-common -fno-builtin -Wall -mswp-byte-writes -DCONFIG_NDS_ROM8BIT -mcpu=arm946e-s -mfpu=fpe3 -DEMBED -D__PIC__ -fpic -msingle-pic-base -Dlinux -D__linux__ -Dunix -D__uClinux__  conftest.c >&5
configure:3492: $? = 0
configure:3495: test -s conftest.o
configure:3498: $? = 0
configure:3507: result: yes
configure:3511: checking fcntl.h presence
configure:3518: ucfront-gcc arm-linux-elf-gcc  -E  conftest.c
configure:3524: $? = 0
configure:3542: result: yes
configure:3560: checking for fcntl.h
configure:3567: result: yes
configure:3471: checking for unistd.h
configure:3476: result: yes
configure:3480: checking sys/file.h usability
configure:3489: ucfront-gcc arm-linux-elf-gcc  -c -O2 -g -fomit-frame-pointer -fno-common -fno-builtin -Wall -mswp-byte-writes -DCONFIG_NDS_ROM8BIT -mcpu=arm946e-s -mfpu=fpe3 -DEMBED -D__PIC__ -fpic -msingle-pic-base -Dlinux -D__linux__ -Dunix -D__uClinux__  conftest.c >&5
configure:3492: $? = 0
configure:3495: test -s conftest.o
configure:3498: $? = 0
configure:3507: result: yes
configure:3511: checking sys/file.h presence
configure:3518: ucfront-gcc arm-linux-elf-gcc  -E  conftest.c
configure:3524: $? = 0
configure:3542: result: yes
configure:3560: checking for sys/file.h
configure:3567: result: yes
configure:3480: checking sys/time.h usability
configure:3489: ucfront-gcc arm-linux-elf-gcc  -c -O2 -g -fomit-frame-pointer -fno-common -fno-builtin -Wall -mswp-byte-writes -DCONFIG_NDS_ROM8BIT -mcpu=arm946e-s -mfpu=fpe3 -DEMBED -D__PIC__ -fpic -msingle-pic-base -Dlinux -D__linux__ -Dunix -D__uClinux__  conftest.c >&5
configure:3492: $? = 0
configure:3495: test -s conftest.o
configure:3498: $? = 0
configure:3507: result: yes
configure:3511: checking sys/time.h presence
configure:3518: ucfront-gcc arm-linux-elf-gcc  -E  conftest.c
configure:3524: $? = 0
configure:3542: result: yes
configure:3560: checking for sys/time.h
configure:3567: result: yes
configure:3480: checking sys/param.h usability
configure:3489: ucfront-gcc arm-linux-elf-gcc  -c -O2 -g -fomit-frame-pointer -fno-common -fno-builtin -Wall -mswp-byte-writes -DCONFIG_NDS_ROM8BIT -mcpu=arm946e-s -mfpu=fpe3 -DEMBED -D__PIC__ -fpic -msingle-pic-base -Dlinux -D__linux__ -Dunix -D__uClinux__  conftest.c >&5
configure:3492: $? = 0
configure:3495: test -s conftest.o
configure:3498: $? = 0
configure:3507: result: yes
configure:3511: checking sys/param.h presence
configure:3518: ucfront-gcc arm-linux-elf-gcc  -E  conftest.c
configure:3524: $? = 0
configure:3542: result: yes
configure:3560: checking for sys/param.h
configure:3567: result: yes
configure:3471: checking for sys/stat.h
configure:3476: result: yes
configure:3480: checking direct.h usability
configure:3489: ucfront-gcc arm-linux-elf-gcc  -c -O2 -g -fomit-frame-pointer -fno-common -fno-builtin -Wall -mswp-byte-writes -DCONFIG_NDS_ROM8BIT -mcpu=arm946e-s -mfpu=fpe3 -DEMBED -D__PIC__ -fpic -msingle-pic-base -Dlinux -D__linux__ -Dunix -D__uClinux__  conftest.c >&5
configure:3517:20: error: direct.h: No such file or directory
configure:3492: $? = 1
configure: failed program was:
#line 3482 "configure"
#include "confdefs.h"
#include <stdio.h>
#if HAVE_SYS_TYPES_H
# include <sys/types.h>
#endif
#if HAVE_SYS_STAT_H
# include <sys/stat.h>
#endif
#if STDC_HEADERS
# include <stdlib.h>
# include <stddef.h>
#else
# if HAVE_STDLIB_H
#  include <stdlib.h>
# endif
#endif
#if HAVE_STRING_H
# if !STDC_HEADERS && HAVE_MEMORY_H
#  include <memory.h>
# endif
# include <string.h>
#endif
#if HAVE_STRINGS_H
# include <strings.h>
#endif
#if HAVE_INTTYPES_H
# include <inttypes.h>
#else
# if HAVE_STDINT_H
#  include <stdint.h>
# endif
#endif
#if HAVE_UNISTD_H
# include <unistd.h>
#endif
#include <direct.h>
configure:3507: result: no
configure:3511: checking direct.h presence
configure:3518: ucfront-gcc arm-linux-elf-gcc  -E  conftest.c
configure:3514:20: error: direct.h: No such file or directory
configure:3524: $? = 1
configure: failed program was:
#line 3513 "configure"
#include "confdefs.h"
#include <direct.h>
configure:3542: result: no
configure:3560: checking for direct.h
configure:3567: result: no
configure:3480: checking malloc.h usability
configure:3489: ucfront-gcc arm-linux-elf-gcc  -c -O2 -g -fomit-frame-pointer -fno-common -fno-builtin -Wall -mswp-byte-writes -DCONFIG_NDS_ROM8BIT -mcpu=arm946e-s -mfpu=fpe3 -DEMBED -D__PIC__ -fpic -msingle-pic-base -Dlinux -D__linux__ -Dunix -D__uClinux__  conftest.c >&5
configure:3492: $? = 0
configure:3495: test -s conftest.o
configure:3498: $? = 0
configure:3507: result: yes
configure:3511: checking malloc.h presence
configure:3518: ucfront-gcc arm-linux-elf-gcc  -E  conftest.c
configure:3524: $? = 0
configure:3542: result: yes
configure:3560: checking for malloc.h
configure:3567: result: yes
configure:3584: checking for CHAR_BIT
configure:3609: result: yes
configure:3672: checking byte ordering
configure:3707: ucfront-gcc arm-linux-elf-gcc  -c -O2 -g -fomit-frame-pointer -fno-common -fno-builtin -Wall -mswp-byte-writes -DCONFIG_NDS_ROM8BIT -mcpu=arm946e-s -mfpu=fpe3 -DEMBED -D__PIC__ -fpic -msingle-pic-base -Dlinux -D__linux__ -Dunix -D__uClinux__  conftest.c >&5
configure:3703: warning: missing braces around initializer
configure:3703: warning: (near initialization for 'tester.postfix')
configure:3710: $? = 0
configure:3737: result: little-endian
configure:3755: checking for mktemp
configure:3771: found /bin/mktemp
configure:3782: result: yes
configure:3792: checking for strip
configure:3819: result: arm-linux-elf-strip
configure:3829: checking for preprocessor stringizing operator
configure:3850: result: yes
configure:3869: checking for clock
configure:3906: ucfront-gcc arm-linux-elf-gcc  -o conftest -O2 -g -fomit-frame-pointer -fno-common -fno-builtin -Wall -mswp-byte-writes -DCONFIG_NDS_ROM8BIT -mcpu=arm946e-s -mfpu=fpe3 -DEMBED -D__PIC__ -fpic -msingle-pic-base -Dlinux -D__linux__ -Dunix -D__uClinux__  -Wl,-elf2flt -D__PIC__ -fpic -msingle-pic-base -mswp-byte-writes conftest.c  >&5
No relocations in code!
configure:3909: $? = 0
configure:3912: test -s conftest
configure:3915: $? = 0
configure:3925: result: yes
configure:3869: checking for strchr
configure:3906: ucfront-gcc arm-linux-elf-gcc  -o conftest -O2 -g -fomit-frame-pointer -fno-common -fno-builtin -Wall -mswp-byte-writes -DCONFIG_NDS_ROM8BIT -mcpu=arm946e-s -mfpu=fpe3 -DEMBED -D__PIC__ -fpic -msingle-pic-base -Dlinux -D__linux__ -Dunix -D__uClinux__  -Wl,-elf2flt -D__PIC__ -fpic -msingle-pic-base -mswp-byte-writes conftest.c  >&5
No relocations in code!
configure:3909: $? = 0
configure:3912: test -s conftest
configure:3915: $? = 0
configure:3925: result: yes
configure:3869: checking for strrchr
configure:3906: ucfront-gcc arm-linux-elf-gcc  -o conftest -O2 -g -fomit-frame-pointer -fno-common -fno-builtin -Wall -mswp-byte-writes -DCONFIG_NDS_ROM8BIT -mcpu=arm946e-s -mfpu=fpe3 -DEMBED -D__PIC__ -fpic -msingle-pic-base -Dlinux -D__linux__ -Dunix -D__uClinux__  -Wl,-elf2flt -D__PIC__ -fpic -msingle-pic-base -mswp-byte-writes conftest.c  >&5
No relocations in code!
configure:3909: $? = 0
configure:3912: test -s conftest
configure:3915: $? = 0
configure:3925: result: yes
configure:3869: checking for lstat
configure:3906: ucfront-gcc arm-linux-elf-gcc  -o conftest -O2 -g -fomit-frame-pointer -fno-common -fno-builtin -Wall -mswp-byte-writes -DCONFIG_NDS_ROM8BIT -mcpu=arm946e-s -mfpu=fpe3 -DEMBED -D__PIC__ -fpic -msingle-pic-base -Dlinux -D__linux__ -Dunix -D__uClinux__  -Wl,-elf2flt -D__PIC__ -fpic -msingle-pic-base -mswp-byte-writes conftest.c  >&5
No relocations in code!
configure:3909: $? = 0
configure:3912: test -s conftest
configure:3915: $? = 0
configure:3925: result: yes
configure:3936: checking for ssize_t
configure:3957: ucfront-gcc arm-linux-elf-gcc  -c -O2 -g -fomit-frame-pointer -fno-common -fno-builtin -Wall -mswp-byte-writes -DCONFIG_NDS_ROM8BIT -mcpu=arm946e-s -mfpu=fpe3 -DEMBED -D__PIC__ -fpic -msingle-pic-base -Dlinux -D__linux__ -Dunix -D__uClinux__  conftest.c >&5
configure:3960: $? = 0
configure:3963: test -s conftest.o
configure:3966: $? = 0
configure:3976: result: yes
configure:3993: checking for getpagesize
configure:4030: ucfront-gcc arm-linux-elf-gcc  -o conftest -O2 -g -fomit-frame-pointer -fno-common -fno-builtin -Wall -mswp-byte-writes -DCONFIG_NDS_ROM8BIT -mcpu=arm946e-s -mfpu=fpe3 -DEMBED -D__PIC__ -fpic -msingle-pic-base -Dlinux -D__linux__ -Dunix -D__uClinux__  -Wl,-elf2flt -D__PIC__ -fpic -msingle-pic-base -mswp-byte-writes conftest.c  >&5
No relocations in code!
configure:4033: $? = 0
configure:4036: test -s conftest
configure:4039: $? = 0
configure:4049: result: yes
configure:4305: checking for working mmap from /dev/zero
configure:4352: result: yes
configure:4362: checking for working mmap with MAP_ANON(YMOUS)
configure:4404: result: no
configure:4415: checking for working mmap of a file
configure:4490: result: no
configure:4508: checking whether getenv is declared
configure:4533: ucfront-gcc arm-linux-elf-gcc  -c -O2 -g -fomit-frame-pointer -fno-common -fno-builtin -Wall -mswp-byte-writes -DCONFIG_NDS_ROM8BIT -mcpu=arm946e-s -mfpu=fpe3 -DEMBED -D__PIC__ -fpic -msingle-pic-base -Dlinux -D__linux__ -Dunix -D__uClinux__ -I. -I./../include  conftest.c >&5
In file included from configure:4518:
system.h:67:24: error: safe-ctype.h: No such file or directory
configure: In function 'main':
configure:4524: warning: unused variable 'pfn'
configure:4536: $? = 1
configure: failed program was:
#line 4513 "configure"
#include "confdefs.h"
#undef HAVE_DECL_GETENV
#define HAVE_DECL_GETENV 1

#include "ansidecl.h"
#include "system.h"

int
main ()
{
#ifndef getenv
char *(*pfn) = (char *(*)) getenv ;
#endif
  ;
  return 0;
}
configure:4560: result: no
configure:4508: checking whether abort is declared
configure:4533: ucfront-gcc arm-linux-elf-gcc  -c -O2 -g -fomit-frame-pointer -fno-common -fno-builtin -Wall -mswp-byte-writes -DCONFIG_NDS_ROM8BIT -mcpu=arm946e-s -mfpu=fpe3 -DEMBED -D__PIC__ -fpic -msingle-pic-base -Dlinux -D__linux__ -Dunix -D__uClinux__ -I. -I./../include  conftest.c >&5
In file included from configure:4518:
system.h:67:24: error: safe-ctype.h: No such file or directory
configure: In function 'main':
configure:4524: warning: unused variable 'pfn'
configure:4536: $? = 1
configure: failed program was:
#line 4513 "configure"
#include "confdefs.h"
#undef HAVE_DECL_ABORT
#define HAVE_DECL_ABORT 1

#include "ansidecl.h"
#include "system.h"

int
main ()
{
#ifndef abort
char *(*pfn) = (char *(*)) abort ;
#endif
  ;
  return 0;
}
configure:4560: result: no
configure:4508: checking whether errno is declared
configure:4533: ucfront-gcc arm-linux-elf-gcc  -c -O2 -g -fomit-frame-pointer -fno-common -fno-builtin -Wall -mswp-byte-writes -DCONFIG_NDS_ROM8BIT -mcpu=arm946e-s -mfpu=fpe3 -DEMBED -D__PIC__ -fpic -msingle-pic-base -Dlinux -D__linux__ -Dunix -D__uClinux__ -I. -I./../include  conftest.c >&5
In file included from configure:4518:
system.h:67:24: error: safe-ctype.h: No such file or directory
configure:4536: $? = 1
configure: failed program was:
#line 4513 "configure"
#include "confdefs.h"
#undef HAVE_DECL_ERRNO
#define HAVE_DECL_ERRNO 1

#include "ansidecl.h"
#include "system.h"

int
main ()
{
#ifndef errno
char *(*pfn) = (char *(*)) errno ;
#endif
  ;
  return 0;
}
configure:4560: result: no
configure:4508: checking whether malloc is declared
configure:4533: ucfront-gcc arm-linux-elf-gcc  -c -O2 -g -fomit-frame-pointer -fno-common -fno-builtin -Wall -mswp-byte-writes -DCONFIG_NDS_ROM8BIT -mcpu=arm946e-s -mfpu=fpe3 -DEMBED -D__PIC__ -fpic -msingle-pic-base -Dlinux -D__linux__ -Dunix -D__uClinux__ -I. -I./../include  conftest.c >&5
In file included from configure:4518:
system.h:67:24: error: safe-ctype.h: No such file or directory
configure: In function 'main':
configure:4524: warning: unused variable 'pfn'
configure:4536: $? = 1
configure: failed program was:
#line 4513 "configure"
#include "confdefs.h"
#undef HAVE_DECL_MALLOC
#define HAVE_DECL_MALLOC 1

#include "ansidecl.h"
#include "system.h"

int
main ()
{
#ifndef malloc
char *(*pfn) = (char *(*)) malloc ;
#endif
  ;
  return 0;
}
configure:4560: result: no
configure:4508: checking whether realloc is declared
configure:4533: ucfront-gcc arm-linux-elf-gcc  -c -O2 -g -fomit-frame-pointer -fno-common -fno-builtin -Wall -mswp-byte-writes -DCONFIG_NDS_ROM8BIT -mcpu=arm946e-s -mfpu=fpe3 -DEMBED -D__PIC__ -fpic -msingle-pic-base -Dlinux -D__linux__ -Dunix -D__uClinux__ -I. -I./../include  conftest.c >&5
In file included from configure:4518:
system.h:67:24: error: safe-ctype.h: No such file or directory
configure: In function 'main':
configure:4524: warning: unused variable 'pfn'
configure:4536: $? = 1
configure: failed program was:
#line 4513 "configure"
#include "confdefs.h"
#undef HAVE_DECL_REALLOC
#define HAVE_DECL_REALLOC 1

#include "ansidecl.h"
#include "system.h"

int
main ()
{
#ifndef realloc
char *(*pfn) = (char *(*)) realloc ;
#endif
  ;
  return 0;
}
configure:4560: result: no
configure:4508: checking whether calloc is declared
configure:4533: ucfront-gcc arm-linux-elf-gcc  -c -O2 -g -fomit-frame-pointer -fno-common -fno-builtin -Wall -mswp-byte-writes -DCONFIG_NDS_ROM8BIT -mcpu=arm946e-s -mfpu=fpe3 -DEMBED -D__PIC__ -fpic -msingle-pic-base -Dlinux -D__linux__ -Dunix -D__uClinux__ -I. -I./../include  conftest.c >&5
In file included from configure:4518:
system.h:67:24: error: safe-ctype.h: No such file or directory
configure: In function 'main':
configure:4524: warning: unused variable 'pfn'
configure:4536: $? = 1
configure: failed program was:
#line 4513 "configure"
#include "confdefs.h"
#undef HAVE_DECL_CALLOC
#define HAVE_DECL_CALLOC 1

#include "ansidecl.h"
#include "system.h"

int
main ()
{
#ifndef calloc
char *(*pfn) = (char *(*)) calloc ;
#endif
  ;
  return 0;
}
configure:4560: result: no
configure:4508: checking whether free is declared
configure:4533: ucfront-gcc arm-linux-elf-gcc  -c -O2 -g -fomit-frame-pointer -fno-common -fno-builtin -Wall -mswp-byte-writes -DCONFIG_NDS_ROM8BIT -mcpu=arm946e-s -mfpu=fpe3 -DEMBED -D__PIC__ -fpic -msingle-pic-base -Dlinux -D__linux__ -Dunix -D__uClinux__ -I. -I./../include  conftest.c >&5
In file included from configure:4518:
system.h:67:24: error: safe-ctype.h: No such file or directory
configure: In function 'main':
configure:4524: warning: unused variable 'pfn'
configure:4536: $? = 1
configure: failed program was:
#line 4513 "configure"
#include "confdefs.h"
#undef HAVE_DECL_FREE
#define HAVE_DECL_FREE 1

#include "ansidecl.h"
#include "system.h"

int
main ()
{
#ifndef free
char *(*pfn) = (char *(*)) free ;
#endif
  ;
  return 0;
}
configure:4560: result: no
configure:4508: checking whether clock is declared
configure:4533: ucfront-gcc arm-linux-elf-gcc  -c -O2 -g -fomit-frame-pointer -fno-common -fno-builtin -Wall -mswp-byte-writes -DCONFIG_NDS_ROM8BIT -mcpu=arm946e-s -mfpu=fpe3 -DEMBED -D__PIC__ -fpic -msingle-pic-base -Dlinux -D__linux__ -Dunix -D__uClinux__ -I. -I./../include  conftest.c >&5
In file included from configure:4518:
system.h:67:24: error: safe-ctype.h: No such file or directory
configure: In function 'main':
configure:4524: warning: unused variable 'pfn'
configure:4536: $? = 1
configure: failed program was:
#line 4513 "configure"
#include "confdefs.h"
#undef HAVE_DECL_CLOCK
#define HAVE_DECL_CLOCK 1

#include "ansidecl.h"
#include "system.h"

int
main ()
{
#ifndef clock
char *(*pfn) = (char *(*)) clock ;
#endif
  ;
  return 0;
}
configure:4560: result: no
configure:4609: checking if mkdir takes one argument
configure:4637: ucfront-gcc arm-linux-elf-gcc  -c -O2 -g -fomit-frame-pointer -fno-common -fno-builtin -Wall -mswp-byte-writes -DCONFIG_NDS_ROM8BIT -mcpu=arm946e-s -mfpu=fpe3 -DEMBED -D__PIC__ -fpic -msingle-pic-base -Dlinux -D__linux__ -Dunix -D__uClinux__  conftest.c >&5
configure:4640: $? = 0
configure:4643: test -s conftest.o
configure:4646: $? = 0
configure:4656: result: no
configure:4812: checking what assembler to use
configure:4894: result: 
configure:4899: checking what nm to use
configure:4907: result: 
configure:4911: checking whether to enable maintainer-specific portions of Makefiles
configure:4921: result: no
configure:5098: creating ./config.status

## ---------------------- ##
## Running config.status. ##
## ---------------------- ##

This file was extended by config.status, which was
generated by GNU Autoconf 2.54.  Invocation command line was

  CONFIG_FILES    = 
  CONFIG_HEADERS  = 
  CONFIG_LINKS    = 
  CONFIG_COMMANDS = 
  $ ./config.status 

on debian

config.status:680: creating Makefile
config.status:783: creating auto-host.h
config.status:1074: executing default commands

## ---------------- ##
## Cache variables. ##
## ---------------- ##

ac_cv_c_charset=ASCII
ac_cv_c_compile_endian=little-endian
ac_cv_c_compiler_gnu=yes
ac_cv_c_inline=inline
ac_cv_c_stringize=yes
ac_cv_env_CC_set=set
ac_cv_env_CC_value='ucfront-gcc arm-linux-elf-gcc '
ac_cv_env_CFLAGS_set=set
ac_cv_env_CFLAGS_value='-O2 -g -fomit-frame-pointer -fno-common -fno-builtin -Wall -mswp-byte-writes -DCONFIG_NDS_ROM8BIT -mcpu=arm946e-s -mfpu=fpe3 -DEMBED -D__PIC__ -fpic -msingle-pic-base -Dlinux -D__linux__ -Dunix -D__uClinux__'
ac_cv_env_CPPFLAGS_set=
ac_cv_env_CPPFLAGS_value=
ac_cv_env_CPP_set=
ac_cv_env_CPP_value=
ac_cv_env_LDFLAGS_set=set
ac_cv_env_LDFLAGS_value='-Wl,-elf2flt -D__PIC__ -fpic -msingle-pic-base -mswp-byte-writes'
ac_cv_env_build_alias_set=
ac_cv_env_build_alias_value=
ac_cv_env_host_alias_set=set
ac_cv_env_host_alias_value=arm-linux
ac_cv_env_target_alias_set=
ac_cv_env_target_alias_value=
ac_cv_exeext=
ac_cv_func_clock=yes
ac_cv_func_getpagesize=yes
ac_cv_func_lstat=yes
ac_cv_func_mmap_anon=no
ac_cv_func_mmap_dev_zero=yes
ac_cv_func_mmap_file=no
ac_cv_func_strchr=yes
ac_cv_func_strrchr=yes
ac_cv_header_direct_h=no
ac_cv_header_fcntl_h=yes
ac_cv_header_inttypes_h=yes
ac_cv_header_limits_h=yes
ac_cv_header_malloc_h=yes
ac_cv_header_memory_h=yes
ac_cv_header_stdc=yes
ac_cv_header_stddef_h=yes
ac_cv_header_stdint_h=yes
ac_cv_header_stdlib_h=yes
ac_cv_header_string_h=yes
ac_cv_header_strings_h=yes
ac_cv_header_sys_file_h=yes
ac_cv_header_sys_param_h=yes
ac_cv_header_sys_stat_h=yes
ac_cv_header_sys_time_h=yes
ac_cv_header_sys_types_h=yes
ac_cv_header_sys_wait_h=yes
ac_cv_header_time=yes
ac_cv_header_time_h=yes
ac_cv_header_unistd_h=yes
ac_cv_objext=o
ac_cv_path_install='/usr/bin/install -c'
ac_cv_prog_CC='ucfront-gcc arm-linux-elf-gcc '
ac_cv_prog_CPP='ucfront-gcc arm-linux-elf-gcc  -E'
ac_cv_prog_RANLIB=arm-linux-elf-ranlib
ac_cv_prog_STRIP=arm-linux-elf-strip
ac_cv_prog_cc_g=yes
ac_cv_prog_cc_stdc=
ac_cv_prog_cc_ucfront_gcc_c_o=yes
ac_cv_prog_egrep='grep -E'
ac_cv_prog_have_mktemp_command=yes
ac_cv_prog_make_make_set=yes
ac_cv_sizeof_int=4
ac_cv_sizeof_long=4
ac_cv_sizeof_short=2
ac_cv_type_ssize_t=yes
gcc_cv_as=
gcc_cv_as_gas_srcdir=./gas
gcc_cv_decl_char_bit=yes
gcc_cv_gas_major_version=
gcc_cv_gas_minor_version=
gcc_cv_have_decl_abort=no
gcc_cv_have_decl_calloc=no
gcc_cv_have_decl_clock=no
gcc_cv_have_decl_errno=no
gcc_cv_have_decl_free=no
gcc_cv_have_decl_getenv=no
gcc_cv_have_decl_malloc=no
gcc_cv_have_decl_realloc=no
gcc_cv_header_string=yes
gcc_cv_mkdir_takes_one_arg=no
gcc_cv_prog_LN=ln
gcc_cv_prog_LN_S='ln -s'

## ----------------- ##
## Output variables. ##
## ----------------- ##

CC='ucfront-gcc arm-linux-elf-gcc '
CFLAGS='-O2 -g -fomit-frame-pointer -fno-common -fno-builtin -Wall -mswp-byte-writes -DCONFIG_NDS_ROM8BIT -mcpu=arm946e-s -mfpu=fpe3 -DEMBED -D__PIC__ -fpic -msingle-pic-base -Dlinux -D__linux__ -Dunix -D__uClinux__'
CPP='ucfront-gcc arm-linux-elf-gcc  -E'
CPPFLAGS=''
DEFS='-DHAVE_CONFIG_H'
ECHO_C=''
ECHO_N='-n'
ECHO_T=''
EGREP='grep -E'
EXEEXT=''
INSTALL='/usr/bin/install -c'
INSTALL_DATA='${INSTALL} -m 644'
INSTALL_PROGRAM='${INSTALL}'
LDFLAGS='-Wl,-elf2flt -D__PIC__ -fpic -msingle-pic-base -mswp-byte-writes'
LIBOBJS=''
LIBS=''
LN='ln'
LN_S='ln -s'
LTLIBOBJS=''
MAINT='#'
NO_MINUS_C_MINUS_O=''
OBJEXT='o'
OUTPUT_OPTION='-o $@'
PACKAGE='sdcc'
PACKAGE_BUGREPORT=''
PACKAGE_NAME=''
PACKAGE_STRING=''
PACKAGE_TARNAME=''
PACKAGE_VERSION=''
PATH_SEPARATOR=':'
RANLIB='arm-linux-elf-ranlib'
SET_MAKE=''
SHELL='/bin/bash'
STRIP='arm-linux-elf-strip'
VERSION='3.1'
ac_ct_CC=''
ac_ct_RANLIB=''
all_stagestuff=''
bindir='${exec_prefix}/bin'
build_alias=''
build_canonical=''
build_exeext=''
build_install_headers_dir='install-headers-tar'
build_xm_defines=''
build_xm_file='auto-build.h ansidecl.h  /.h defaults.h'
build_xm_file_list=''
c_target_objs=''
check_languages=''
datadir='${prefix}/share'
dep_host_xmake_file=''
dep_tmake_file=''
exec_prefix='${prefix}'
extra_c_flags=''
extra_headers_list=''
extra_objs=' '
extra_parts=''
extra_passes=''
extra_programs=''
gcc_config_arguments=''
gcc_version='3.1'
gcc_version_full='3.1 20010625 (experimental) + SDCC'
gcc_version_trigger='./version.c'
have_mktemp_command='yes'
host_alias='arm-linux'
host_canonical='arm-linux'
host_exeext=''
host_extra_gcc_objs=''
includedir='${prefix}/include'
infodir='${prefix}/info'
install=''
lang_tree_files=''
libdir='${exec_prefix}/lib'
libexecdir='${exec_prefix}/libexec'
local_prefix='/usr/local'
localstatedir='${prefix}/var'
mandir='${prefix}/man'
manext='.1'
md_file='/.md'
objdir='/portstmp/sdcc-2.4.0/support/cpp2'
objext='.o'
oldincludedir='/usr/include'
out_file='/.c'
out_object_file='.c.o'
prefix='/usr'
program_transform_name='s,x,x,'
sbindir='${exec_prefix}/sbin'
sharedstatedir='${prefix}/com'
symbolic_link='ln -s'
sysconfdir='${prefix}/etc'
target_alias=''
target_subdir='/'
thread_file=''
warn_cflags='$(GCC_WARN_CFLAGS)'

## ----------- ##
## confdefs.h. ##
## ----------- ##

#define HAVE_CLOCK 1
#define HAVE_DECL_ABORT 0
#define HAVE_DECL_CALLOC 0
#define HAVE_DECL_CLOCK 0
#define HAVE_DECL_ERRNO 0
#define HAVE_DECL_FREE 0
#define HAVE_DECL_GETENV 0
#define HAVE_DECL_MALLOC 0
#define HAVE_DECL_REALLOC 0
#define HAVE_FCNTL_H 1
#define HAVE_GETPAGESIZE 1
#define HAVE_INTTYPES_H 1
#define HAVE_LIMITS_H 1
#define HAVE_LSTAT 1
#define HAVE_MALLOC_H 1
#define HAVE_MEMORY_H 1
#define HAVE_MMAP_DEV_ZERO 1
#define HAVE_STDDEF_H 1
#define HAVE_STDINT_H 1
#define HAVE_STDLIB_H 1
#define HAVE_STDLIB_H 1
#define HAVE_STRCHR 1
#define HAVE_STRINGIZE 1
#define HAVE_STRINGS_H 1
#define HAVE_STRINGS_H 1
#define HAVE_STRING_H 1
#define HAVE_STRING_H 1
#define HAVE_STRRCHR 1
#define HAVE_SYS_FILE_H 1
#define HAVE_SYS_PARAM_H 1
#define HAVE_SYS_STAT_H 1
#define HAVE_SYS_STAT_H 1
#define HAVE_SYS_TIME_H 1
#define HAVE_SYS_TYPES_H 1
#define HAVE_SYS_WAIT_H 1
#define HAVE_TIME_H 1
#define HAVE_UNISTD_H 1
#define HAVE_UNISTD_H 1
#define PACKAGE "sdcc"
#define PACKAGE_BUGREPORT ""
#define PACKAGE_NAME ""
#define PACKAGE_STRING ""
#define PACKAGE_TARNAME ""
#define PACKAGE_VERSION ""
#define SIZEOF_INT 4
#define SIZEOF_LONG 4
#define SIZEOF_SHORT 2
#define STDC_HEADERS 1
#define STRING_WITH_STRINGS 1
#define TIME_WITH_SYS_TIME 1
#define VERSION "3.1"

configure: exit 0
